[ 2016-12-11T10:47:44+08:00 ] 127.0.0.1 127.0.0.1 GET /
[ log ] 127.0.0.1/ [运行时间：0.969056s][吞吐率：1.03req/s] [内存消耗：1,273.40kb] [文件加载：33]
[ info ] [ LANG ] U:\phpStudy_A\WWW\thinkphp\lang\zh-cn.php
[ info ] [ ROUTE ] array (
  'type' => 'module',
  'module' => 
  array (
    0 => '',
    1 => NULL,
    2 => NULL,
  ),
)
[ info ] [ HEADER ] array (
  'host' => '127.0.0.1',
  'user-agent' => 'Mozilla/5.0 (Windows NT 6.1; WOW64; rv:52.0) Gecko/20100101 Firefox/52.0',
  'accept' => 'text/html,application/xhtml+xml,application/xml;q=0.9,*/*;q=0.8',
  'accept-language' => 'zh-CN,zh;q=0.8,en-US;q=0.5,en;q=0.3',
  'accept-encoding' => 'gzip, deflate',
  'connection' => 'keep-alive',
  'upgrade-insecure-requests' => '1',
)
[ info ] [ PARAM ] array (
)
[ info ] [ SESSION ] INIT array (
  'id' => '',
  'var_session_id' => '',
  'prefix' => 'think',
  'type' => '',
  'auto_start' => true,
)
[ info ] [ RUN ] app\index\controller\Index->index[ U:\phpStudy_A\WWW\search\index\controller\Index.php ]
[ info ] [ VIEW ] U:\phpStudy_A\WWW/search/index\view\index\index.html [ array (
  0 => 'username',
  1 => 'userid',
) ]
[ info ] [ LOG ] INIT File

---------------------------------------------------------------
[ 2016-12-11T10:47:45+08:00 ] 127.0.0.1 127.0.0.1 GET /favicon.ico
[ log ] 127.0.0.1/favicon.ico [运行时间：0.260015s][吞吐率：3.85req/s] [内存消耗：963.55kb] [文件加载：27]
[ info ] [ LANG ] U:\phpStudy_A\WWW\thinkphp\lang\zh-cn.php
[ info ] [ ROUTE ] array (
  'type' => 'module',
  'module' => 
  array (
    0 => 'favicon.ico',
    1 => NULL,
    2 => NULL,
  ),
)
[ info ] [ HEADER ] array (
  'host' => '127.0.0.1',
  'user-agent' => 'Mozilla/5.0 (Windows NT 6.1; WOW64; rv:52.0) Gecko/20100101 Firefox/52.0',
  'accept' => 'text/html,application/xhtml+xml,application/xml;q=0.9,*/*;q=0.8',
  'accept-language' => 'zh-CN,zh;q=0.8,en-US;q=0.5,en;q=0.3',
  'accept-encoding' => 'gzip, deflate',
  'cookie' => 'PHPSESSID=39hqetbv9cu1584ek2qmu1qov0',
  'connection' => 'keep-alive',
)
[ info ] [ PARAM ] array (
)
[ info ] [ LOG ] INIT File

---------------------------------------------------------------
[ 2016-12-11T10:47:46+08:00 ] 127.0.0.1 127.0.0.1 GET /index/index/counts.html
[ log ] 127.0.0.1/index/index/counts.html [运行时间：1.326076s][吞吐率：0.75req/s] [内存消耗：2,556.48kb] [文件加载：42]
[ info ] [ LANG ] U:\phpStudy_A\WWW\thinkphp\lang\zh-cn.php
[ info ] [ ROUTE ] array (
  'type' => 'module',
  'module' => 
  array (
    0 => 'index',
    1 => 'index',
    2 => 'counts',
  ),
)
[ info ] [ HEADER ] array (
  'host' => '127.0.0.1',
  'user-agent' => 'Mozilla/5.0 (Windows NT 6.1; WOW64; rv:52.0) Gecko/20100101 Firefox/52.0',
  'accept' => '*/*',
  'accept-language' => 'zh-CN,zh;q=0.8,en-US;q=0.5,en;q=0.3',
  'accept-encoding' => 'gzip, deflate',
  'referer' => 'http://127.0.0.1/',
  'x-requested-with' => 'XMLHttpRequest',
  'cookie' => 'PHPSESSID=39hqetbv9cu1584ek2qmu1qov0',
  'connection' => 'keep-alive',
)
[ info ] [ PARAM ] array (
)
[ info ] [ SESSION ] INIT array (
  'id' => '',
  'var_session_id' => '',
  'prefix' => 'think',
  'type' => '',
  'auto_start' => true,
)
[ info ] [ RUN ] app\index\controller\Index->counts[ U:\phpStudy_A\WWW\search\index\controller\Index.php ]
[ info ] [ CACHE ] INIT File
[ info ] [ DB ] INIT mysql
[ info ] [ DB ] INIT mysql
[ info ] [ DB ] INIT mysql
[ info ] [ DB ] INIT mysql
[ info ] [ DB ] INIT mysql
[ info ] [ DB ] INIT mysql
[ info ] [ DB ] INIT mysql
[ info ] [ DB ] INIT mysql
[ info ] [ DB ] INIT mysql
[ info ] [ DB ] INIT mysql
[ info ] [ DB ] INIT mysql
[ info ] [ DB ] INIT mysql
[ info ] [ DB ] INIT mysql
[ info ] [ DB ] INIT mysql
[ info ] [ DB ] INIT mysql
[ info ] [ DB ] INIT mysql
[ info ] [ DB ] INIT mysql
[ info ] [ DB ] INIT mysql
[ info ] [ DB ] INIT mysql
[ info ] [ DB ] INIT mysql
[ info ] [ DB ] INIT mysql
[ info ] [ DB ] INIT mysql
[ info ] [ LOG ] INIT File
[ sql ] [ DB ] CONNECT:[ UseTime:0.046003s ] mysql:dbname=eisc_data;host=127.0.0.1;charset=utf8
[ sql ] [ SQL ] SHOW COLUMNS FROM `s_class` [ RunTime:0.136008s ]
[ sql ] [ SQL ] SELECT `tname` FROM `s_class` [ RunTime:0.002000s ]
[ sql ] [ DB ] CONNECT:[ UseTime:0.001000s ] mysql:dbname=eisc_data;host=127.0.0.1;charset=utf8
[ sql ] [ SQL ] SHOW COLUMNS FROM `s_data_1012` [ RunTime:0.049003s ]
[ sql ] [ SQL ] SELECT COUNT(*) AS tp_count FROM `s_data_1012` LIMIT 1 [ RunTime:0.005001s ]
[ sql ] [ DB ] CONNECT:[ UseTime:0.002000s ] mysql:dbname=eisc_data;host=127.0.0.1;charset=utf8
[ sql ] [ SQL ] SHOW COLUMNS FROM `s_data_1013` [ RunTime:0.026001s ]
[ sql ] [ SQL ] SELECT COUNT(*) AS tp_count FROM `s_data_1013` LIMIT 1 [ RunTime:0.000000s ]
[ sql ] [ DB ] CONNECT:[ UseTime:0.001000s ] mysql:dbname=eisc_data;host=127.0.0.1;charset=utf8
[ sql ] [ SQL ] SHOW COLUMNS FROM `s_data_1014` [ RunTime:0.020001s ]
[ sql ] [ SQL ] SELECT COUNT(*) AS tp_count FROM `s_data_1014` LIMIT 1 [ RunTime:0.000000s ]
[ sql ] [ DB ] CONNECT:[ UseTime:0.001001s ] mysql:dbname=eisc_data;host=127.0.0.1;charset=utf8
[ sql ] [ SQL ] SHOW COLUMNS FROM `s_data_1015` [ RunTime:0.020001s ]
[ sql ] [ SQL ] SELECT COUNT(*) AS tp_count FROM `s_data_1015` LIMIT 1 [ RunTime:0.001000s ]
[ sql ] [ DB ] CONNECT:[ UseTime:0.002000s ] mysql:dbname=eisc_data;host=127.0.0.1;charset=utf8
[ sql ] [ SQL ] SHOW COLUMNS FROM `s_data_1016` [ RunTime:0.016001s ]
[ sql ] [ SQL ] SELECT COUNT(*) AS tp_count FROM `s_data_1016` LIMIT 1 [ RunTime:0.000000s ]
[ sql ] [ DB ] CONNECT:[ UseTime:0.001000s ] mysql:dbname=eisc_data;host=127.0.0.1;charset=utf8
[ sql ] [ SQL ] SHOW COLUMNS FROM `s_data_1001` [ RunTime:0.047003s ]
[ sql ] [ SQL ] SELECT COUNT(*) AS tp_count FROM `s_data_1001` LIMIT 1 [ RunTime:0.000000s ]
[ sql ] [ DB ] CONNECT:[ UseTime:0.000000s ] mysql:dbname=eisc_data;host=127.0.0.1;charset=utf8
[ sql ] [ SQL ] SHOW COLUMNS FROM `s_data_1002` [ RunTime:0.025001s ]
[ sql ] [ SQL ] SELECT COUNT(*) AS tp_count FROM `s_data_1002` LIMIT 1 [ RunTime:0.001000s ]
[ sql ] [ DB ] CONNECT:[ UseTime:0.002000s ] mysql:dbname=eisc_data;host=127.0.0.1;charset=utf8
[ sql ] [ SQL ] SHOW COLUMNS FROM `s_data_1003` [ RunTime:0.024002s ]
[ sql ] [ SQL ] SELECT COUNT(*) AS tp_count FROM `s_data_1003` LIMIT 1 [ RunTime:0.000000s ]
[ sql ] [ DB ] CONNECT:[ UseTime:0.010001s ] mysql:dbname=eisc_data;host=127.0.0.1;charset=utf8
[ sql ] [ SQL ] SHOW COLUMNS FROM `s_data_1004` [ RunTime:0.036002s ]
[ sql ] [ SQL ] SELECT COUNT(*) AS tp_count FROM `s_data_1004` LIMIT 1 [ RunTime:0.000000s ]
[ sql ] [ DB ] CONNECT:[ UseTime:0.001000s ] mysql:dbname=eisc_data;host=127.0.0.1;charset=utf8
[ sql ] [ SQL ] SHOW COLUMNS FROM `s_data_1005` [ RunTime:0.028001s ]
[ sql ] [ SQL ] SELECT COUNT(*) AS tp_count FROM `s_data_1005` LIMIT 1 [ RunTime:0.000000s ]
[ sql ] [ DB ] CONNECT:[ UseTime:0.001000s ] mysql:dbname=eisc_data;host=127.0.0.1;charset=utf8
[ sql ] [ SQL ] SHOW COLUMNS FROM `s_data_1006` [ RunTime:0.022002s ]
[ sql ] [ SQL ] SELECT COUNT(*) AS tp_count FROM `s_data_1006` LIMIT 1 [ RunTime:0.001000s ]
[ sql ] [ DB ] CONNECT:[ UseTime:0.001000s ] mysql:dbname=eisc_data;host=127.0.0.1;charset=utf8
[ sql ] [ SQL ] SHOW COLUMNS FROM `s_data_1007` [ RunTime:0.046002s ]
[ sql ] [ SQL ] SELECT COUNT(*) AS tp_count FROM `s_data_1007` LIMIT 1 [ RunTime:0.000000s ]
[ sql ] [ DB ] CONNECT:[ UseTime:0.000000s ] mysql:dbname=eisc_data;host=127.0.0.1;charset=utf8
[ sql ] [ SQL ] SHOW COLUMNS FROM `s_data_1008` [ RunTime:0.022001s ]
[ sql ] [ SQL ] SELECT COUNT(*) AS tp_count FROM `s_data_1008` LIMIT 1 [ RunTime:0.000000s ]
[ sql ] [ DB ] CONNECT:[ UseTime:0.002000s ] mysql:dbname=eisc_data;host=127.0.0.1;charset=utf8
[ sql ] [ SQL ] SHOW COLUMNS FROM `s_data_1009` [ RunTime:0.008000s ]
[ sql ] [ SQL ] SELECT COUNT(*) AS tp_count FROM `s_data_1009` LIMIT 1 [ RunTime:0.001001s ]
[ sql ] [ DB ] CONNECT:[ UseTime:0.001000s ] mysql:dbname=eisc_data;host=127.0.0.1;charset=utf8
[ sql ] [ SQL ] SHOW COLUMNS FROM `s_data_1010` [ RunTime:0.050002s ]
[ sql ] [ SQL ] SELECT COUNT(*) AS tp_count FROM `s_data_1010` LIMIT 1 [ RunTime:0.000000s ]
[ sql ] [ DB ] CONNECT:[ UseTime:0.003000s ] mysql:dbname=eisc_data;host=127.0.0.1;charset=utf8
[ sql ] [ SQL ] SHOW COLUMNS FROM `s_data_1011` [ RunTime:0.008000s ]
[ sql ] [ SQL ] SELECT COUNT(*) AS tp_count FROM `s_data_1011` LIMIT 1 [ RunTime:0.000000s ]
[ sql ] [ DB ] CONNECT:[ UseTime:0.003000s ] mysql:dbname=eisc_data;host=127.0.0.1;charset=utf8
[ sql ] [ SQL ] SHOW COLUMNS FROM `s_data_1017` [ RunTime:0.056004s ]
[ sql ] [ SQL ] SELECT COUNT(*) AS tp_count FROM `s_data_1017` LIMIT 1 [ RunTime:0.000000s ]
[ sql ] [ DB ] CONNECT:[ UseTime:0.001000s ] mysql:dbname=eisc_data;host=127.0.0.1;charset=utf8
[ sql ] [ SQL ] SHOW COLUMNS FROM `s_data_1018` [ RunTime:0.032002s ]
[ sql ] [ SQL ] SELECT COUNT(*) AS tp_count FROM `s_data_1018` LIMIT 1 [ RunTime:0.001000s ]
[ sql ] [ DB ] CONNECT:[ UseTime:0.012000s ] mysql:dbname=eisc_data;host=127.0.0.1;charset=utf8
[ sql ] [ SQL ] SHOW COLUMNS FROM `s_data_1019` [ RunTime:0.064004s ]
[ sql ] [ SQL ] SELECT COUNT(*) AS tp_count FROM `s_data_1019` LIMIT 1 [ RunTime:0.000000s ]
[ sql ] [ DB ] CONNECT:[ UseTime:0.002000s ] mysql:dbname=eisc_data;host=127.0.0.1;charset=utf8
[ sql ] [ SQL ] SHOW COLUMNS FROM `s_data_1020` [ RunTime:0.008001s ]
[ sql ] [ SQL ] SELECT COUNT(*) AS tp_count FROM `s_data_1020` LIMIT 1 [ RunTime:0.000000s ]
[ sql ] [ DB ] CONNECT:[ UseTime:0.001000s ] mysql:dbname=eisc_data;host=127.0.0.1;charset=utf8
[ sql ] [ SQL ] SHOW COLUMNS FROM `s_data_1021` [ RunTime:0.064004s ]
[ sql ] [ SQL ] SELECT COUNT(*) AS tp_count FROM `s_data_1021` LIMIT 1 [ RunTime:0.000000s ]

---------------------------------------------------------------
[ 2016-12-11T10:47:48+08:00 ] 127.0.0.1 127.0.0.1 GET /index/index/statis.html
[ log ] 127.0.0.1/index/index/statis.html [运行时间：0.083005s][吞吐率：12.05req/s] [内存消耗：1,273.67kb] [文件加载：33]
[ info ] [ LANG ] U:\phpStudy_A\WWW\thinkphp\lang\zh-cn.php
[ info ] [ ROUTE ] array (
  'type' => 'module',
  'module' => 
  array (
    0 => 'index',
    1 => 'index',
    2 => 'statis',
  ),
)
[ info ] [ HEADER ] array (
  'host' => '127.0.0.1',
  'user-agent' => 'Mozilla/5.0 (Windows NT 6.1; WOW64; rv:52.0) Gecko/20100101 Firefox/52.0',
  'accept' => 'text/html,application/xhtml+xml,application/xml;q=0.9,*/*;q=0.8',
  'accept-language' => 'zh-CN,zh;q=0.8,en-US;q=0.5,en;q=0.3',
  'accept-encoding' => 'gzip, deflate',
  'referer' => 'http://127.0.0.1/',
  'cookie' => 'PHPSESSID=39hqetbv9cu1584ek2qmu1qov0',
  'connection' => 'keep-alive',
  'upgrade-insecure-requests' => '1',
)
[ info ] [ PARAM ] array (
)
[ info ] [ SESSION ] INIT array (
  'id' => '',
  'var_session_id' => '',
  'prefix' => 'think',
  'type' => '',
  'auto_start' => true,
)
[ info ] [ RUN ] app\index\controller\Index->statis[ U:\phpStudy_A\WWW\search\index\controller\Index.php ]
[ info ] [ VIEW ] U:\phpStudy_A\WWW/search/index\view\index\statis.html [ array (
  0 => 'username',
  1 => 'userid',
) ]
[ info ] [ LOG ] INIT File

---------------------------------------------------------------
[ 2016-12-11T10:47:50+08:00 ] 127.0.0.1 127.0.0.1 GET /index/cluster/aaa.html
[ log ] 127.0.0.1/index/cluster/aaa.html [运行时间：1.750100s][吞吐率：0.57req/s] [内存消耗：1,179.10kb] [文件加载：27]
[ info ] [ LANG ] U:\phpStudy_A\WWW\thinkphp\lang\zh-cn.php
[ info ] [ ROUTE ] array (
  'type' => 'module',
  'module' => 
  array (
    0 => 'index',
    1 => 'cluster',
    2 => 'aaa',
  ),
)
[ info ] [ HEADER ] array (
  'host' => '127.0.0.1',
  'user-agent' => 'Mozilla/5.0 (Windows NT 6.1; WOW64; rv:52.0) Gecko/20100101 Firefox/52.0',
  'accept' => '*/*',
  'accept-language' => 'zh-CN,zh;q=0.8,en-US;q=0.5,en;q=0.3',
  'accept-encoding' => 'gzip, deflate',
  'referer' => 'http://127.0.0.1/index/index/statis.html',
  'x-requested-with' => 'XMLHttpRequest',
  'cookie' => 'PHPSESSID=39hqetbv9cu1584ek2qmu1qov0',
  'connection' => 'keep-alive',
)
[ info ] [ PARAM ] array (
)
[ info ] [ RUN ] app\index\controller\Cluster->aaa[ U:\phpStudy_A\WWW\search\index\controller\Cluster.php ]
[ info ] [ LOG ] INIT File

---------------------------------------------------------------
[ 2016-12-11T10:47:53+08:00 ] 127.0.0.1 127.0.0.1 POST /index/cluster/bbb.html
[ log ] 127.0.0.1/index/cluster/bbb.html [运行时间：1.221070s][吞吐率：0.82req/s] [内存消耗：1,810.24kb] [文件加载：34]
[ info ] [ LANG ] U:\phpStudy_A\WWW\thinkphp\lang\zh-cn.php
[ info ] [ ROUTE ] array (
  'type' => 'module',
  'module' => 
  array (
    0 => 'index',
    1 => 'cluster',
    2 => 'bbb',
  ),
)
[ info ] [ HEADER ] array (
  'host' => '127.0.0.1',
  'user-agent' => 'Mozilla/5.0 (Windows NT 6.1; WOW64; rv:52.0) Gecko/20100101 Firefox/52.0',
  'accept' => '*/*',
  'accept-language' => 'zh-CN,zh;q=0.8,en-US;q=0.5,en;q=0.3',
  'accept-encoding' => 'gzip, deflate',
  'referer' => 'http://127.0.0.1/index/index/statis.html',
  'content-type' => 'application/x-www-form-urlencoded; charset=UTF-8',
  'x-requested-with' => 'XMLHttpRequest',
  'content-length' => '10',
  'cookie' => 'PHPSESSID=39hqetbv9cu1584ek2qmu1qov0',
  'connection' => 'keep-alive',
)
[ info ] [ PARAM ] array (
  'years' => '2016',
)
[ info ] [ RUN ] app\index\controller\Cluster->bbb[ U:\phpStudy_A\WWW\search\index\controller\Cluster.php ]
[ info ] [ DB ] INIT mysql
[ info ] [ LOG ] INIT File
[ sql ] [ DB ] CONNECT:[ UseTime:0.019001s ] mysql:dbname=eisc_data;host=127.0.0.1;charset=utf8
[ sql ] [ SQL ] SHOW COLUMNS FROM `s_class` [ RunTime:0.005000s ]
[ sql ] [ SQL ] SELECT `name` FROM `s_class` ORDER BY cid [ RunTime:0.056004s ]

---------------------------------------------------------------
[ 2016-12-11T10:47:54+08:00 ] 127.0.0.1 127.0.0.1 GET /index/cluster/ylist.html
[ log ] 127.0.0.1/index/cluster/ylist.html [运行时间：1.796102s][吞吐率：0.56req/s] [内存消耗：1,179.11kb] [文件加载：27]
[ info ] [ LANG ] U:\phpStudy_A\WWW\thinkphp\lang\zh-cn.php
[ info ] [ ROUTE ] array (
  'type' => 'module',
  'module' => 
  array (
    0 => 'index',
    1 => 'cluster',
    2 => 'ylist',
  ),
)
[ info ] [ HEADER ] array (
  'host' => '127.0.0.1',
  'user-agent' => 'Mozilla/5.0 (Windows NT 6.1; WOW64; rv:52.0) Gecko/20100101 Firefox/52.0',
  'accept' => '*/*',
  'accept-language' => 'zh-CN,zh;q=0.8,en-US;q=0.5,en;q=0.3',
  'accept-encoding' => 'gzip, deflate',
  'referer' => 'http://127.0.0.1/index/index/statis.html',
  'x-requested-with' => 'XMLHttpRequest',
  'cookie' => 'PHPSESSID=39hqetbv9cu1584ek2qmu1qov0',
  'connection' => 'keep-alive',
)
[ info ] [ PARAM ] array (
)
[ info ] [ RUN ] app\index\controller\Cluster->ylist[ U:\phpStudy_A\WWW\search\index\controller\Cluster.php ]
[ info ] [ LOG ] INIT File

---------------------------------------------------------------
[ 2016-12-11T10:47:55+08:00 ] 127.0.0.1 127.0.0.1 POST /index/cluster/bbb.html
[ log ] 127.0.0.1/index/cluster/bbb.html [运行时间：1.042060s][吞吐率：0.96req/s] [内存消耗：1,810.18kb] [文件加载：34]
[ info ] [ LANG ] U:\phpStudy_A\WWW\thinkphp\lang\zh-cn.php
[ info ] [ ROUTE ] array (
  'type' => 'module',
  'module' => 
  array (
    0 => 'index',
    1 => 'cluster',
    2 => 'bbb',
  ),
)
[ info ] [ HEADER ] array (
  'host' => '127.0.0.1',
  'user-agent' => 'Mozilla/5.0 (Windows NT 6.1; WOW64; rv:52.0) Gecko/20100101 Firefox/52.0',
  'accept' => '*/*',
  'accept-language' => 'zh-CN,zh;q=0.8,en-US;q=0.5,en;q=0.3',
  'accept-encoding' => 'gzip, deflate',
  'referer' => 'http://127.0.0.1/index/index/statis.html',
  'content-type' => 'application/x-www-form-urlencoded; charset=UTF-8',
  'x-requested-with' => 'XMLHttpRequest',
  'content-length' => '10',
  'cookie' => 'PHPSESSID=39hqetbv9cu1584ek2qmu1qov0',
  'connection' => 'keep-alive',
)
[ info ] [ PARAM ] array (
  'years' => '2041',
)
[ info ] [ RUN ] app\index\controller\Cluster->bbb[ U:\phpStudy_A\WWW\search\index\controller\Cluster.php ]
[ info ] [ DB ] INIT mysql
[ info ] [ LOG ] INIT File
[ sql ] [ DB ] CONNECT:[ UseTime:0.001000s ] mysql:dbname=eisc_data;host=127.0.0.1;charset=utf8
[ sql ] [ SQL ] SHOW COLUMNS FROM `s_class` [ RunTime:0.003000s ]
[ sql ] [ SQL ] SELECT `name` FROM `s_class` ORDER BY cid [ RunTime:0.000000s ]

---------------------------------------------------------------
[ 2016-12-11T10:47:57+08:00 ] 127.0.0.1 127.0.0.1 POST /index/cluster/bbb.html
[ log ] 127.0.0.1/index/cluster/bbb.html [运行时间：1.058061s][吞吐率：0.95req/s] [内存消耗：1,810.18kb] [文件加载：34]
[ info ] [ LANG ] U:\phpStudy_A\WWW\thinkphp\lang\zh-cn.php
[ info ] [ ROUTE ] array (
  'type' => 'module',
  'module' => 
  array (
    0 => 'index',
    1 => 'cluster',
    2 => 'bbb',
  ),
)
[ info ] [ HEADER ] array (
  'host' => '127.0.0.1',
  'user-agent' => 'Mozilla/5.0 (Windows NT 6.1; WOW64; rv:52.0) Gecko/20100101 Firefox/52.0',
  'accept' => '*/*',
  'accept-language' => 'zh-CN,zh;q=0.8,en-US;q=0.5,en;q=0.3',
  'accept-encoding' => 'gzip, deflate',
  'referer' => 'http://127.0.0.1/index/index/statis.html',
  'content-type' => 'application/x-www-form-urlencoded; charset=UTF-8',
  'x-requested-with' => 'XMLHttpRequest',
  'content-length' => '10',
  'cookie' => 'PHPSESSID=39hqetbv9cu1584ek2qmu1qov0',
  'connection' => 'keep-alive',
)
[ info ] [ PARAM ] array (
  'years' => '2040',
)
[ info ] [ RUN ] app\index\controller\Cluster->bbb[ U:\phpStudy_A\WWW\search\index\controller\Cluster.php ]
[ info ] [ DB ] INIT mysql
[ info ] [ LOG ] INIT File
[ sql ] [ DB ] CONNECT:[ UseTime:0.010000s ] mysql:dbname=eisc_data;host=127.0.0.1;charset=utf8
[ sql ] [ SQL ] SHOW COLUMNS FROM `s_class` [ RunTime:0.004000s ]
[ sql ] [ SQL ] SELECT `name` FROM `s_class` ORDER BY cid [ RunTime:0.000000s ]

---------------------------------------------------------------
[ 2016-12-11T10:47:59+08:00 ] 127.0.0.1 127.0.0.1 POST /index/cluster/bbb.html
[ log ] 127.0.0.1/index/cluster/bbb.html [运行时间：1.071062s][吞吐率：0.93req/s] [内存消耗：1,810.18kb] [文件加载：34]
[ info ] [ LANG ] U:\phpStudy_A\WWW\thinkphp\lang\zh-cn.php
[ info ] [ ROUTE ] array (
  'type' => 'module',
  'module' => 
  array (
    0 => 'index',
    1 => 'cluster',
    2 => 'bbb',
  ),
)
[ info ] [ HEADER ] array (
  'host' => '127.0.0.1',
  'user-agent' => 'Mozilla/5.0 (Windows NT 6.1; WOW64; rv:52.0) Gecko/20100101 Firefox/52.0',
  'accept' => '*/*',
  'accept-language' => 'zh-CN,zh;q=0.8,en-US;q=0.5,en;q=0.3',
  'accept-encoding' => 'gzip, deflate',
  'referer' => 'http://127.0.0.1/index/index/statis.html',
  'content-type' => 'application/x-www-form-urlencoded; charset=UTF-8',
  'x-requested-with' => 'XMLHttpRequest',
  'content-length' => '10',
  'cookie' => 'PHPSESSID=39hqetbv9cu1584ek2qmu1qov0',
  'connection' => 'keep-alive',
)
[ info ] [ PARAM ] array (
  'years' => '2030',
)
[ info ] [ RUN ] app\index\controller\Cluster->bbb[ U:\phpStudy_A\WWW\search\index\controller\Cluster.php ]
[ info ] [ DB ] INIT mysql
[ info ] [ LOG ] INIT File
[ sql ] [ DB ] CONNECT:[ UseTime:0.001000s ] mysql:dbname=eisc_data;host=127.0.0.1;charset=utf8
[ sql ] [ SQL ] SHOW COLUMNS FROM `s_class` [ RunTime:0.004001s ]
[ sql ] [ SQL ] SELECT `name` FROM `s_class` ORDER BY cid [ RunTime:0.000000s ]

---------------------------------------------------------------
[ 2016-12-11T10:48:01+08:00 ] 127.0.0.1 127.0.0.1 POST /index/cluster/bbb.html
[ log ] 127.0.0.1/index/cluster/bbb.html [运行时间：1.053061s][吞吐率：0.95req/s] [内存消耗：1,810.17kb] [文件加载：34]
[ info ] [ LANG ] U:\phpStudy_A\WWW\thinkphp\lang\zh-cn.php
[ info ] [ ROUTE ] array (
  'type' => 'module',
  'module' => 
  array (
    0 => 'index',
    1 => 'cluster',
    2 => 'bbb',
  ),
)
[ info ] [ HEADER ] array (
  'host' => '127.0.0.1',
  'user-agent' => 'Mozilla/5.0 (Windows NT 6.1; WOW64; rv:52.0) Gecko/20100101 Firefox/52.0',
  'accept' => '*/*',
  'accept-language' => 'zh-CN,zh;q=0.8,en-US;q=0.5,en;q=0.3',
  'accept-encoding' => 'gzip, deflate',
  'referer' => 'http://127.0.0.1/index/index/statis.html',
  'content-type' => 'application/x-www-form-urlencoded; charset=UTF-8',
  'x-requested-with' => 'XMLHttpRequest',
  'content-length' => '10',
  'cookie' => 'PHPSESSID=39hqetbv9cu1584ek2qmu1qov0',
  'connection' => 'keep-alive',
)
[ info ] [ PARAM ] array (
  'years' => '2017',
)
[ info ] [ RUN ] app\index\controller\Cluster->bbb[ U:\phpStudy_A\WWW\search\index\controller\Cluster.php ]
[ info ] [ DB ] INIT mysql
[ info ] [ LOG ] INIT File
[ sql ] [ DB ] CONNECT:[ UseTime:0.001000s ] mysql:dbname=eisc_data;host=127.0.0.1;charset=utf8
[ sql ] [ SQL ] SHOW COLUMNS FROM `s_class` [ RunTime:0.004000s ]
[ sql ] [ SQL ] SELECT `name` FROM `s_class` ORDER BY cid [ RunTime:0.000000s ]

---------------------------------------------------------------
[ 2016-12-11T10:48:03+08:00 ] 127.0.0.1 127.0.0.1 POST /index/cluster/bbb.html
[ log ] 127.0.0.1/index/cluster/bbb.html [运行时间：1.107063s][吞吐率：0.90req/s] [内存消耗：1,810.10kb] [文件加载：34]
[ info ] [ LANG ] U:\phpStudy_A\WWW\thinkphp\lang\zh-cn.php
[ info ] [ ROUTE ] array (
  'type' => 'module',
  'module' => 
  array (
    0 => 'index',
    1 => 'cluster',
    2 => 'bbb',
  ),
)
[ info ] [ HEADER ] array (
  'host' => '127.0.0.1',
  'user-agent' => 'Mozilla/5.0 (Windows NT 6.1; WOW64; rv:52.0) Gecko/20100101 Firefox/52.0',
  'accept' => '*/*',
  'accept-language' => 'zh-CN,zh;q=0.8,en-US;q=0.5,en;q=0.3',
  'accept-encoding' => 'gzip, deflate',
  'referer' => 'http://127.0.0.1/index/index/statis.html',
  'content-type' => 'application/x-www-form-urlencoded; charset=UTF-8',
  'x-requested-with' => 'XMLHttpRequest',
  'content-length' => '10',
  'cookie' => 'PHPSESSID=39hqetbv9cu1584ek2qmu1qov0',
  'connection' => 'keep-alive',
)
[ info ] [ PARAM ] array (
  'years' => '2011',
)
[ info ] [ RUN ] app\index\controller\Cluster->bbb[ U:\phpStudy_A\WWW\search\index\controller\Cluster.php ]
[ info ] [ DB ] INIT mysql
[ info ] [ LOG ] INIT File
[ sql ] [ DB ] CONNECT:[ UseTime:0.011001s ] mysql:dbname=eisc_data;host=127.0.0.1;charset=utf8
[ sql ] [ SQL ] SHOW COLUMNS FROM `s_class` [ RunTime:0.004000s ]
[ sql ] [ SQL ] SELECT `name` FROM `s_class` ORDER BY cid [ RunTime:0.001000s ]

---------------------------------------------------------------
[ 2016-12-11T10:48:06+08:00 ] 127.0.0.1 127.0.0.1 GET /index/index/index.html
[ log ] 127.0.0.1/index/index/index.html [运行时间：0.029002s][吞吐率：34.48req/s] [内存消耗：1,273.71kb] [文件加载：33]
[ info ] [ LANG ] U:\phpStudy_A\WWW\thinkphp\lang\zh-cn.php
[ info ] [ ROUTE ] array (
  'type' => 'module',
  'module' => 
  array (
    0 => 'index',
    1 => 'index',
    2 => 'index',
  ),
)
[ info ] [ HEADER ] array (
  'host' => '127.0.0.1',
  'user-agent' => 'Mozilla/5.0 (Windows NT 6.1; WOW64; rv:52.0) Gecko/20100101 Firefox/52.0',
  'accept' => 'text/html,application/xhtml+xml,application/xml;q=0.9,*/*;q=0.8',
  'accept-language' => 'zh-CN,zh;q=0.8,en-US;q=0.5,en;q=0.3',
  'accept-encoding' => 'gzip, deflate',
  'referer' => 'http://127.0.0.1/index/index/statis.html',
  'cookie' => 'PHPSESSID=39hqetbv9cu1584ek2qmu1qov0',
  'connection' => 'keep-alive',
  'upgrade-insecure-requests' => '1',
)
[ info ] [ PARAM ] array (
)
[ info ] [ SESSION ] INIT array (
  'id' => '',
  'var_session_id' => '',
  'prefix' => 'think',
  'type' => '',
  'auto_start' => true,
)
[ info ] [ RUN ] app\index\controller\Index->index[ U:\phpStudy_A\WWW\search\index\controller\Index.php ]
[ info ] [ VIEW ] U:\phpStudy_A\WWW/search/index\view\index\index.html [ array (
  0 => 'username',
  1 => 'userid',
) ]
[ info ] [ LOG ] INIT File

---------------------------------------------------------------
[ 2016-12-11T10:48:07+08:00 ] 127.0.0.1 127.0.0.1 GET /index/index/counts.html
[ log ] 127.0.0.1/index/index/counts.html [运行时间：0.236014s][吞吐率：4.24req/s] [内存消耗：2,556.48kb] [文件加载：42]
[ info ] [ LANG ] U:\phpStudy_A\WWW\thinkphp\lang\zh-cn.php
[ info ] [ ROUTE ] array (
  'type' => 'module',
  'module' => 
  array (
    0 => 'index',
    1 => 'index',
    2 => 'counts',
  ),
)
[ info ] [ HEADER ] array (
  'host' => '127.0.0.1',
  'user-agent' => 'Mozilla/5.0 (Windows NT 6.1; WOW64; rv:52.0) Gecko/20100101 Firefox/52.0',
  'accept' => '*/*',
  'accept-language' => 'zh-CN,zh;q=0.8,en-US;q=0.5,en;q=0.3',
  'accept-encoding' => 'gzip, deflate',
  'referer' => 'http://127.0.0.1/index/index/index.html',
  'x-requested-with' => 'XMLHttpRequest',
  'cookie' => 'PHPSESSID=39hqetbv9cu1584ek2qmu1qov0',
  'connection' => 'keep-alive',
)
[ info ] [ PARAM ] array (
)
[ info ] [ SESSION ] INIT array (
  'id' => '',
  'var_session_id' => '',
  'prefix' => 'think',
  'type' => '',
  'auto_start' => true,
)
[ info ] [ RUN ] app\index\controller\Index->counts[ U:\phpStudy_A\WWW\search\index\controller\Index.php ]
[ info ] [ CACHE ] INIT File
[ info ] [ DB ] INIT mysql
[ info ] [ DB ] INIT mysql
[ info ] [ DB ] INIT mysql
[ info ] [ DB ] INIT mysql
[ info ] [ DB ] INIT mysql
[ info ] [ DB ] INIT mysql
[ info ] [ DB ] INIT mysql
[ info ] [ DB ] INIT mysql
[ info ] [ DB ] INIT mysql
[ info ] [ DB ] INIT mysql
[ info ] [ DB ] INIT mysql
[ info ] [ DB ] INIT mysql
[ info ] [ DB ] INIT mysql
[ info ] [ DB ] INIT mysql
[ info ] [ DB ] INIT mysql
[ info ] [ DB ] INIT mysql
[ info ] [ DB ] INIT mysql
[ info ] [ DB ] INIT mysql
[ info ] [ DB ] INIT mysql
[ info ] [ DB ] INIT mysql
[ info ] [ DB ] INIT mysql
[ info ] [ DB ] INIT mysql
[ info ] [ LOG ] INIT File
[ sql ] [ DB ] CONNECT:[ UseTime:0.011001s ] mysql:dbname=eisc_data;host=127.0.0.1;charset=utf8
[ sql ] [ SQL ] SHOW COLUMNS FROM `s_class` [ RunTime:0.004000s ]
[ sql ] [ SQL ] SELECT `tname` FROM `s_class` [ RunTime:0.000000s ]
[ sql ] [ DB ] CONNECT:[ UseTime:0.001000s ] mysql:dbname=eisc_data;host=127.0.0.1;charset=utf8
[ sql ] [ SQL ] SHOW COLUMNS FROM `s_data_1012` [ RunTime:0.004000s ]
[ sql ] [ SQL ] SELECT COUNT(*) AS tp_count FROM `s_data_1012` LIMIT 1 [ RunTime:0.001000s ]
[ sql ] [ DB ] CONNECT:[ UseTime:0.000000s ] mysql:dbname=eisc_data;host=127.0.0.1;charset=utf8
[ sql ] [ SQL ] SHOW COLUMNS FROM `s_data_1013` [ RunTime:0.004001s ]
[ sql ] [ SQL ] SELECT COUNT(*) AS tp_count FROM `s_data_1013` LIMIT 1 [ RunTime:0.000000s ]
[ sql ] [ DB ] CONNECT:[ UseTime:0.010000s ] mysql:dbname=eisc_data;host=127.0.0.1;charset=utf8
[ sql ] [ SQL ] SHOW COLUMNS FROM `s_data_1014` [ RunTime:0.003000s ]
[ sql ] [ SQL ] SELECT COUNT(*) AS tp_count FROM `s_data_1014` LIMIT 1 [ RunTime:0.000000s ]
[ sql ] [ DB ] CONNECT:[ UseTime:0.000000s ] mysql:dbname=eisc_data;host=127.0.0.1;charset=utf8
[ sql ] [ SQL ] SHOW COLUMNS FROM `s_data_1015` [ RunTime:0.006000s ]
[ sql ] [ SQL ] SELECT COUNT(*) AS tp_count FROM `s_data_1015` LIMIT 1 [ RunTime:0.001000s ]
[ sql ] [ DB ] CONNECT:[ UseTime:0.010000s ] mysql:dbname=eisc_data;host=127.0.0.1;charset=utf8
[ sql ] [ SQL ] SHOW COLUMNS FROM `s_data_1016` [ RunTime:0.004001s ]
[ sql ] [ SQL ] SELECT COUNT(*) AS tp_count FROM `s_data_1016` LIMIT 1 [ RunTime:0.000000s ]
[ sql ] [ DB ] CONNECT:[ UseTime:0.010000s ] mysql:dbname=eisc_data;host=127.0.0.1;charset=utf8
[ sql ] [ SQL ] SHOW COLUMNS FROM `s_data_1001` [ RunTime:0.005001s ]
[ sql ] [ SQL ] SELECT COUNT(*) AS tp_count FROM `s_data_1001` LIMIT 1 [ RunTime:0.001000s ]
[ sql ] [ DB ] CONNECT:[ UseTime:0.010000s ] mysql:dbname=eisc_data;host=127.0.0.1;charset=utf8
[ sql ] [ SQL ] SHOW COLUMNS FROM `s_data_1002` [ RunTime:0.003001s ]
[ sql ] [ SQL ] SELECT COUNT(*) AS tp_count FROM `s_data_1002` LIMIT 1 [ RunTime:0.001000s ]
[ sql ] [ DB ] CONNECT:[ UseTime:0.001000s ] mysql:dbname=eisc_data;host=127.0.0.1;charset=utf8
[ sql ] [ SQL ] SHOW COLUMNS FROM `s_data_1003` [ RunTime:0.004000s ]
[ sql ] [ SQL ] SELECT COUNT(*) AS tp_count FROM `s_data_1003` LIMIT 1 [ RunTime:0.000000s ]
[ sql ] [ DB ] CONNECT:[ UseTime:0.001000s ] mysql:dbname=eisc_data;host=127.0.0.1;charset=utf8
[ sql ] [ SQL ] SHOW COLUMNS FROM `s_data_1004` [ RunTime:0.003000s ]
[ sql ] [ SQL ] SELECT COUNT(*) AS tp_count FROM `s_data_1004` LIMIT 1 [ RunTime:0.000000s ]
[ sql ] [ DB ] CONNECT:[ UseTime:0.001000s ] mysql:dbname=eisc_data;host=127.0.0.1;charset=utf8
[ sql ] [ SQL ] SHOW COLUMNS FROM `s_data_1005` [ RunTime:0.004001s ]
[ sql ] [ SQL ] SELECT COUNT(*) AS tp_count FROM `s_data_1005` LIMIT 1 [ RunTime:0.000000s ]
[ sql ] [ DB ] CONNECT:[ UseTime:0.000000s ] mysql:dbname=eisc_data;host=127.0.0.1;charset=utf8
[ sql ] [ SQL ] SHOW COLUMNS FROM `s_data_1006` [ RunTime:0.004000s ]
[ sql ] [ SQL ] SELECT COUNT(*) AS tp_count FROM `s_data_1006` LIMIT 1 [ RunTime:0.000000s ]
[ sql ] [ DB ] CONNECT:[ UseTime:0.001000s ] mysql:dbname=eisc_data;host=127.0.0.1;charset=utf8
[ sql ] [ SQL ] SHOW COLUMNS FROM `s_data_1007` [ RunTime:0.003000s ]
[ sql ] [ SQL ] SELECT COUNT(*) AS tp_count FROM `s_data_1007` LIMIT 1 [ RunTime:0.001000s ]
[ sql ] [ DB ] CONNECT:[ UseTime:0.001000s ] mysql:dbname=eisc_data;host=127.0.0.1;charset=utf8
[ sql ] [ SQL ] SHOW COLUMNS FROM `s_data_1008` [ RunTime:0.004001s ]
[ sql ] [ SQL ] SELECT COUNT(*) AS tp_count FROM `s_data_1008` LIMIT 1 [ RunTime:0.000000s ]
[ sql ] [ DB ] CONNECT:[ UseTime:0.000000s ] mysql:dbname=eisc_data;host=127.0.0.1;charset=utf8
[ sql ] [ SQL ] SHOW COLUMNS FROM `s_data_1009` [ RunTime:0.005000s ]
[ sql ] [ SQL ] SELECT COUNT(*) AS tp_count FROM `s_data_1009` LIMIT 1 [ RunTime:0.000000s ]
[ sql ] [ DB ] CONNECT:[ UseTime:0.001000s ] mysql:dbname=eisc_data;host=127.0.0.1;charset=utf8
[ sql ] [ SQL ] SHOW COLUMNS FROM `s_data_1010` [ RunTime:0.004000s ]
[ sql ] [ SQL ] SELECT COUNT(*) AS tp_count FROM `s_data_1010` LIMIT 1 [ RunTime:0.001000s ]
[ sql ] [ DB ] CONNECT:[ UseTime:0.001000s ] mysql:dbname=eisc_data;host=127.0.0.1;charset=utf8
[ sql ] [ SQL ] SHOW COLUMNS FROM `s_data_1011` [ RunTime:0.004001s ]
[ sql ] [ SQL ] SELECT COUNT(*) AS tp_count FROM `s_data_1011` LIMIT 1 [ RunTime:0.000000s ]
[ sql ] [ DB ] CONNECT:[ UseTime:0.010000s ] mysql:dbname=eisc_data;host=127.0.0.1;charset=utf8
[ sql ] [ SQL ] SHOW COLUMNS FROM `s_data_1017` [ RunTime:0.004001s ]
[ sql ] [ SQL ] SELECT COUNT(*) AS tp_count FROM `s_data_1017` LIMIT 1 [ RunTime:0.000000s ]
[ sql ] [ DB ] CONNECT:[ UseTime:0.000000s ] mysql:dbname=eisc_data;host=127.0.0.1;charset=utf8
[ sql ] [ SQL ] SHOW COLUMNS FROM `s_data_1018` [ RunTime:0.004000s ]
[ sql ] [ SQL ] SELECT COUNT(*) AS tp_count FROM `s_data_1018` LIMIT 1 [ RunTime:0.001000s ]
[ sql ] [ DB ] CONNECT:[ UseTime:0.010001s ] mysql:dbname=eisc_data;host=127.0.0.1;charset=utf8
[ sql ] [ SQL ] SHOW COLUMNS FROM `s_data_1019` [ RunTime:0.004000s ]
[ sql ] [ SQL ] SELECT COUNT(*) AS tp_count FROM `s_data_1019` LIMIT 1 [ RunTime:0.001000s ]
[ sql ] [ DB ] CONNECT:[ UseTime:0.000000s ] mysql:dbname=eisc_data;host=127.0.0.1;charset=utf8
[ sql ] [ SQL ] SHOW COLUMNS FROM `s_data_1020` [ RunTime:0.004000s ]
[ sql ] [ SQL ] SELECT COUNT(*) AS tp_count FROM `s_data_1020` LIMIT 1 [ RunTime:0.000000s ]
[ sql ] [ DB ] CONNECT:[ UseTime:0.001000s ] mysql:dbname=eisc_data;host=127.0.0.1;charset=utf8
[ sql ] [ SQL ] SHOW COLUMNS FROM `s_data_1021` [ RunTime:0.005000s ]
[ sql ] [ SQL ] SELECT COUNT(*) AS tp_count FROM `s_data_1021` LIMIT 1 [ RunTime:0.000000s ]

---------------------------------------------------------------
[ 2016-12-11T10:48:08+08:00 ] 127.0.0.1 127.0.0.1 GET /index/index/publication.html?type=C
[ log ] 127.0.0.1/index/index/publication.html?type=C [运行时间：0.087004s][吞吐率：11.49req/s] [内存消耗：1,322.59kb] [文件加载：36]
[ info ] [ LANG ] U:\phpStudy_A\WWW\thinkphp\lang\zh-cn.php
[ info ] [ ROUTE ] array (
  'type' => 'module',
  'module' => 
  array (
    0 => 'index',
    1 => 'index',
    2 => 'publication',
  ),
)
[ info ] [ HEADER ] array (
  'host' => '127.0.0.1',
  'user-agent' => 'Mozilla/5.0 (Windows NT 6.1; WOW64; rv:52.0) Gecko/20100101 Firefox/52.0',
  'accept' => 'text/html,application/xhtml+xml,application/xml;q=0.9,*/*;q=0.8',
  'accept-language' => 'zh-CN,zh;q=0.8,en-US;q=0.5,en;q=0.3',
  'accept-encoding' => 'gzip, deflate',
  'referer' => 'http://127.0.0.1/index/index/index.html',
  'cookie' => 'PHPSESSID=39hqetbv9cu1584ek2qmu1qov0',
  'connection' => 'keep-alive',
  'upgrade-insecure-requests' => '1',
)
[ info ] [ PARAM ] array (
  'type' => 'C',
)
[ info ] [ SESSION ] INIT array (
  'id' => '',
  'var_session_id' => '',
  'prefix' => 'think',
  'type' => '',
  'auto_start' => true,
)
[ info ] [ RUN ] app\index\controller\Index->publication[ U:\phpStudy_A\WWW\search\index\controller\Index.php ]
[ info ] [ VIEW ] U:\phpStudy_A\WWW/search/index\view\index\publication.html [ array (
  0 => 'username',
  1 => 'userid',
  2 => 'type',
) ]
[ info ] [ LOG ] INIT File
[ error ] [8]未定义变量: page[U:\phpStudy_A\WWW\runtime\temp\069af5a380cd0f1bc58897d495625513.php:102]

---------------------------------------------------------------
[ 2016-12-11T10:48:09+08:00 ] 127.0.0.1 127.0.0.1 POST /index/publication/index.html
[ log ] 127.0.0.1/index/publication/index.html [运行时间：1.190068s][吞吐率：0.84req/s] [内存消耗：1,463.74kb] [文件加载：34]
[ info ] [ LANG ] U:\phpStudy_A\WWW\thinkphp\lang\zh-cn.php
[ info ] [ ROUTE ] array (
  'type' => 'module',
  'module' => 
  array (
    0 => 'index',
    1 => 'publication',
    2 => 'index',
  ),
)
[ info ] [ HEADER ] array (
  'host' => '127.0.0.1',
  'user-agent' => 'Mozilla/5.0 (Windows NT 6.1; WOW64; rv:52.0) Gecko/20100101 Firefox/52.0',
  'accept' => '*/*',
  'accept-language' => 'zh-CN,zh;q=0.8,en-US;q=0.5,en;q=0.3',
  'accept-encoding' => 'gzip, deflate',
  'referer' => 'http://127.0.0.1/index/index/publication.html?type=C',
  'content-type' => 'application/x-www-form-urlencoded; charset=UTF-8',
  'x-requested-with' => 'XMLHttpRequest',
  'content-length' => '32',
  'cookie' => 'PHPSESSID=39hqetbv9cu1584ek2qmu1qov0',
  'connection' => 'keep-alive',
)
[ info ] [ PARAM ] array (
  'pname' => '',
  'stype' => 'opt1',
  'type' => 'C',
  'cpage' => '1',
)
[ info ] [ RUN ] app\index\controller\Publication->index[ U:\phpStudy_A\WWW\search\index\controller\Publication.php ]
[ info ] [ DB ] INIT mysql
[ info ] [ LOG ] INIT File
[ error ] [8]未定义变量: where_sid[U:\phpStudy_A\WWW\search\index\controller\Publication.php:62]
[ sql ] [ DB ] CONNECT:[ UseTime:0.000000s ] mysql:dbname=eisc_data;host=127.0.0.1;charset=utf8
[ sql ] [ SQL ] Select * From s_source Where s_id IN(1,11,12,13,14,15,16,17,18,19,20,21,22,23,24,25,26,27,28,29) [ RunTime:0.049003s ]

---------------------------------------------------------------
[ 2016-12-11T10:54:42+08:00 ] 127.0.0.1 127.0.0.1 GET /index/index/publication.html?type=J
[ log ] 127.0.0.1/index/index/publication.html?type=J [运行时间：0.040003s][吞吐率：25.00req/s] [内存消耗：1,322.64kb] [文件加载：36]
[ info ] [ LANG ] U:\phpStudy_A\WWW\thinkphp\lang\zh-cn.php
[ info ] [ ROUTE ] array (
  'type' => 'module',
  'module' => 
  array (
    0 => 'index',
    1 => 'index',
    2 => 'publication',
  ),
)
[ info ] [ HEADER ] array (
  'host' => '127.0.0.1',
  'user-agent' => 'Mozilla/5.0 (Windows NT 6.1; WOW64; rv:52.0) Gecko/20100101 Firefox/52.0',
  'accept' => 'text/html,application/xhtml+xml,application/xml;q=0.9,*/*;q=0.8',
  'accept-language' => 'zh-CN,zh;q=0.8,en-US;q=0.5,en;q=0.3',
  'accept-encoding' => 'gzip, deflate',
  'referer' => 'http://127.0.0.1/index/index/publication.html?type=C',
  'cookie' => 'PHPSESSID=39hqetbv9cu1584ek2qmu1qov0',
  'connection' => 'keep-alive',
  'upgrade-insecure-requests' => '1',
)
[ info ] [ PARAM ] array (
  'type' => 'J',
)
[ info ] [ SESSION ] INIT array (
  'id' => '',
  'var_session_id' => '',
  'prefix' => 'think',
  'type' => '',
  'auto_start' => true,
)
[ info ] [ RUN ] app\index\controller\Index->publication[ U:\phpStudy_A\WWW\search\index\controller\Index.php ]
[ info ] [ VIEW ] U:\phpStudy_A\WWW/search/index\view\index\publication.html [ array (
  0 => 'username',
  1 => 'userid',
  2 => 'type',
) ]
[ info ] [ LOG ] INIT File
[ error ] [8]未定义变量: page[U:\phpStudy_A\WWW\runtime\temp\069af5a380cd0f1bc58897d495625513.php:102]

---------------------------------------------------------------
[ 2016-12-11T10:54:46+08:00 ] 127.0.0.1 127.0.0.1 POST /index/publication/index.html
[ log ] 127.0.0.1/index/publication/index.html [运行时间：1.113063s][吞吐率：0.90req/s] [内存消耗：1,462.85kb] [文件加载：34]
[ info ] [ LANG ] U:\phpStudy_A\WWW\thinkphp\lang\zh-cn.php
[ info ] [ ROUTE ] array (
  'type' => 'module',
  'module' => 
  array (
    0 => 'index',
    1 => 'publication',
    2 => 'index',
  ),
)
[ info ] [ HEADER ] array (
  'host' => '127.0.0.1',
  'user-agent' => 'Mozilla/5.0 (Windows NT 6.1; WOW64; rv:52.0) Gecko/20100101 Firefox/52.0',
  'accept' => '*/*',
  'accept-language' => 'zh-CN,zh;q=0.8,en-US;q=0.5,en;q=0.3',
  'accept-encoding' => 'gzip, deflate',
  'referer' => 'http://127.0.0.1/index/index/publication.html?type=J',
  'content-type' => 'application/x-www-form-urlencoded; charset=UTF-8',
  'x-requested-with' => 'XMLHttpRequest',
  'content-length' => '32',
  'cookie' => 'PHPSESSID=39hqetbv9cu1584ek2qmu1qov0',
  'connection' => 'keep-alive',
)
[ info ] [ PARAM ] array (
  'pname' => '',
  'stype' => 'opt1',
  'type' => 'J',
  'cpage' => '1',
)
[ info ] [ RUN ] app\index\controller\Publication->index[ U:\phpStudy_A\WWW\search\index\controller\Publication.php ]
[ info ] [ DB ] INIT mysql
[ info ] [ LOG ] INIT File
[ error ] [8]未定义变量: where_sid[U:\phpStudy_A\WWW\search\index\controller\Publication.php:62]
[ sql ] [ DB ] CONNECT:[ UseTime:0.011000s ] mysql:dbname=eisc_data;host=127.0.0.1;charset=utf8
[ sql ] [ SQL ] Select * From s_source Where s_id IN(2,7197,7198,7199,7200,7201,7202,7203,7204,7205,7206,7207,7208,7209,7210,7211,7212,7213,7214,7215) [ RunTime:0.053003s ]

---------------------------------------------------------------
