[ 2016-12-20T06:16:11+08:00 ] 127.0.0.1 127.0.0.1 GET /index/index/index.html
[ log ] 127.0.0.1/index/index/index.html [运行时间：0.412024s][吞吐率：2.43req/s] [内存消耗：1,285.80kb] [文件加载：33]
[ info ] [ LANG ] U:\phpStudy_A\WWW\thinkphp\lang\zh-cn.php
[ info ] [ ROUTE ] array (
  'type' => 'module',
  'module' => 
  array (
    0 => 'index',
    1 => 'index',
    2 => 'index',
  ),
)
[ info ] [ HEADER ] array (
  'host' => '127.0.0.1',
  'user-agent' => 'Mozilla/5.0 (Windows NT 6.1; WOW64; rv:52.0) Gecko/20100101 Firefox/52.0',
  'accept' => 'text/html,application/xhtml+xml,application/xml;q=0.9,*/*;q=0.8',
  'accept-language' => 'zh-CN,zh;q=0.8,en-US;q=0.5,en;q=0.3',
  'accept-encoding' => 'gzip, deflate',
  'referer' => 'http://127.0.0.1/index/index/plist.html?sid=32446',
  'cookie' => 'PHPSESSID=vue88d4tl9ijam94j0brt0d8v2',
  'connection' => 'keep-alive',
  'upgrade-insecure-requests' => '1',
)
[ info ] [ PARAM ] array (
)
[ info ] [ SESSION ] INIT array (
  'id' => '',
  'var_session_id' => '',
  'prefix' => 'think',
  'type' => '',
  'auto_start' => true,
)
[ info ] [ RUN ] app\index\controller\Index->index[ U:\phpStudy_A\WWW\search\index\controller\Index.php ]
[ info ] [ VIEW ] U:\phpStudy_A\WWW/search/index\view\index\index.html [ array (
  0 => 'userid',
  1 => 'username',
) ]
[ info ] [ LOG ] INIT File

---------------------------------------------------------------
[ 2016-12-20T06:16:12+08:00 ] 127.0.0.1 127.0.0.1 GET /index/index/counts.html
[ log ] 127.0.0.1/index/index/counts.html [运行时间：0.938054s][吞吐率：1.07req/s] [内存消耗：2,568.47kb] [文件加载：42]
[ info ] [ LANG ] U:\phpStudy_A\WWW\thinkphp\lang\zh-cn.php
[ info ] [ ROUTE ] array (
  'type' => 'module',
  'module' => 
  array (
    0 => 'index',
    1 => 'index',
    2 => 'counts',
  ),
)
[ info ] [ HEADER ] array (
  'host' => '127.0.0.1',
  'user-agent' => 'Mozilla/5.0 (Windows NT 6.1; WOW64; rv:52.0) Gecko/20100101 Firefox/52.0',
  'accept' => '*/*',
  'accept-language' => 'zh-CN,zh;q=0.8,en-US;q=0.5,en;q=0.3',
  'accept-encoding' => 'gzip, deflate',
  'referer' => 'http://127.0.0.1/index/index/index.html',
  'x-requested-with' => 'XMLHttpRequest',
  'cookie' => 'PHPSESSID=vue88d4tl9ijam94j0brt0d8v2',
  'connection' => 'keep-alive',
)
[ info ] [ PARAM ] array (
)
[ info ] [ SESSION ] INIT array (
  'id' => '',
  'var_session_id' => '',
  'prefix' => 'think',
  'type' => '',
  'auto_start' => true,
)
[ info ] [ RUN ] app\index\controller\Index->counts[ U:\phpStudy_A\WWW\search\index\controller\Index.php ]
[ info ] [ CACHE ] INIT File
[ info ] [ DB ] INIT mysql
[ info ] [ DB ] INIT mysql
[ info ] [ DB ] INIT mysql
[ info ] [ DB ] INIT mysql
[ info ] [ DB ] INIT mysql
[ info ] [ DB ] INIT mysql
[ info ] [ DB ] INIT mysql
[ info ] [ DB ] INIT mysql
[ info ] [ DB ] INIT mysql
[ info ] [ DB ] INIT mysql
[ info ] [ DB ] INIT mysql
[ info ] [ DB ] INIT mysql
[ info ] [ DB ] INIT mysql
[ info ] [ DB ] INIT mysql
[ info ] [ DB ] INIT mysql
[ info ] [ DB ] INIT mysql
[ info ] [ DB ] INIT mysql
[ info ] [ DB ] INIT mysql
[ info ] [ DB ] INIT mysql
[ info ] [ DB ] INIT mysql
[ info ] [ DB ] INIT mysql
[ info ] [ DB ] INIT mysql
[ info ] [ LOG ] INIT File
[ sql ] [ DB ] CONNECT:[ UseTime:0.004000s ] mysql:dbname=eisc_data;host=127.0.0.1;charset=utf8
[ sql ] [ SQL ] SHOW COLUMNS FROM `s_class` [ RunTime:0.017001s ]
[ sql ] [ SQL ] SELECT `tname` FROM `s_class` [ RunTime:0.000000s ]
[ sql ] [ DB ] CONNECT:[ UseTime:0.001000s ] mysql:dbname=eisc_data;host=127.0.0.1;charset=utf8
[ sql ] [ SQL ] SHOW COLUMNS FROM `s_data_1012` [ RunTime:0.019001s ]
[ sql ] [ SQL ] SELECT COUNT(*) AS tp_count FROM `s_data_1012` LIMIT 1 [ RunTime:0.001000s ]
[ sql ] [ DB ] CONNECT:[ UseTime:0.003001s ] mysql:dbname=eisc_data;host=127.0.0.1;charset=utf8
[ sql ] [ SQL ] SHOW COLUMNS FROM `s_data_1013` [ RunTime:0.044002s ]
[ sql ] [ SQL ] SELECT COUNT(*) AS tp_count FROM `s_data_1013` LIMIT 1 [ RunTime:0.000000s ]
[ sql ] [ DB ] CONNECT:[ UseTime:0.001000s ] mysql:dbname=eisc_data;host=127.0.0.1;charset=utf8
[ sql ] [ SQL ] SHOW COLUMNS FROM `s_data_1014` [ RunTime:0.010001s ]
[ sql ] [ SQL ] SELECT COUNT(*) AS tp_count FROM `s_data_1014` LIMIT 1 [ RunTime:0.000000s ]
[ sql ] [ DB ] CONNECT:[ UseTime:0.011001s ] mysql:dbname=eisc_data;host=127.0.0.1;charset=utf8
[ sql ] [ SQL ] SHOW COLUMNS FROM `s_data_1015` [ RunTime:0.020001s ]
[ sql ] [ SQL ] SELECT COUNT(*) AS tp_count FROM `s_data_1015` LIMIT 1 [ RunTime:0.000000s ]
[ sql ] [ DB ] CONNECT:[ UseTime:0.000000s ] mysql:dbname=eisc_data;host=127.0.0.1;charset=utf8
[ sql ] [ SQL ] SHOW COLUMNS FROM `s_data_1016` [ RunTime:0.019001s ]
[ sql ] [ SQL ] SELECT COUNT(*) AS tp_count FROM `s_data_1016` LIMIT 1 [ RunTime:0.000000s ]
[ sql ] [ DB ] CONNECT:[ UseTime:0.001000s ] mysql:dbname=eisc_data;host=127.0.0.1;charset=utf8
[ sql ] [ SQL ] SHOW COLUMNS FROM `s_data_1001` [ RunTime:0.016001s ]
[ sql ] [ SQL ] SELECT COUNT(*) AS tp_count FROM `s_data_1001` LIMIT 1 [ RunTime:0.000000s ]
[ sql ] [ DB ] CONNECT:[ UseTime:0.001000s ] mysql:dbname=eisc_data;host=127.0.0.1;charset=utf8
[ sql ] [ SQL ] SHOW COLUMNS FROM `s_data_1002` [ RunTime:0.020001s ]
[ sql ] [ SQL ] SELECT COUNT(*) AS tp_count FROM `s_data_1002` LIMIT 1 [ RunTime:0.001000s ]
[ sql ] [ DB ] CONNECT:[ UseTime:0.010001s ] mysql:dbname=eisc_data;host=127.0.0.1;charset=utf8
[ sql ] [ SQL ] SHOW COLUMNS FROM `s_data_1003` [ RunTime:0.022001s ]
[ sql ] [ SQL ] SELECT COUNT(*) AS tp_count FROM `s_data_1003` LIMIT 1 [ RunTime:0.001000s ]
[ sql ] [ DB ] CONNECT:[ UseTime:0.002000s ] mysql:dbname=eisc_data;host=127.0.0.1;charset=utf8
[ sql ] [ SQL ] SHOW COLUMNS FROM `s_data_1004` [ RunTime:0.023001s ]
[ sql ] [ SQL ] SELECT COUNT(*) AS tp_count FROM `s_data_1004` LIMIT 1 [ RunTime:0.000000s ]
[ sql ] [ DB ] CONNECT:[ UseTime:0.010001s ] mysql:dbname=eisc_data;host=127.0.0.1;charset=utf8
[ sql ] [ SQL ] SHOW COLUMNS FROM `s_data_1005` [ RunTime:0.027001s ]
[ sql ] [ SQL ] SELECT COUNT(*) AS tp_count FROM `s_data_1005` LIMIT 1 [ RunTime:0.000000s ]
[ sql ] [ DB ] CONNECT:[ UseTime:0.010001s ] mysql:dbname=eisc_data;host=127.0.0.1;charset=utf8
[ sql ] [ SQL ] SHOW COLUMNS FROM `s_data_1006` [ RunTime:0.019001s ]
[ sql ] [ SQL ] SELECT COUNT(*) AS tp_count FROM `s_data_1006` LIMIT 1 [ RunTime:0.002001s ]
[ sql ] [ DB ] CONNECT:[ UseTime:0.002000s ] mysql:dbname=eisc_data;host=127.0.0.1;charset=utf8
[ sql ] [ SQL ] SHOW COLUMNS FROM `s_data_1007` [ RunTime:0.012000s ]
[ sql ] [ SQL ] SELECT COUNT(*) AS tp_count FROM `s_data_1007` LIMIT 1 [ RunTime:0.000000s ]
[ sql ] [ DB ] CONNECT:[ UseTime:0.010001s ] mysql:dbname=eisc_data;host=127.0.0.1;charset=utf8
[ sql ] [ SQL ] SHOW COLUMNS FROM `s_data_1008` [ RunTime:0.033002s ]
[ sql ] [ SQL ] SELECT COUNT(*) AS tp_count FROM `s_data_1008` LIMIT 1 [ RunTime:0.007001s ]
[ sql ] [ DB ] CONNECT:[ UseTime:0.011000s ] mysql:dbname=eisc_data;host=127.0.0.1;charset=utf8
[ sql ] [ SQL ] SHOW COLUMNS FROM `s_data_1009` [ RunTime:0.007001s ]
[ sql ] [ SQL ] SELECT COUNT(*) AS tp_count FROM `s_data_1009` LIMIT 1 [ RunTime:0.000000s ]
[ sql ] [ DB ] CONNECT:[ UseTime:0.001000s ] mysql:dbname=eisc_data;host=127.0.0.1;charset=utf8
[ sql ] [ SQL ] SHOW COLUMNS FROM `s_data_1010` [ RunTime:0.028002s ]
[ sql ] [ SQL ] SELECT COUNT(*) AS tp_count FROM `s_data_1010` LIMIT 1 [ RunTime:0.002000s ]
[ sql ] [ DB ] CONNECT:[ UseTime:0.010000s ] mysql:dbname=eisc_data;host=127.0.0.1;charset=utf8
[ sql ] [ SQL ] SHOW COLUMNS FROM `s_data_1011` [ RunTime:0.009001s ]
[ sql ] [ SQL ] SELECT COUNT(*) AS tp_count FROM `s_data_1011` LIMIT 1 [ RunTime:0.001000s ]
[ sql ] [ DB ] CONNECT:[ UseTime:0.002000s ] mysql:dbname=eisc_data;host=127.0.0.1;charset=utf8
[ sql ] [ SQL ] SHOW COLUMNS FROM `s_data_1017` [ RunTime:0.024002s ]
[ sql ] [ SQL ] SELECT COUNT(*) AS tp_count FROM `s_data_1017` LIMIT 1 [ RunTime:0.000000s ]
[ sql ] [ DB ] CONNECT:[ UseTime:0.003000s ] mysql:dbname=eisc_data;host=127.0.0.1;charset=utf8
[ sql ] [ SQL ] SHOW COLUMNS FROM `s_data_1018` [ RunTime:0.031002s ]
[ sql ] [ SQL ] SELECT COUNT(*) AS tp_count FROM `s_data_1018` LIMIT 1 [ RunTime:0.000000s ]
[ sql ] [ DB ] CONNECT:[ UseTime:0.001000s ] mysql:dbname=eisc_data;host=127.0.0.1;charset=utf8
[ sql ] [ SQL ] SHOW COLUMNS FROM `s_data_1019` [ RunTime:0.025001s ]
[ sql ] [ SQL ] SELECT COUNT(*) AS tp_count FROM `s_data_1019` LIMIT 1 [ RunTime:0.001000s ]
[ sql ] [ DB ] CONNECT:[ UseTime:0.010001s ] mysql:dbname=eisc_data;host=127.0.0.1;charset=utf8
[ sql ] [ SQL ] SHOW COLUMNS FROM `s_data_1020` [ RunTime:0.030002s ]
[ sql ] [ SQL ] SELECT COUNT(*) AS tp_count FROM `s_data_1020` LIMIT 1 [ RunTime:0.001000s ]
[ sql ] [ DB ] CONNECT:[ UseTime:0.001000s ] mysql:dbname=eisc_data;host=127.0.0.1;charset=utf8
[ sql ] [ SQL ] SHOW COLUMNS FROM `s_data_1021` [ RunTime:0.019001s ]
[ sql ] [ SQL ] SELECT COUNT(*) AS tp_count FROM `s_data_1021` LIMIT 1 [ RunTime:0.002000s ]

---------------------------------------------------------------
[ 2016-12-20T06:16:14+08:00 ] 127.0.0.1 127.0.0.1 GET /index/index/index.html
[ log ] 127.0.0.1/index/index/index.html [运行时间：0.038002s][吞吐率：26.31req/s] [内存消耗：1,285.80kb] [文件加载：33]
[ info ] [ LANG ] U:\phpStudy_A\WWW\thinkphp\lang\zh-cn.php
[ info ] [ ROUTE ] array (
  'type' => 'module',
  'module' => 
  array (
    0 => 'index',
    1 => 'index',
    2 => 'index',
  ),
)
[ info ] [ HEADER ] array (
  'host' => '127.0.0.1',
  'user-agent' => 'Mozilla/5.0 (Windows NT 6.1; WOW64; rv:52.0) Gecko/20100101 Firefox/52.0',
  'accept' => 'text/html,application/xhtml+xml,application/xml;q=0.9,*/*;q=0.8',
  'accept-language' => 'zh-CN,zh;q=0.8,en-US;q=0.5,en;q=0.3',
  'accept-encoding' => 'gzip, deflate',
  'referer' => 'http://127.0.0.1/index/index/publication.html?type=R',
  'cookie' => 'PHPSESSID=vue88d4tl9ijam94j0brt0d8v2',
  'connection' => 'keep-alive',
  'upgrade-insecure-requests' => '1',
)
[ info ] [ PARAM ] array (
)
[ info ] [ SESSION ] INIT array (
  'id' => '',
  'var_session_id' => '',
  'prefix' => 'think',
  'type' => '',
  'auto_start' => true,
)
[ info ] [ RUN ] app\index\controller\Index->index[ U:\phpStudy_A\WWW\search\index\controller\Index.php ]
[ info ] [ VIEW ] U:\phpStudy_A\WWW/search/index\view\index\index.html [ array (
  0 => 'userid',
  1 => 'username',
) ]
[ info ] [ LOG ] INIT File

---------------------------------------------------------------
[ 2016-12-20T06:16:14+08:00 ] 127.0.0.1 127.0.0.1 GET /index/index/counts.html
[ log ] 127.0.0.1/index/index/counts.html [运行时间：0.263015s][吞吐率：3.80req/s] [内存消耗：2,568.47kb] [文件加载：42]
[ info ] [ LANG ] U:\phpStudy_A\WWW\thinkphp\lang\zh-cn.php
[ info ] [ ROUTE ] array (
  'type' => 'module',
  'module' => 
  array (
    0 => 'index',
    1 => 'index',
    2 => 'counts',
  ),
)
[ info ] [ HEADER ] array (
  'host' => '127.0.0.1',
  'user-agent' => 'Mozilla/5.0 (Windows NT 6.1; WOW64; rv:52.0) Gecko/20100101 Firefox/52.0',
  'accept' => '*/*',
  'accept-language' => 'zh-CN,zh;q=0.8,en-US;q=0.5,en;q=0.3',
  'accept-encoding' => 'gzip, deflate',
  'referer' => 'http://127.0.0.1/index/index/index.html',
  'x-requested-with' => 'XMLHttpRequest',
  'cookie' => 'PHPSESSID=vue88d4tl9ijam94j0brt0d8v2',
  'connection' => 'keep-alive',
)
[ info ] [ PARAM ] array (
)
[ info ] [ SESSION ] INIT array (
  'id' => '',
  'var_session_id' => '',
  'prefix' => 'think',
  'type' => '',
  'auto_start' => true,
)
[ info ] [ RUN ] app\index\controller\Index->counts[ U:\phpStudy_A\WWW\search\index\controller\Index.php ]
[ info ] [ CACHE ] INIT File
[ info ] [ DB ] INIT mysql
[ info ] [ DB ] INIT mysql
[ info ] [ DB ] INIT mysql
[ info ] [ DB ] INIT mysql
[ info ] [ DB ] INIT mysql
[ info ] [ DB ] INIT mysql
[ info ] [ DB ] INIT mysql
[ info ] [ DB ] INIT mysql
[ info ] [ DB ] INIT mysql
[ info ] [ DB ] INIT mysql
[ info ] [ DB ] INIT mysql
[ info ] [ DB ] INIT mysql
[ info ] [ DB ] INIT mysql
[ info ] [ DB ] INIT mysql
[ info ] [ DB ] INIT mysql
[ info ] [ DB ] INIT mysql
[ info ] [ DB ] INIT mysql
[ info ] [ DB ] INIT mysql
[ info ] [ DB ] INIT mysql
[ info ] [ DB ] INIT mysql
[ info ] [ DB ] INIT mysql
[ info ] [ DB ] INIT mysql
[ info ] [ LOG ] INIT File
[ sql ] [ DB ] CONNECT:[ UseTime:0.000000s ] mysql:dbname=eisc_data;host=127.0.0.1;charset=utf8
[ sql ] [ SQL ] SHOW COLUMNS FROM `s_class` [ RunTime:0.004001s ]
[ sql ] [ SQL ] SELECT `tname` FROM `s_class` [ RunTime:0.000000s ]
[ sql ] [ DB ] CONNECT:[ UseTime:0.001000s ] mysql:dbname=eisc_data;host=127.0.0.1;charset=utf8
[ sql ] [ SQL ] SHOW COLUMNS FROM `s_data_1012` [ RunTime:0.004000s ]
[ sql ] [ SQL ] SELECT COUNT(*) AS tp_count FROM `s_data_1012` LIMIT 1 [ RunTime:0.000000s ]
[ sql ] [ DB ] CONNECT:[ UseTime:0.001000s ] mysql:dbname=eisc_data;host=127.0.0.1;charset=utf8
[ sql ] [ SQL ] SHOW COLUMNS FROM `s_data_1013` [ RunTime:0.006000s ]
[ sql ] [ SQL ] SELECT COUNT(*) AS tp_count FROM `s_data_1013` LIMIT 1 [ RunTime:0.000000s ]
[ sql ] [ DB ] CONNECT:[ UseTime:0.001000s ] mysql:dbname=eisc_data;host=127.0.0.1;charset=utf8
[ sql ] [ SQL ] SHOW COLUMNS FROM `s_data_1014` [ RunTime:0.004001s ]
[ sql ] [ SQL ] SELECT COUNT(*) AS tp_count FROM `s_data_1014` LIMIT 1 [ RunTime:0.000000s ]
[ sql ] [ DB ] CONNECT:[ UseTime:0.001000s ] mysql:dbname=eisc_data;host=127.0.0.1;charset=utf8
[ sql ] [ SQL ] SHOW COLUMNS FROM `s_data_1015` [ RunTime:0.015001s ]
[ sql ] [ SQL ] SELECT COUNT(*) AS tp_count FROM `s_data_1015` LIMIT 1 [ RunTime:0.002000s ]
[ sql ] [ DB ] CONNECT:[ UseTime:0.001000s ] mysql:dbname=eisc_data;host=127.0.0.1;charset=utf8
[ sql ] [ SQL ] SHOW COLUMNS FROM `s_data_1016` [ RunTime:0.005000s ]
[ sql ] [ SQL ] SELECT COUNT(*) AS tp_count FROM `s_data_1016` LIMIT 1 [ RunTime:0.000000s ]
[ sql ] [ DB ] CONNECT:[ UseTime:0.000000s ] mysql:dbname=eisc_data;host=127.0.0.1;charset=utf8
[ sql ] [ SQL ] SHOW COLUMNS FROM `s_data_1001` [ RunTime:0.004001s ]
[ sql ] [ SQL ] SELECT COUNT(*) AS tp_count FROM `s_data_1001` LIMIT 1 [ RunTime:0.001000s ]
[ sql ] [ DB ] CONNECT:[ UseTime:0.001000s ] mysql:dbname=eisc_data;host=127.0.0.1;charset=utf8
[ sql ] [ SQL ] SHOW COLUMNS FROM `s_data_1002` [ RunTime:0.005000s ]
[ sql ] [ SQL ] SELECT COUNT(*) AS tp_count FROM `s_data_1002` LIMIT 1 [ RunTime:0.000000s ]
[ sql ] [ DB ] CONNECT:[ UseTime:0.001000s ] mysql:dbname=eisc_data;host=127.0.0.1;charset=utf8
[ sql ] [ SQL ] SHOW COLUMNS FROM `s_data_1003` [ RunTime:0.004000s ]
[ sql ] [ SQL ] SELECT COUNT(*) AS tp_count FROM `s_data_1003` LIMIT 1 [ RunTime:0.000000s ]
[ sql ] [ DB ] CONNECT:[ UseTime:0.001000s ] mysql:dbname=eisc_data;host=127.0.0.1;charset=utf8
[ sql ] [ SQL ] SHOW COLUMNS FROM `s_data_1004` [ RunTime:0.005001s ]
[ sql ] [ SQL ] SELECT COUNT(*) AS tp_count FROM `s_data_1004` LIMIT 1 [ RunTime:0.001000s ]
[ sql ] [ DB ] CONNECT:[ UseTime:0.001000s ] mysql:dbname=eisc_data;host=127.0.0.1;charset=utf8
[ sql ] [ SQL ] SHOW COLUMNS FROM `s_data_1005` [ RunTime:0.005000s ]
[ sql ] [ SQL ] SELECT COUNT(*) AS tp_count FROM `s_data_1005` LIMIT 1 [ RunTime:0.001000s ]
[ sql ] [ DB ] CONNECT:[ UseTime:0.001000s ] mysql:dbname=eisc_data;host=127.0.0.1;charset=utf8
[ sql ] [ SQL ] SHOW COLUMNS FROM `s_data_1006` [ RunTime:0.017001s ]
[ sql ] [ SQL ] SELECT COUNT(*) AS tp_count FROM `s_data_1006` LIMIT 1 [ RunTime:0.001001s ]
[ sql ] [ DB ] CONNECT:[ UseTime:0.011000s ] mysql:dbname=eisc_data;host=127.0.0.1;charset=utf8
[ sql ] [ SQL ] SHOW COLUMNS FROM `s_data_1007` [ RunTime:0.004000s ]
[ sql ] [ SQL ] SELECT COUNT(*) AS tp_count FROM `s_data_1007` LIMIT 1 [ RunTime:0.001000s ]
[ sql ] [ DB ] CONNECT:[ UseTime:0.001001s ] mysql:dbname=eisc_data;host=127.0.0.1;charset=utf8
[ sql ] [ SQL ] SHOW COLUMNS FROM `s_data_1008` [ RunTime:0.005000s ]
[ sql ] [ SQL ] SELECT COUNT(*) AS tp_count FROM `s_data_1008` LIMIT 1 [ RunTime:0.000000s ]
[ sql ] [ DB ] CONNECT:[ UseTime:0.001000s ] mysql:dbname=eisc_data;host=127.0.0.1;charset=utf8
[ sql ] [ SQL ] SHOW COLUMNS FROM `s_data_1009` [ RunTime:0.004000s ]
[ sql ] [ SQL ] SELECT COUNT(*) AS tp_count FROM `s_data_1009` LIMIT 1 [ RunTime:0.000000s ]
[ sql ] [ DB ] CONNECT:[ UseTime:0.001000s ] mysql:dbname=eisc_data;host=127.0.0.1;charset=utf8
[ sql ] [ SQL ] SHOW COLUMNS FROM `s_data_1010` [ RunTime:0.004000s ]
[ sql ] [ SQL ] SELECT COUNT(*) AS tp_count FROM `s_data_1010` LIMIT 1 [ RunTime:0.001000s ]
[ sql ] [ DB ] CONNECT:[ UseTime:0.003000s ] mysql:dbname=eisc_data;host=127.0.0.1;charset=utf8
[ sql ] [ SQL ] SHOW COLUMNS FROM `s_data_1011` [ RunTime:0.013001s ]
[ sql ] [ SQL ] SELECT COUNT(*) AS tp_count FROM `s_data_1011` LIMIT 1 [ RunTime:0.001000s ]
[ sql ] [ DB ] CONNECT:[ UseTime:0.002000s ] mysql:dbname=eisc_data;host=127.0.0.1;charset=utf8
[ sql ] [ SQL ] SHOW COLUMNS FROM `s_data_1017` [ RunTime:0.004000s ]
[ sql ] [ SQL ] SELECT COUNT(*) AS tp_count FROM `s_data_1017` LIMIT 1 [ RunTime:0.000000s ]
[ sql ] [ DB ] CONNECT:[ UseTime:0.001000s ] mysql:dbname=eisc_data;host=127.0.0.1;charset=utf8
[ sql ] [ SQL ] SHOW COLUMNS FROM `s_data_1018` [ RunTime:0.005001s ]
[ sql ] [ SQL ] SELECT COUNT(*) AS tp_count FROM `s_data_1018` LIMIT 1 [ RunTime:0.000000s ]
[ sql ] [ DB ] CONNECT:[ UseTime:0.001000s ] mysql:dbname=eisc_data;host=127.0.0.1;charset=utf8
[ sql ] [ SQL ] SHOW COLUMNS FROM `s_data_1019` [ RunTime:0.004000s ]
[ sql ] [ SQL ] SELECT COUNT(*) AS tp_count FROM `s_data_1019` LIMIT 1 [ RunTime:0.000000s ]
[ sql ] [ DB ] CONNECT:[ UseTime:0.000000s ] mysql:dbname=eisc_data;host=127.0.0.1;charset=utf8
[ sql ] [ SQL ] SHOW COLUMNS FROM `s_data_1020` [ RunTime:0.004000s ]
[ sql ] [ SQL ] SELECT COUNT(*) AS tp_count FROM `s_data_1020` LIMIT 1 [ RunTime:0.000000s ]
[ sql ] [ DB ] CONNECT:[ UseTime:0.010001s ] mysql:dbname=eisc_data;host=127.0.0.1;charset=utf8
[ sql ] [ SQL ] SHOW COLUMNS FROM `s_data_1021` [ RunTime:0.004000s ]
[ sql ] [ SQL ] SELECT COUNT(*) AS tp_count FROM `s_data_1021` LIMIT 1 [ RunTime:0.000000s ]

---------------------------------------------------------------
[ 2016-12-20T06:16:17+08:00 ] 127.0.0.1 127.0.0.1 GET /index/index/index.html
[ log ] 127.0.0.1/index/index/index.html [运行时间：0.042002s][吞吐率：23.81req/s] [内存消耗：1,285.93kb] [文件加载：33]
[ info ] [ LANG ] U:\phpStudy_A\WWW\thinkphp\lang\zh-cn.php
[ info ] [ ROUTE ] array (
  'type' => 'module',
  'module' => 
  array (
    0 => 'index',
    1 => 'index',
    2 => 'index',
  ),
)
[ info ] [ HEADER ] array (
  'host' => '127.0.0.1',
  'user-agent' => 'Mozilla/5.0 (Windows NT 6.1; WOW64; rv:52.0) Gecko/20100101 Firefox/52.0',
  'accept' => 'text/html,application/xhtml+xml,application/xml;q=0.9,*/*;q=0.8',
  'accept-language' => 'zh-CN,zh;q=0.8,en-US;q=0.5,en;q=0.3',
  'accept-encoding' => 'gzip, deflate',
  'referer' => 'http://127.0.0.1/index/index/publication.html?type=R',
  'cookie' => 'PHPSESSID=vue88d4tl9ijam94j0brt0d8v2',
  'connection' => 'keep-alive',
  'upgrade-insecure-requests' => '1',
  'cache-control' => 'max-age=0',
)
[ info ] [ PARAM ] array (
)
[ info ] [ SESSION ] INIT array (
  'id' => '',
  'var_session_id' => '',
  'prefix' => 'think',
  'type' => '',
  'auto_start' => true,
)
[ info ] [ RUN ] app\index\controller\Index->index[ U:\phpStudy_A\WWW\search\index\controller\Index.php ]
[ info ] [ VIEW ] U:\phpStudy_A\WWW/search/index\view\index\index.html [ array (
  0 => 'userid',
  1 => 'username',
) ]
[ info ] [ LOG ] INIT File

---------------------------------------------------------------
[ 2016-12-20T06:16:18+08:00 ] 127.0.0.1 127.0.0.1 GET /index/index/counts.html
[ log ] 127.0.0.1/index/index/counts.html [运行时间：0.327019s][吞吐率：3.06req/s] [内存消耗：2,568.63kb] [文件加载：42]
[ info ] [ LANG ] U:\phpStudy_A\WWW\thinkphp\lang\zh-cn.php
[ info ] [ ROUTE ] array (
  'type' => 'module',
  'module' => 
  array (
    0 => 'index',
    1 => 'index',
    2 => 'counts',
  ),
)
[ info ] [ HEADER ] array (
  'host' => '127.0.0.1',
  'user-agent' => 'Mozilla/5.0 (Windows NT 6.1; WOW64; rv:52.0) Gecko/20100101 Firefox/52.0',
  'accept' => '*/*',
  'accept-language' => 'zh-CN,zh;q=0.8,en-US;q=0.5,en;q=0.3',
  'accept-encoding' => 'gzip, deflate',
  'referer' => 'http://127.0.0.1/index/index/index.html',
  'x-requested-with' => 'XMLHttpRequest',
  'cookie' => 'PHPSESSID=vue88d4tl9ijam94j0brt0d8v2',
  'connection' => 'keep-alive',
  'cache-control' => 'max-age=0',
)
[ info ] [ PARAM ] array (
)
[ info ] [ SESSION ] INIT array (
  'id' => '',
  'var_session_id' => '',
  'prefix' => 'think',
  'type' => '',
  'auto_start' => true,
)
[ info ] [ RUN ] app\index\controller\Index->counts[ U:\phpStudy_A\WWW\search\index\controller\Index.php ]
[ info ] [ CACHE ] INIT File
[ info ] [ DB ] INIT mysql
[ info ] [ DB ] INIT mysql
[ info ] [ DB ] INIT mysql
[ info ] [ DB ] INIT mysql
[ info ] [ DB ] INIT mysql
[ info ] [ DB ] INIT mysql
[ info ] [ DB ] INIT mysql
[ info ] [ DB ] INIT mysql
[ info ] [ DB ] INIT mysql
[ info ] [ DB ] INIT mysql
[ info ] [ DB ] INIT mysql
[ info ] [ DB ] INIT mysql
[ info ] [ DB ] INIT mysql
[ info ] [ DB ] INIT mysql
[ info ] [ DB ] INIT mysql
[ info ] [ DB ] INIT mysql
[ info ] [ DB ] INIT mysql
[ info ] [ DB ] INIT mysql
[ info ] [ DB ] INIT mysql
[ info ] [ DB ] INIT mysql
[ info ] [ DB ] INIT mysql
[ info ] [ DB ] INIT mysql
[ info ] [ LOG ] INIT File
[ sql ] [ DB ] CONNECT:[ UseTime:0.001000s ] mysql:dbname=eisc_data;host=127.0.0.1;charset=utf8
[ sql ] [ SQL ] SHOW COLUMNS FROM `s_class` [ RunTime:0.003000s ]
[ sql ] [ SQL ] SELECT `tname` FROM `s_class` [ RunTime:0.000000s ]
[ sql ] [ DB ] CONNECT:[ UseTime:0.001001s ] mysql:dbname=eisc_data;host=127.0.0.1;charset=utf8
[ sql ] [ SQL ] SHOW COLUMNS FROM `s_data_1012` [ RunTime:0.004000s ]
[ sql ] [ SQL ] SELECT COUNT(*) AS tp_count FROM `s_data_1012` LIMIT 1 [ RunTime:0.001000s ]
[ sql ] [ DB ] CONNECT:[ UseTime:0.010000s ] mysql:dbname=eisc_data;host=127.0.0.1;charset=utf8
[ sql ] [ SQL ] SHOW COLUMNS FROM `s_data_1013` [ RunTime:0.012001s ]
[ sql ] [ SQL ] SELECT COUNT(*) AS tp_count FROM `s_data_1013` LIMIT 1 [ RunTime:0.000000s ]
[ sql ] [ DB ] CONNECT:[ UseTime:0.001000s ] mysql:dbname=eisc_data;host=127.0.0.1;charset=utf8
[ sql ] [ SQL ] SHOW COLUMNS FROM `s_data_1014` [ RunTime:0.003000s ]
[ sql ] [ SQL ] SELECT COUNT(*) AS tp_count FROM `s_data_1014` LIMIT 1 [ RunTime:0.001000s ]
[ sql ] [ DB ] CONNECT:[ UseTime:0.000000s ] mysql:dbname=eisc_data;host=127.0.0.1;charset=utf8
[ sql ] [ SQL ] SHOW COLUMNS FROM `s_data_1015` [ RunTime:0.004001s ]
[ sql ] [ SQL ] SELECT COUNT(*) AS tp_count FROM `s_data_1015` LIMIT 1 [ RunTime:0.000000s ]
[ sql ] [ DB ] CONNECT:[ UseTime:0.010000s ] mysql:dbname=eisc_data;host=127.0.0.1;charset=utf8
[ sql ] [ SQL ] SHOW COLUMNS FROM `s_data_1016` [ RunTime:0.004001s ]
[ sql ] [ SQL ] SELECT COUNT(*) AS tp_count FROM `s_data_1016` LIMIT 1 [ RunTime:0.000000s ]
[ sql ] [ DB ] CONNECT:[ UseTime:0.010000s ] mysql:dbname=eisc_data;host=127.0.0.1;charset=utf8
[ sql ] [ SQL ] SHOW COLUMNS FROM `s_data_1001` [ RunTime:0.015001s ]
[ sql ] [ SQL ] SELECT COUNT(*) AS tp_count FROM `s_data_1001` LIMIT 1 [ RunTime:0.001000s ]
[ sql ] [ DB ] CONNECT:[ UseTime:0.000000s ] mysql:dbname=eisc_data;host=127.0.0.1;charset=utf8
[ sql ] [ SQL ] SHOW COLUMNS FROM `s_data_1002` [ RunTime:0.004001s ]
[ sql ] [ SQL ] SELECT COUNT(*) AS tp_count FROM `s_data_1002` LIMIT 1 [ RunTime:0.000000s ]
[ sql ] [ DB ] CONNECT:[ UseTime:0.001000s ] mysql:dbname=eisc_data;host=127.0.0.1;charset=utf8
[ sql ] [ SQL ] SHOW COLUMNS FROM `s_data_1003` [ RunTime:0.005000s ]
[ sql ] [ SQL ] SELECT COUNT(*) AS tp_count FROM `s_data_1003` LIMIT 1 [ RunTime:0.001000s ]
[ sql ] [ DB ] CONNECT:[ UseTime:0.011001s ] mysql:dbname=eisc_data;host=127.0.0.1;charset=utf8
[ sql ] [ SQL ] SHOW COLUMNS FROM `s_data_1004` [ RunTime:0.004000s ]
[ sql ] [ SQL ] SELECT COUNT(*) AS tp_count FROM `s_data_1004` LIMIT 1 [ RunTime:0.000000s ]
[ sql ] [ DB ] CONNECT:[ UseTime:0.001000s ] mysql:dbname=eisc_data;host=127.0.0.1;charset=utf8
[ sql ] [ SQL ] SHOW COLUMNS FROM `s_data_1005` [ RunTime:0.004000s ]
[ sql ] [ SQL ] SELECT COUNT(*) AS tp_count FROM `s_data_1005` LIMIT 1 [ RunTime:0.000000s ]
[ sql ] [ DB ] CONNECT:[ UseTime:0.000000s ] mysql:dbname=eisc_data;host=127.0.0.1;charset=utf8
[ sql ] [ SQL ] SHOW COLUMNS FROM `s_data_1006` [ RunTime:0.005001s ]
[ sql ] [ SQL ] SELECT COUNT(*) AS tp_count FROM `s_data_1006` LIMIT 1 [ RunTime:0.002000s ]
[ sql ] [ DB ] CONNECT:[ UseTime:0.003000s ] mysql:dbname=eisc_data;host=127.0.0.1;charset=utf8
[ sql ] [ SQL ] SHOW COLUMNS FROM `s_data_1007` [ RunTime:0.011001s ]
[ sql ] [ SQL ] SELECT COUNT(*) AS tp_count FROM `s_data_1007` LIMIT 1 [ RunTime:0.001000s ]
[ sql ] [ DB ] CONNECT:[ UseTime:0.002000s ] mysql:dbname=eisc_data;host=127.0.0.1;charset=utf8
[ sql ] [ SQL ] SHOW COLUMNS FROM `s_data_1008` [ RunTime:0.004000s ]
[ sql ] [ SQL ] SELECT COUNT(*) AS tp_count FROM `s_data_1008` LIMIT 1 [ RunTime:0.000000s ]
[ sql ] [ DB ] CONNECT:[ UseTime:0.001000s ] mysql:dbname=eisc_data;host=127.0.0.1;charset=utf8
[ sql ] [ SQL ] SHOW COLUMNS FROM `s_data_1009` [ RunTime:0.004000s ]
[ sql ] [ SQL ] SELECT COUNT(*) AS tp_count FROM `s_data_1009` LIMIT 1 [ RunTime:0.001001s ]
[ sql ] [ DB ] CONNECT:[ UseTime:0.001000s ] mysql:dbname=eisc_data;host=127.0.0.1;charset=utf8
[ sql ] [ SQL ] SHOW COLUMNS FROM `s_data_1010` [ RunTime:0.006000s ]
[ sql ] [ SQL ] SELECT COUNT(*) AS tp_count FROM `s_data_1010` LIMIT 1 [ RunTime:0.000000s ]
[ sql ] [ DB ] CONNECT:[ UseTime:0.010001s ] mysql:dbname=eisc_data;host=127.0.0.1;charset=utf8
[ sql ] [ SQL ] SHOW COLUMNS FROM `s_data_1011` [ RunTime:0.004000s ]
[ sql ] [ SQL ] SELECT COUNT(*) AS tp_count FROM `s_data_1011` LIMIT 1 [ RunTime:0.000000s ]
[ sql ] [ DB ] CONNECT:[ UseTime:0.000000s ] mysql:dbname=eisc_data;host=127.0.0.1;charset=utf8
[ sql ] [ SQL ] SHOW COLUMNS FROM `s_data_1017` [ RunTime:0.015001s ]
[ sql ] [ SQL ] SELECT COUNT(*) AS tp_count FROM `s_data_1017` LIMIT 1 [ RunTime:0.001000s ]
[ sql ] [ DB ] CONNECT:[ UseTime:0.002000s ] mysql:dbname=eisc_data;host=127.0.0.1;charset=utf8
[ sql ] [ SQL ] SHOW COLUMNS FROM `s_data_1018` [ RunTime:0.005000s ]
[ sql ] [ SQL ] SELECT COUNT(*) AS tp_count FROM `s_data_1018` LIMIT 1 [ RunTime:0.000000s ]
[ sql ] [ DB ] CONNECT:[ UseTime:0.001000s ] mysql:dbname=eisc_data;host=127.0.0.1;charset=utf8
[ sql ] [ SQL ] SHOW COLUMNS FROM `s_data_1019` [ RunTime:0.005000s ]
[ sql ] [ SQL ] SELECT COUNT(*) AS tp_count FROM `s_data_1019` LIMIT 1 [ RunTime:0.000000s ]
[ sql ] [ DB ] CONNECT:[ UseTime:0.001000s ] mysql:dbname=eisc_data;host=127.0.0.1;charset=utf8
[ sql ] [ SQL ] SHOW COLUMNS FROM `s_data_1020` [ RunTime:0.010001s ]
[ sql ] [ SQL ] SELECT COUNT(*) AS tp_count FROM `s_data_1020` LIMIT 1 [ RunTime:0.000000s ]
[ sql ] [ DB ] CONNECT:[ UseTime:0.001000s ] mysql:dbname=eisc_data;host=127.0.0.1;charset=utf8
[ sql ] [ SQL ] SHOW COLUMNS FROM `s_data_1021` [ RunTime:0.010001s ]
[ sql ] [ SQL ] SELECT COUNT(*) AS tp_count FROM `s_data_1021` LIMIT 1 [ RunTime:0.001000s ]

---------------------------------------------------------------
[ 2016-12-20T07:57:02+08:00 ] 127.0.0.1 127.0.0.1 GET /index/index/index.html
[ log ] 127.0.0.1/index/index/index.html [运行时间：0.368021s][吞吐率：2.72req/s] [内存消耗：1,285.77kb] [文件加载：33]
[ info ] [ LANG ] U:\phpStudy_A\WWW\thinkphp\lang\zh-cn.php
[ info ] [ ROUTE ] array (
  'type' => 'module',
  'module' => 
  array (
    0 => 'index',
    1 => 'index',
    2 => 'index',
  ),
)
[ info ] [ HEADER ] array (
  'host' => '127.0.0.1',
  'user-agent' => 'Mozilla/5.0 (Windows NT 6.1; WOW64; rv:52.0) Gecko/20100101 Firefox/52.0',
  'accept' => 'text/html,application/xhtml+xml,application/xml;q=0.9,*/*;q=0.8',
  'accept-language' => 'zh-CN,zh;q=0.8,en-US;q=0.5,en;q=0.3',
  'accept-encoding' => 'gzip, deflate',
  'referer' => 'http://127.0.0.1/index/index/index.html',
  'cookie' => 'PHPSESSID=vue88d4tl9ijam94j0brt0d8v2',
  'connection' => 'keep-alive',
  'upgrade-insecure-requests' => '1',
)
[ info ] [ PARAM ] array (
)
[ info ] [ SESSION ] INIT array (
  'id' => '',
  'var_session_id' => '',
  'prefix' => 'think',
  'type' => '',
  'auto_start' => true,
)
[ info ] [ RUN ] app\index\controller\Index->index[ U:\phpStudy_A\WWW\search\index\controller\Index.php ]
[ info ] [ VIEW ] U:\phpStudy_A\WWW/search/index\view\index\index.html [ array (
  0 => 'userid',
  1 => 'username',
) ]
[ info ] [ LOG ] INIT File

---------------------------------------------------------------
[ 2016-12-20T07:57:03+08:00 ] 127.0.0.1 127.0.0.1 GET /index/index/counts.html
[ log ] 127.0.0.1/index/index/counts.html [运行时间：0.750043s][吞吐率：1.33req/s] [内存消耗：2,568.47kb] [文件加载：42]
[ info ] [ LANG ] U:\phpStudy_A\WWW\thinkphp\lang\zh-cn.php
[ info ] [ ROUTE ] array (
  'type' => 'module',
  'module' => 
  array (
    0 => 'index',
    1 => 'index',
    2 => 'counts',
  ),
)
[ info ] [ HEADER ] array (
  'host' => '127.0.0.1',
  'user-agent' => 'Mozilla/5.0 (Windows NT 6.1; WOW64; rv:52.0) Gecko/20100101 Firefox/52.0',
  'accept' => '*/*',
  'accept-language' => 'zh-CN,zh;q=0.8,en-US;q=0.5,en;q=0.3',
  'accept-encoding' => 'gzip, deflate',
  'referer' => 'http://127.0.0.1/index/index/index.html',
  'x-requested-with' => 'XMLHttpRequest',
  'cookie' => 'PHPSESSID=vue88d4tl9ijam94j0brt0d8v2',
  'connection' => 'keep-alive',
)
[ info ] [ PARAM ] array (
)
[ info ] [ SESSION ] INIT array (
  'id' => '',
  'var_session_id' => '',
  'prefix' => 'think',
  'type' => '',
  'auto_start' => true,
)
[ info ] [ RUN ] app\index\controller\Index->counts[ U:\phpStudy_A\WWW\search\index\controller\Index.php ]
[ info ] [ CACHE ] INIT File
[ info ] [ DB ] INIT mysql
[ info ] [ DB ] INIT mysql
[ info ] [ DB ] INIT mysql
[ info ] [ DB ] INIT mysql
[ info ] [ DB ] INIT mysql
[ info ] [ DB ] INIT mysql
[ info ] [ DB ] INIT mysql
[ info ] [ DB ] INIT mysql
[ info ] [ DB ] INIT mysql
[ info ] [ DB ] INIT mysql
[ info ] [ DB ] INIT mysql
[ info ] [ DB ] INIT mysql
[ info ] [ DB ] INIT mysql
[ info ] [ DB ] INIT mysql
[ info ] [ DB ] INIT mysql
[ info ] [ DB ] INIT mysql
[ info ] [ DB ] INIT mysql
[ info ] [ DB ] INIT mysql
[ info ] [ DB ] INIT mysql
[ info ] [ DB ] INIT mysql
[ info ] [ DB ] INIT mysql
[ info ] [ DB ] INIT mysql
[ info ] [ LOG ] INIT File
[ sql ] [ DB ] CONNECT:[ UseTime:0.001000s ] mysql:dbname=eisc_data;host=127.0.0.1;charset=utf8
[ sql ] [ SQL ] SHOW COLUMNS FROM `s_class` [ RunTime:0.021001s ]
[ sql ] [ SQL ] SELECT `tname` FROM `s_class` [ RunTime:0.001000s ]
[ sql ] [ DB ] CONNECT:[ UseTime:0.002001s ] mysql:dbname=eisc_data;host=127.0.0.1;charset=utf8
[ sql ] [ SQL ] SHOW COLUMNS FROM `s_data_1012` [ RunTime:0.064003s ]
[ sql ] [ SQL ] SELECT COUNT(*) AS tp_count FROM `s_data_1012` LIMIT 1 [ RunTime:0.001000s ]
[ sql ] [ DB ] CONNECT:[ UseTime:0.000000s ] mysql:dbname=eisc_data;host=127.0.0.1;charset=utf8
[ sql ] [ SQL ] SHOW COLUMNS FROM `s_data_1013` [ RunTime:0.021002s ]
[ sql ] [ SQL ] SELECT COUNT(*) AS tp_count FROM `s_data_1013` LIMIT 1 [ RunTime:0.000000s ]
[ sql ] [ DB ] CONNECT:[ UseTime:0.010000s ] mysql:dbname=eisc_data;host=127.0.0.1;charset=utf8
[ sql ] [ SQL ] SHOW COLUMNS FROM `s_data_1014` [ RunTime:0.014001s ]
[ sql ] [ SQL ] SELECT COUNT(*) AS tp_count FROM `s_data_1014` LIMIT 1 [ RunTime:0.002000s ]
[ sql ] [ DB ] CONNECT:[ UseTime:0.010000s ] mysql:dbname=eisc_data;host=127.0.0.1;charset=utf8
[ sql ] [ SQL ] SHOW COLUMNS FROM `s_data_1015` [ RunTime:0.020001s ]
[ sql ] [ SQL ] SELECT COUNT(*) AS tp_count FROM `s_data_1015` LIMIT 1 [ RunTime:0.000000s ]
[ sql ] [ DB ] CONNECT:[ UseTime:0.000000s ] mysql:dbname=eisc_data;host=127.0.0.1;charset=utf8
[ sql ] [ SQL ] SHOW COLUMNS FROM `s_data_1016` [ RunTime:0.018001s ]
[ sql ] [ SQL ] SELECT COUNT(*) AS tp_count FROM `s_data_1016` LIMIT 1 [ RunTime:0.000000s ]
[ sql ] [ DB ] CONNECT:[ UseTime:0.011000s ] mysql:dbname=eisc_data;host=127.0.0.1;charset=utf8
[ sql ] [ SQL ] SHOW COLUMNS FROM `s_data_1001` [ RunTime:0.014001s ]
[ sql ] [ SQL ] SELECT COUNT(*) AS tp_count FROM `s_data_1001` LIMIT 1 [ RunTime:0.000000s ]
[ sql ] [ DB ] CONNECT:[ UseTime:0.010001s ] mysql:dbname=eisc_data;host=127.0.0.1;charset=utf8
[ sql ] [ SQL ] SHOW COLUMNS FROM `s_data_1002` [ RunTime:0.018001s ]
[ sql ] [ SQL ] SELECT COUNT(*) AS tp_count FROM `s_data_1002` LIMIT 1 [ RunTime:0.000000s ]
[ sql ] [ DB ] CONNECT:[ UseTime:0.010000s ] mysql:dbname=eisc_data;host=127.0.0.1;charset=utf8
[ sql ] [ SQL ] SHOW COLUMNS FROM `s_data_1003` [ RunTime:0.014001s ]
[ sql ] [ SQL ] SELECT COUNT(*) AS tp_count FROM `s_data_1003` LIMIT 1 [ RunTime:0.003000s ]
[ sql ] [ DB ] CONNECT:[ UseTime:0.003001s ] mysql:dbname=eisc_data;host=127.0.0.1;charset=utf8
[ sql ] [ SQL ] SHOW COLUMNS FROM `s_data_1004` [ RunTime:0.019001s ]
[ sql ] [ SQL ] SELECT COUNT(*) AS tp_count FROM `s_data_1004` LIMIT 1 [ RunTime:0.000000s ]
[ sql ] [ DB ] CONNECT:[ UseTime:0.001000s ] mysql:dbname=eisc_data;host=127.0.0.1;charset=utf8
[ sql ] [ SQL ] SHOW COLUMNS FROM `s_data_1005` [ RunTime:0.026001s ]
[ sql ] [ SQL ] SELECT COUNT(*) AS tp_count FROM `s_data_1005` LIMIT 1 [ RunTime:0.000000s ]
[ sql ] [ DB ] CONNECT:[ UseTime:0.010001s ] mysql:dbname=eisc_data;host=127.0.0.1;charset=utf8
[ sql ] [ SQL ] SHOW COLUMNS FROM `s_data_1006` [ RunTime:0.014001s ]
[ sql ] [ SQL ] SELECT COUNT(*) AS tp_count FROM `s_data_1006` LIMIT 1 [ RunTime:0.000000s ]
[ sql ] [ DB ] CONNECT:[ UseTime:0.002000s ] mysql:dbname=eisc_data;host=127.0.0.1;charset=utf8
[ sql ] [ SQL ] SHOW COLUMNS FROM `s_data_1007` [ RunTime:0.016001s ]
[ sql ] [ SQL ] SELECT COUNT(*) AS tp_count FROM `s_data_1007` LIMIT 1 [ RunTime:0.000000s ]
[ sql ] [ DB ] CONNECT:[ UseTime:0.001000s ] mysql:dbname=eisc_data;host=127.0.0.1;charset=utf8
[ sql ] [ SQL ] SHOW COLUMNS FROM `s_data_1008` [ RunTime:0.016001s ]
[ sql ] [ SQL ] SELECT COUNT(*) AS tp_count FROM `s_data_1008` LIMIT 1 [ RunTime:0.000000s ]
[ sql ] [ DB ] CONNECT:[ UseTime:0.001000s ] mysql:dbname=eisc_data;host=127.0.0.1;charset=utf8
[ sql ] [ SQL ] SHOW COLUMNS FROM `s_data_1009` [ RunTime:0.006000s ]
[ sql ] [ SQL ] SELECT COUNT(*) AS tp_count FROM `s_data_1009` LIMIT 1 [ RunTime:0.000000s ]
[ sql ] [ DB ] CONNECT:[ UseTime:0.017001s ] mysql:dbname=eisc_data;host=127.0.0.1;charset=utf8
[ sql ] [ SQL ] SHOW COLUMNS FROM `s_data_1010` [ RunTime:0.016000s ]
[ sql ] [ SQL ] SELECT COUNT(*) AS tp_count FROM `s_data_1010` LIMIT 1 [ RunTime:0.001000s ]
[ sql ] [ DB ] CONNECT:[ UseTime:0.010001s ] mysql:dbname=eisc_data;host=127.0.0.1;charset=utf8
[ sql ] [ SQL ] SHOW COLUMNS FROM `s_data_1011` [ RunTime:0.004000s ]
[ sql ] [ SQL ] SELECT COUNT(*) AS tp_count FROM `s_data_1011` LIMIT 1 [ RunTime:0.000000s ]
[ sql ] [ DB ] CONNECT:[ UseTime:0.000000s ] mysql:dbname=eisc_data;host=127.0.0.1;charset=utf8
[ sql ] [ SQL ] SHOW COLUMNS FROM `s_data_1017` [ RunTime:0.023002s ]
[ sql ] [ SQL ] SELECT COUNT(*) AS tp_count FROM `s_data_1017` LIMIT 1 [ RunTime:0.000000s ]
[ sql ] [ DB ] CONNECT:[ UseTime:0.001000s ] mysql:dbname=eisc_data;host=127.0.0.1;charset=utf8
[ sql ] [ SQL ] SHOW COLUMNS FROM `s_data_1018` [ RunTime:0.024001s ]
[ sql ] [ SQL ] SELECT COUNT(*) AS tp_count FROM `s_data_1018` LIMIT 1 [ RunTime:0.001000s ]
[ sql ] [ DB ] CONNECT:[ UseTime:0.001000s ] mysql:dbname=eisc_data;host=127.0.0.1;charset=utf8
[ sql ] [ SQL ] SHOW COLUMNS FROM `s_data_1019` [ RunTime:0.020002s ]
[ sql ] [ SQL ] SELECT COUNT(*) AS tp_count FROM `s_data_1019` LIMIT 1 [ RunTime:0.000000s ]
[ sql ] [ DB ] CONNECT:[ UseTime:0.010000s ] mysql:dbname=eisc_data;host=127.0.0.1;charset=utf8
[ sql ] [ SQL ] SHOW COLUMNS FROM `s_data_1020` [ RunTime:0.021001s ]
[ sql ] [ SQL ] SELECT COUNT(*) AS tp_count FROM `s_data_1020` LIMIT 1 [ RunTime:0.001001s ]
[ sql ] [ DB ] CONNECT:[ UseTime:0.001000s ] mysql:dbname=eisc_data;host=127.0.0.1;charset=utf8
[ sql ] [ SQL ] SHOW COLUMNS FROM `s_data_1021` [ RunTime:0.017001s ]
[ sql ] [ SQL ] SELECT COUNT(*) AS tp_count FROM `s_data_1021` LIMIT 1 [ RunTime:0.000000s ]

---------------------------------------------------------------
[ 2016-12-20T09:18:14+08:00 ] 127.0.0.1 127.0.0.1 GET /index/index/index.html
[ log ] 127.0.0.1/index/index/index.html [运行时间：0.662038s][吞吐率：1.51req/s] [内存消耗：1,285.77kb] [文件加载：33]
[ info ] [ LANG ] U:\phpStudy_A\WWW\thinkphp\lang\zh-cn.php
[ info ] [ ROUTE ] array (
  'type' => 'module',
  'module' => 
  array (
    0 => 'index',
    1 => 'index',
    2 => 'index',
  ),
)
[ info ] [ HEADER ] array (
  'host' => '127.0.0.1',
  'user-agent' => 'Mozilla/5.0 (Windows NT 6.1; WOW64; rv:52.0) Gecko/20100101 Firefox/52.0',
  'accept' => 'text/html,application/xhtml+xml,application/xml;q=0.9,*/*;q=0.8',
  'accept-language' => 'zh-CN,zh;q=0.8,en-US;q=0.5,en;q=0.3',
  'accept-encoding' => 'gzip, deflate',
  'referer' => 'http://127.0.0.1/index/index/index.html',
  'cookie' => 'PHPSESSID=vue88d4tl9ijam94j0brt0d8v2',
  'connection' => 'keep-alive',
  'upgrade-insecure-requests' => '1',
)
[ info ] [ PARAM ] array (
)
[ info ] [ SESSION ] INIT array (
  'id' => '',
  'var_session_id' => '',
  'prefix' => 'think',
  'type' => '',
  'auto_start' => true,
)
[ info ] [ RUN ] app\index\controller\Index->index[ U:\phpStudy_A\WWW\search\index\controller\Index.php ]
[ info ] [ VIEW ] U:\phpStudy_A\WWW/search/index\view\index\index.html [ array (
  0 => 'userid',
  1 => 'username',
) ]
[ info ] [ LOG ] INIT File

---------------------------------------------------------------
[ 2016-12-20T09:18:17+08:00 ] 127.0.0.1 127.0.0.1 GET /index/index/counts.html
[ log ] 127.0.0.1/index/index/counts.html [运行时间：1.084062s][吞吐率：0.92req/s] [内存消耗：2,568.45kb] [文件加载：42]
[ info ] [ LANG ] U:\phpStudy_A\WWW\thinkphp\lang\zh-cn.php
[ info ] [ ROUTE ] array (
  'type' => 'module',
  'module' => 
  array (
    0 => 'index',
    1 => 'index',
    2 => 'counts',
  ),
)
[ info ] [ HEADER ] array (
  'host' => '127.0.0.1',
  'user-agent' => 'Mozilla/5.0 (Windows NT 6.1; WOW64; rv:52.0) Gecko/20100101 Firefox/52.0',
  'accept' => '*/*',
  'accept-language' => 'zh-CN,zh;q=0.8,en-US;q=0.5,en;q=0.3',
  'accept-encoding' => 'gzip, deflate',
  'referer' => 'http://127.0.0.1/index/index/index.html',
  'x-requested-with' => 'XMLHttpRequest',
  'cookie' => 'PHPSESSID=vue88d4tl9ijam94j0brt0d8v2',
  'connection' => 'keep-alive',
)
[ info ] [ PARAM ] array (
)
[ info ] [ SESSION ] INIT array (
  'id' => '',
  'var_session_id' => '',
  'prefix' => 'think',
  'type' => '',
  'auto_start' => true,
)
[ info ] [ RUN ] app\index\controller\Index->counts[ U:\phpStudy_A\WWW\search\index\controller\Index.php ]
[ info ] [ CACHE ] INIT File
[ info ] [ DB ] INIT mysql
[ info ] [ DB ] INIT mysql
[ info ] [ DB ] INIT mysql
[ info ] [ DB ] INIT mysql
[ info ] [ DB ] INIT mysql
[ info ] [ DB ] INIT mysql
[ info ] [ DB ] INIT mysql
[ info ] [ DB ] INIT mysql
[ info ] [ DB ] INIT mysql
[ info ] [ DB ] INIT mysql
[ info ] [ DB ] INIT mysql
[ info ] [ DB ] INIT mysql
[ info ] [ DB ] INIT mysql
[ info ] [ DB ] INIT mysql
[ info ] [ DB ] INIT mysql
[ info ] [ DB ] INIT mysql
[ info ] [ DB ] INIT mysql
[ info ] [ DB ] INIT mysql
[ info ] [ DB ] INIT mysql
[ info ] [ DB ] INIT mysql
[ info ] [ DB ] INIT mysql
[ info ] [ DB ] INIT mysql
[ info ] [ LOG ] INIT File
[ sql ] [ DB ] CONNECT:[ UseTime:0.002000s ] mysql:dbname=eisc_data;host=127.0.0.1;charset=utf8
[ sql ] [ SQL ] SHOW COLUMNS FROM `s_class` [ RunTime:0.015001s ]
[ sql ] [ SQL ] SELECT `tname` FROM `s_class` [ RunTime:0.000000s ]
[ sql ] [ DB ] CONNECT:[ UseTime:0.001000s ] mysql:dbname=eisc_data;host=127.0.0.1;charset=utf8
[ sql ] [ SQL ] SHOW COLUMNS FROM `s_data_1012` [ RunTime:0.021002s ]
[ sql ] [ SQL ] SELECT COUNT(*) AS tp_count FROM `s_data_1012` LIMIT 1 [ RunTime:0.001000s ]
[ sql ] [ DB ] CONNECT:[ UseTime:0.010000s ] mysql:dbname=eisc_data;host=127.0.0.1;charset=utf8
[ sql ] [ SQL ] SHOW COLUMNS FROM `s_data_1013` [ RunTime:0.065004s ]
[ sql ] [ SQL ] SELECT COUNT(*) AS tp_count FROM `s_data_1013` LIMIT 1 [ RunTime:0.001000s ]
[ sql ] [ DB ] CONNECT:[ UseTime:0.010001s ] mysql:dbname=eisc_data;host=127.0.0.1;charset=utf8
[ sql ] [ SQL ] SHOW COLUMNS FROM `s_data_1014` [ RunTime:0.024001s ]
[ sql ] [ SQL ] SELECT COUNT(*) AS tp_count FROM `s_data_1014` LIMIT 1 [ RunTime:0.000000s ]
[ sql ] [ DB ] CONNECT:[ UseTime:0.010001s ] mysql:dbname=eisc_data;host=127.0.0.1;charset=utf8
[ sql ] [ SQL ] SHOW COLUMNS FROM `s_data_1015` [ RunTime:0.015001s ]
[ sql ] [ SQL ] SELECT COUNT(*) AS tp_count FROM `s_data_1015` LIMIT 1 [ RunTime:0.000000s ]
[ sql ] [ DB ] CONNECT:[ UseTime:0.010001s ] mysql:dbname=eisc_data;host=127.0.0.1;charset=utf8
[ sql ] [ SQL ] SHOW COLUMNS FROM `s_data_1016` [ RunTime:0.036002s ]
[ sql ] [ SQL ] SELECT COUNT(*) AS tp_count FROM `s_data_1016` LIMIT 1 [ RunTime:0.000000s ]
[ sql ] [ DB ] CONNECT:[ UseTime:0.010001s ] mysql:dbname=eisc_data;host=127.0.0.1;charset=utf8
[ sql ] [ SQL ] SHOW COLUMNS FROM `s_data_1001` [ RunTime:0.035002s ]
[ sql ] [ SQL ] SELECT COUNT(*) AS tp_count FROM `s_data_1001` LIMIT 1 [ RunTime:0.000000s ]
[ sql ] [ DB ] CONNECT:[ UseTime:0.010000s ] mysql:dbname=eisc_data;host=127.0.0.1;charset=utf8
[ sql ] [ SQL ] SHOW COLUMNS FROM `s_data_1002` [ RunTime:0.020001s ]
[ sql ] [ SQL ] SELECT COUNT(*) AS tp_count FROM `s_data_1002` LIMIT 1 [ RunTime:0.001001s ]
[ sql ] [ DB ] CONNECT:[ UseTime:0.015000s ] mysql:dbname=eisc_data;host=127.0.0.1;charset=utf8
[ sql ] [ SQL ] SHOW COLUMNS FROM `s_data_1003` [ RunTime:0.021002s ]
[ sql ] [ SQL ] SELECT COUNT(*) AS tp_count FROM `s_data_1003` LIMIT 1 [ RunTime:0.000000s ]
[ sql ] [ DB ] CONNECT:[ UseTime:0.010000s ] mysql:dbname=eisc_data;host=127.0.0.1;charset=utf8
[ sql ] [ SQL ] SHOW COLUMNS FROM `s_data_1004` [ RunTime:0.024002s ]
[ sql ] [ SQL ] SELECT COUNT(*) AS tp_count FROM `s_data_1004` LIMIT 1 [ RunTime:0.001000s ]
[ sql ] [ DB ] CONNECT:[ UseTime:0.011000s ] mysql:dbname=eisc_data;host=127.0.0.1;charset=utf8
[ sql ] [ SQL ] SHOW COLUMNS FROM `s_data_1005` [ RunTime:0.027002s ]
[ sql ] [ SQL ] SELECT COUNT(*) AS tp_count FROM `s_data_1005` LIMIT 1 [ RunTime:0.001000s ]
[ sql ] [ DB ] CONNECT:[ UseTime:0.012001s ] mysql:dbname=eisc_data;host=127.0.0.1;charset=utf8
[ sql ] [ SQL ] SHOW COLUMNS FROM `s_data_1006` [ RunTime:0.026001s ]
[ sql ] [ SQL ] SELECT COUNT(*) AS tp_count FROM `s_data_1006` LIMIT 1 [ RunTime:0.004001s ]
[ sql ] [ DB ] CONNECT:[ UseTime:0.011000s ] mysql:dbname=eisc_data;host=127.0.0.1;charset=utf8
[ sql ] [ SQL ] SHOW COLUMNS FROM `s_data_1007` [ RunTime:0.019001s ]
[ sql ] [ SQL ] SELECT COUNT(*) AS tp_count FROM `s_data_1007` LIMIT 1 [ RunTime:0.000000s ]
[ sql ] [ DB ] CONNECT:[ UseTime:0.011000s ] mysql:dbname=eisc_data;host=127.0.0.1;charset=utf8
[ sql ] [ SQL ] SHOW COLUMNS FROM `s_data_1008` [ RunTime:0.013001s ]
[ sql ] [ SQL ] SELECT COUNT(*) AS tp_count FROM `s_data_1008` LIMIT 1 [ RunTime:0.001000s ]
[ sql ] [ DB ] CONNECT:[ UseTime:0.002000s ] mysql:dbname=eisc_data;host=127.0.0.1;charset=utf8
[ sql ] [ SQL ] SHOW COLUMNS FROM `s_data_1009` [ RunTime:0.015001s ]
[ sql ] [ SQL ] SELECT COUNT(*) AS tp_count FROM `s_data_1009` LIMIT 1 [ RunTime:0.000000s ]
[ sql ] [ DB ] CONNECT:[ UseTime:0.010001s ] mysql:dbname=eisc_data;host=127.0.0.1;charset=utf8
[ sql ] [ SQL ] SHOW COLUMNS FROM `s_data_1010` [ RunTime:0.023001s ]
[ sql ] [ SQL ] SELECT COUNT(*) AS tp_count FROM `s_data_1010` LIMIT 1 [ RunTime:0.002000s ]
[ sql ] [ DB ] CONNECT:[ UseTime:0.004001s ] mysql:dbname=eisc_data;host=127.0.0.1;charset=utf8
[ sql ] [ SQL ] SHOW COLUMNS FROM `s_data_1011` [ RunTime:0.005000s ]
[ sql ] [ SQL ] SELECT COUNT(*) AS tp_count FROM `s_data_1011` LIMIT 1 [ RunTime:0.000000s ]
[ sql ] [ DB ] CONNECT:[ UseTime:0.010001s ] mysql:dbname=eisc_data;host=127.0.0.1;charset=utf8
[ sql ] [ SQL ] SHOW COLUMNS FROM `s_data_1017` [ RunTime:0.023001s ]
[ sql ] [ SQL ] SELECT COUNT(*) AS tp_count FROM `s_data_1017` LIMIT 1 [ RunTime:0.000000s ]
[ sql ] [ DB ] CONNECT:[ UseTime:0.011001s ] mysql:dbname=eisc_data;host=127.0.0.1;charset=utf8
[ sql ] [ SQL ] SHOW COLUMNS FROM `s_data_1018` [ RunTime:0.032002s ]
[ sql ] [ SQL ] SELECT COUNT(*) AS tp_count FROM `s_data_1018` LIMIT 1 [ RunTime:0.000000s ]
[ sql ] [ DB ] CONNECT:[ UseTime:0.012000s ] mysql:dbname=eisc_data;host=127.0.0.1;charset=utf8
[ sql ] [ SQL ] SHOW COLUMNS FROM `s_data_1019` [ RunTime:0.023002s ]
[ sql ] [ SQL ] SELECT COUNT(*) AS tp_count FROM `s_data_1019` LIMIT 1 [ RunTime:0.000000s ]
[ sql ] [ DB ] CONNECT:[ UseTime:0.010000s ] mysql:dbname=eisc_data;host=127.0.0.1;charset=utf8
[ sql ] [ SQL ] SHOW COLUMNS FROM `s_data_1020` [ RunTime:0.021001s ]
[ sql ] [ SQL ] SELECT COUNT(*) AS tp_count FROM `s_data_1020` LIMIT 1 [ RunTime:0.000000s ]
[ sql ] [ DB ] CONNECT:[ UseTime:0.011000s ] mysql:dbname=eisc_data;host=127.0.0.1;charset=utf8
[ sql ] [ SQL ] SHOW COLUMNS FROM `s_data_1021` [ RunTime:0.031002s ]
[ sql ] [ SQL ] SELECT COUNT(*) AS tp_count FROM `s_data_1021` LIMIT 1 [ RunTime:0.000000s ]

---------------------------------------------------------------
[ 2016-12-20T12:50:58+08:00 ] 127.0.0.1 127.0.0.1 GET /index/index/index.html
[ log ] 127.0.0.1/index/index/index.html [运行时间：0.543031s][吞吐率：1.84req/s] [内存消耗：1,285.77kb] [文件加载：33]
[ info ] [ LANG ] U:\phpStudy_A\WWW\thinkphp\lang\zh-cn.php
[ info ] [ ROUTE ] array (
  'type' => 'module',
  'module' => 
  array (
    0 => 'index',
    1 => 'index',
    2 => 'index',
  ),
)
[ info ] [ HEADER ] array (
  'host' => '127.0.0.1',
  'user-agent' => 'Mozilla/5.0 (Windows NT 6.1; WOW64; rv:52.0) Gecko/20100101 Firefox/52.0',
  'accept' => 'text/html,application/xhtml+xml,application/xml;q=0.9,*/*;q=0.8',
  'accept-language' => 'zh-CN,zh;q=0.8,en-US;q=0.5,en;q=0.3',
  'accept-encoding' => 'gzip, deflate',
  'referer' => 'http://127.0.0.1/index/index/index.html',
  'cookie' => 'PHPSESSID=vue88d4tl9ijam94j0brt0d8v2',
  'connection' => 'keep-alive',
  'upgrade-insecure-requests' => '1',
)
[ info ] [ PARAM ] array (
)
[ info ] [ SESSION ] INIT array (
  'id' => '',
  'var_session_id' => '',
  'prefix' => 'think',
  'type' => '',
  'auto_start' => true,
)
[ info ] [ RUN ] app\index\controller\Index->index[ U:\phpStudy_A\WWW\search\index\controller\Index.php ]
[ info ] [ VIEW ] U:\phpStudy_A\WWW/search/index\view\index\index.html [ array (
  0 => 'userid',
  1 => 'username',
) ]
[ info ] [ LOG ] INIT File

---------------------------------------------------------------
[ 2016-12-20T12:51:00+08:00 ] 127.0.0.1 127.0.0.1 GET /index/index/counts.html
[ log ] 127.0.0.1/index/index/counts.html [运行时间：0.947054s][吞吐率：1.06req/s] [内存消耗：2,568.47kb] [文件加载：42]
[ info ] [ LANG ] U:\phpStudy_A\WWW\thinkphp\lang\zh-cn.php
[ info ] [ ROUTE ] array (
  'type' => 'module',
  'module' => 
  array (
    0 => 'index',
    1 => 'index',
    2 => 'counts',
  ),
)
[ info ] [ HEADER ] array (
  'host' => '127.0.0.1',
  'user-agent' => 'Mozilla/5.0 (Windows NT 6.1; WOW64; rv:52.0) Gecko/20100101 Firefox/52.0',
  'accept' => '*/*',
  'accept-language' => 'zh-CN,zh;q=0.8,en-US;q=0.5,en;q=0.3',
  'accept-encoding' => 'gzip, deflate',
  'referer' => 'http://127.0.0.1/index/index/index.html',
  'x-requested-with' => 'XMLHttpRequest',
  'cookie' => 'PHPSESSID=vue88d4tl9ijam94j0brt0d8v2',
  'connection' => 'keep-alive',
)
[ info ] [ PARAM ] array (
)
[ info ] [ SESSION ] INIT array (
  'id' => '',
  'var_session_id' => '',
  'prefix' => 'think',
  'type' => '',
  'auto_start' => true,
)
[ info ] [ RUN ] app\index\controller\Index->counts[ U:\phpStudy_A\WWW\search\index\controller\Index.php ]
[ info ] [ CACHE ] INIT File
[ info ] [ DB ] INIT mysql
[ info ] [ DB ] INIT mysql
[ info ] [ DB ] INIT mysql
[ info ] [ DB ] INIT mysql
[ info ] [ DB ] INIT mysql
[ info ] [ DB ] INIT mysql
[ info ] [ DB ] INIT mysql
[ info ] [ DB ] INIT mysql
[ info ] [ DB ] INIT mysql
[ info ] [ DB ] INIT mysql
[ info ] [ DB ] INIT mysql
[ info ] [ DB ] INIT mysql
[ info ] [ DB ] INIT mysql
[ info ] [ DB ] INIT mysql
[ info ] [ DB ] INIT mysql
[ info ] [ DB ] INIT mysql
[ info ] [ DB ] INIT mysql
[ info ] [ DB ] INIT mysql
[ info ] [ DB ] INIT mysql
[ info ] [ DB ] INIT mysql
[ info ] [ DB ] INIT mysql
[ info ] [ DB ] INIT mysql
[ info ] [ LOG ] INIT File
[ sql ] [ DB ] CONNECT:[ UseTime:0.004000s ] mysql:dbname=eisc_data;host=127.0.0.1;charset=utf8
[ sql ] [ SQL ] SHOW COLUMNS FROM `s_class` [ RunTime:0.047003s ]
[ sql ] [ SQL ] SELECT `tname` FROM `s_class` [ RunTime:0.001000s ]
[ sql ] [ DB ] CONNECT:[ UseTime:0.001000s ] mysql:dbname=eisc_data;host=127.0.0.1;charset=utf8
[ sql ] [ SQL ] SHOW COLUMNS FROM `s_data_1012` [ RunTime:0.020001s ]
[ sql ] [ SQL ] SELECT COUNT(*) AS tp_count FROM `s_data_1012` LIMIT 1 [ RunTime:0.000000s ]
[ sql ] [ DB ] CONNECT:[ UseTime:0.001000s ] mysql:dbname=eisc_data;host=127.0.0.1;charset=utf8
[ sql ] [ SQL ] SHOW COLUMNS FROM `s_data_1013` [ RunTime:0.015001s ]
[ sql ] [ SQL ] SELECT COUNT(*) AS tp_count FROM `s_data_1013` LIMIT 1 [ RunTime:0.001000s ]
[ sql ] [ DB ] CONNECT:[ UseTime:0.002000s ] mysql:dbname=eisc_data;host=127.0.0.1;charset=utf8
[ sql ] [ SQL ] SHOW COLUMNS FROM `s_data_1014` [ RunTime:0.074005s ]
[ sql ] [ SQL ] SELECT COUNT(*) AS tp_count FROM `s_data_1014` LIMIT 1 [ RunTime:0.000000s ]
[ sql ] [ DB ] CONNECT:[ UseTime:0.001000s ] mysql:dbname=eisc_data;host=127.0.0.1;charset=utf8
[ sql ] [ SQL ] SHOW COLUMNS FROM `s_data_1015` [ RunTime:0.018001s ]
[ sql ] [ SQL ] SELECT COUNT(*) AS tp_count FROM `s_data_1015` LIMIT 1 [ RunTime:0.000000s ]
[ sql ] [ DB ] CONNECT:[ UseTime:0.011001s ] mysql:dbname=eisc_data;host=127.0.0.1;charset=utf8
[ sql ] [ SQL ] SHOW COLUMNS FROM `s_data_1016` [ RunTime:0.019001s ]
[ sql ] [ SQL ] SELECT COUNT(*) AS tp_count FROM `s_data_1016` LIMIT 1 [ RunTime:0.000000s ]
[ sql ] [ DB ] CONNECT:[ UseTime:0.001000s ] mysql:dbname=eisc_data;host=127.0.0.1;charset=utf8
[ sql ] [ SQL ] SHOW COLUMNS FROM `s_data_1001` [ RunTime:0.016001s ]
[ sql ] [ SQL ] SELECT COUNT(*) AS tp_count FROM `s_data_1001` LIMIT 1 [ RunTime:0.001000s ]
[ sql ] [ DB ] CONNECT:[ UseTime:0.006000s ] mysql:dbname=eisc_data;host=127.0.0.1;charset=utf8
[ sql ] [ SQL ] SHOW COLUMNS FROM `s_data_1002` [ RunTime:0.016001s ]
[ sql ] [ SQL ] SELECT COUNT(*) AS tp_count FROM `s_data_1002` LIMIT 1 [ RunTime:0.000000s ]
[ sql ] [ DB ] CONNECT:[ UseTime:0.012001s ] mysql:dbname=eisc_data;host=127.0.0.1;charset=utf8
[ sql ] [ SQL ] SHOW COLUMNS FROM `s_data_1003` [ RunTime:0.038002s ]
[ sql ] [ SQL ] SELECT COUNT(*) AS tp_count FROM `s_data_1003` LIMIT 1 [ RunTime:0.000000s ]
[ sql ] [ DB ] CONNECT:[ UseTime:0.001000s ] mysql:dbname=eisc_data;host=127.0.0.1;charset=utf8
[ sql ] [ SQL ] SHOW COLUMNS FROM `s_data_1004` [ RunTime:0.021001s ]
[ sql ] [ SQL ] SELECT COUNT(*) AS tp_count FROM `s_data_1004` LIMIT 1 [ RunTime:0.001001s ]
[ sql ] [ DB ] CONNECT:[ UseTime:0.014000s ] mysql:dbname=eisc_data;host=127.0.0.1;charset=utf8
[ sql ] [ SQL ] SHOW COLUMNS FROM `s_data_1005` [ RunTime:0.023002s ]
[ sql ] [ SQL ] SELECT COUNT(*) AS tp_count FROM `s_data_1005` LIMIT 1 [ RunTime:0.001000s ]
[ sql ] [ DB ] CONNECT:[ UseTime:0.001000s ] mysql:dbname=eisc_data;host=127.0.0.1;charset=utf8
[ sql ] [ SQL ] SHOW COLUMNS FROM `s_data_1006` [ RunTime:0.013001s ]
[ sql ] [ SQL ] SELECT COUNT(*) AS tp_count FROM `s_data_1006` LIMIT 1 [ RunTime:0.000000s ]
[ sql ] [ DB ] CONNECT:[ UseTime:0.000000s ] mysql:dbname=eisc_data;host=127.0.0.1;charset=utf8
[ sql ] [ SQL ] SHOW COLUMNS FROM `s_data_1007` [ RunTime:0.013000s ]
[ sql ] [ SQL ] SELECT COUNT(*) AS tp_count FROM `s_data_1007` LIMIT 1 [ RunTime:0.000000s ]
[ sql ] [ DB ] CONNECT:[ UseTime:0.000000s ] mysql:dbname=eisc_data;host=127.0.0.1;charset=utf8
[ sql ] [ SQL ] SHOW COLUMNS FROM `s_data_1008` [ RunTime:0.024001s ]
[ sql ] [ SQL ] SELECT COUNT(*) AS tp_count FROM `s_data_1008` LIMIT 1 [ RunTime:0.000000s ]
[ sql ] [ DB ] CONNECT:[ UseTime:0.002000s ] mysql:dbname=eisc_data;host=127.0.0.1;charset=utf8
[ sql ] [ SQL ] SHOW COLUMNS FROM `s_data_1009` [ RunTime:0.011001s ]
[ sql ] [ SQL ] SELECT COUNT(*) AS tp_count FROM `s_data_1009` LIMIT 1 [ RunTime:0.000000s ]
[ sql ] [ DB ] CONNECT:[ UseTime:0.010001s ] mysql:dbname=eisc_data;host=127.0.0.1;charset=utf8
[ sql ] [ SQL ] SHOW COLUMNS FROM `s_data_1010` [ RunTime:0.010000s ]
[ sql ] [ SQL ] SELECT COUNT(*) AS tp_count FROM `s_data_1010` LIMIT 1 [ RunTime:0.001000s ]
[ sql ] [ DB ] CONNECT:[ UseTime:0.002000s ] mysql:dbname=eisc_data;host=127.0.0.1;charset=utf8
[ sql ] [ SQL ] SHOW COLUMNS FROM `s_data_1011` [ RunTime:0.006001s ]
[ sql ] [ SQL ] SELECT COUNT(*) AS tp_count FROM `s_data_1011` LIMIT 1 [ RunTime:0.001000s ]
[ sql ] [ DB ] CONNECT:[ UseTime:0.012001s ] mysql:dbname=eisc_data;host=127.0.0.1;charset=utf8
[ sql ] [ SQL ] SHOW COLUMNS FROM `s_data_1017` [ RunTime:0.028001s ]
[ sql ] [ SQL ] SELECT COUNT(*) AS tp_count FROM `s_data_1017` LIMIT 1 [ RunTime:0.000000s ]
[ sql ] [ DB ] CONNECT:[ UseTime:0.002000s ] mysql:dbname=eisc_data;host=127.0.0.1;charset=utf8
[ sql ] [ SQL ] SHOW COLUMNS FROM `s_data_1018` [ RunTime:0.031002s ]
[ sql ] [ SQL ] SELECT COUNT(*) AS tp_count FROM `s_data_1018` LIMIT 1 [ RunTime:0.001000s ]
[ sql ] [ DB ] CONNECT:[ UseTime:0.013001s ] mysql:dbname=eisc_data;host=127.0.0.1;charset=utf8
[ sql ] [ SQL ] SHOW COLUMNS FROM `s_data_1019` [ RunTime:0.020001s ]
[ sql ] [ SQL ] SELECT COUNT(*) AS tp_count FROM `s_data_1019` LIMIT 1 [ RunTime:0.000000s ]
[ sql ] [ DB ] CONNECT:[ UseTime:0.001000s ] mysql:dbname=eisc_data;host=127.0.0.1;charset=utf8
[ sql ] [ SQL ] SHOW COLUMNS FROM `s_data_1020` [ RunTime:0.008001s ]
[ sql ] [ SQL ] SELECT COUNT(*) AS tp_count FROM `s_data_1020` LIMIT 1 [ RunTime:0.000000s ]
[ sql ] [ DB ] CONNECT:[ UseTime:0.001000s ] mysql:dbname=eisc_data;host=127.0.0.1;charset=utf8
[ sql ] [ SQL ] SHOW COLUMNS FROM `s_data_1021` [ RunTime:0.018001s ]
[ sql ] [ SQL ] SELECT COUNT(*) AS tp_count FROM `s_data_1021` LIMIT 1 [ RunTime:0.001000s ]

---------------------------------------------------------------
[ 2016-12-20T12:51:01+08:00 ] 127.0.0.1 127.0.0.1 GET /usercenter/login/uin.html
[ log ] 127.0.0.1/usercenter/login/uin.html [运行时间：0.116007s][吞吐率：8.62req/s] [内存消耗：1,279.66kb] [文件加载：33]
[ info ] [ LANG ] U:\phpStudy_A\WWW\thinkphp\lang\zh-cn.php
[ info ] [ ROUTE ] array (
  'type' => 'module',
  'module' => 
  array (
    0 => 'usercenter',
    1 => 'login',
    2 => 'uin',
  ),
)
[ info ] [ HEADER ] array (
  'host' => '127.0.0.1',
  'user-agent' => 'Mozilla/5.0 (Windows NT 6.1; WOW64; rv:52.0) Gecko/20100101 Firefox/52.0',
  'accept' => 'text/html,application/xhtml+xml,application/xml;q=0.9,*/*;q=0.8',
  'accept-language' => 'zh-CN,zh;q=0.8,en-US;q=0.5,en;q=0.3',
  'accept-encoding' => 'gzip, deflate',
  'referer' => 'http://127.0.0.1/index/index/index.html',
  'cookie' => 'PHPSESSID=vue88d4tl9ijam94j0brt0d8v2',
  'connection' => 'keep-alive',
  'upgrade-insecure-requests' => '1',
)
[ info ] [ PARAM ] array (
)
[ info ] [ SESSION ] INIT array (
  'id' => '',
  'var_session_id' => '',
  'prefix' => 'think',
  'type' => '',
  'auto_start' => true,
)
[ info ] [ RUN ] app\usercenter\controller\Login->uin[ U:\phpStudy_A\WWW\search\usercenter\controller\Login.php ]
[ info ] [ VIEW ] U:\phpStudy_A\WWW/search/usercenter\view\login\uin.html [ array (
  0 => 'userid',
  1 => 'username',
) ]
[ info ] [ LOG ] INIT File

---------------------------------------------------------------
[ 2016-12-20T12:51:10+08:00 ] 127.0.0.1 127.0.0.1 POST /usercenter/login/uin.html
[ log ] 127.0.0.1/usercenter/login/uin.html [运行时间：0.305017s][吞吐率：3.28req/s] [内存消耗：1,886.66kb] [文件加载：40]
[ info ] [ LANG ] U:\phpStudy_A\WWW\thinkphp\lang\zh-cn.php
[ info ] [ ROUTE ] array (
  'type' => 'module',
  'module' => 
  array (
    0 => 'usercenter',
    1 => 'login',
    2 => 'uin',
  ),
)
[ info ] [ HEADER ] array (
  'host' => '127.0.0.1',
  'user-agent' => 'Mozilla/5.0 (Windows NT 6.1; WOW64; rv:52.0) Gecko/20100101 Firefox/52.0',
  'accept' => 'text/html,application/xhtml+xml,application/xml;q=0.9,*/*;q=0.8',
  'accept-language' => 'zh-CN,zh;q=0.8,en-US;q=0.5,en;q=0.3',
  'accept-encoding' => 'gzip, deflate',
  'referer' => 'http://127.0.0.1/usercenter/login/uin.html',
  'cookie' => 'PHPSESSID=vue88d4tl9ijam94j0brt0d8v2',
  'connection' => 'keep-alive',
  'upgrade-insecure-requests' => '1',
  'content-type' => 'application/x-www-form-urlencoded',
  'content-length' => '32',
)
[ info ] [ PARAM ] array (
  'uname' => 'eisc@163.com',
  'pass' => '123456',
)
[ info ] [ SESSION ] INIT array (
  'id' => '',
  'var_session_id' => '',
  'prefix' => 'think',
  'type' => '',
  'auto_start' => true,
)
[ info ] [ RUN ] app\usercenter\controller\Login->uin[ U:\phpStudy_A\WWW\search\usercenter\controller\Login.php ]
[ info ] [ DB ] INIT mysql
[ info ] [ VIEW ] U:\phpStudy_A\WWW\thinkphp\tpl\dispatch_jump.tpl [ array (
  0 => 'userid',
  1 => 'username',
  2 => 'code',
  3 => 'msg',
  4 => 'data',
  5 => 'url',
  6 => 'wait',
) ]
[ info ] [ LOG ] INIT File

---------------------------------------------------------------
[ 2016-12-20T12:51:13+08:00 ] 127.0.0.1 127.0.0.1 GET /usercenter/index/index.html
[ log ] 127.0.0.1/usercenter/index/index.html [运行时间：0.146008s][吞吐率：6.85req/s] [内存消耗：1,262.75kb] [文件加载：33]
[ info ] [ LANG ] U:\phpStudy_A\WWW\thinkphp\lang\zh-cn.php
[ info ] [ ROUTE ] array (
  'type' => 'module',
  'module' => 
  array (
    0 => 'usercenter',
    1 => 'index',
    2 => 'index',
  ),
)
[ info ] [ HEADER ] array (
  'host' => '127.0.0.1',
  'user-agent' => 'Mozilla/5.0 (Windows NT 6.1; WOW64; rv:52.0) Gecko/20100101 Firefox/52.0',
  'accept' => 'text/html,application/xhtml+xml,application/xml;q=0.9,*/*;q=0.8',
  'accept-language' => 'zh-CN,zh;q=0.8,en-US;q=0.5,en;q=0.3',
  'accept-encoding' => 'gzip, deflate',
  'referer' => 'http://127.0.0.1/usercenter/login/uin.html',
  'cookie' => 'PHPSESSID=vue88d4tl9ijam94j0brt0d8v2',
  'connection' => 'keep-alive',
  'upgrade-insecure-requests' => '1',
)
[ info ] [ PARAM ] array (
)
[ info ] [ SESSION ] INIT array (
  'id' => '',
  'var_session_id' => '',
  'prefix' => 'think',
  'type' => '',
  'auto_start' => true,
)
[ info ] [ RUN ] app\usercenter\controller\Index->index[ U:\phpStudy_A\WWW\search\usercenter\controller\Index.php ]
[ info ] [ VIEW ] U:\phpStudy_A\WWW/search/usercenter\view\index\index.html [ array (
  0 => 'userid',
  1 => 'username',
) ]
[ info ] [ LOG ] INIT File

---------------------------------------------------------------
[ 2016-12-20T13:25:31+08:00 ] 127.0.0.1 127.0.0.1 GET /usercenter/index/index.html
[ log ] 127.0.0.1/usercenter/index/index.html [运行时间：0.042002s][吞吐率：23.81req/s] [内存消耗：1,262.75kb] [文件加载：33]
[ info ] [ LANG ] U:\phpStudy_A\WWW\thinkphp\lang\zh-cn.php
[ info ] [ ROUTE ] array (
  'type' => 'module',
  'module' => 
  array (
    0 => 'usercenter',
    1 => 'index',
    2 => 'index',
  ),
)
[ info ] [ HEADER ] array (
  'host' => '127.0.0.1',
  'user-agent' => 'Mozilla/5.0 (Windows NT 6.1; WOW64; rv:52.0) Gecko/20100101 Firefox/52.0',
  'accept' => 'text/html,application/xhtml+xml,application/xml;q=0.9,*/*;q=0.8',
  'accept-language' => 'zh-CN,zh;q=0.8,en-US;q=0.5,en;q=0.3',
  'accept-encoding' => 'gzip, deflate',
  'referer' => 'http://127.0.0.1/usercenter/index/index.html',
  'cookie' => 'PHPSESSID=vue88d4tl9ijam94j0brt0d8v2',
  'connection' => 'keep-alive',
  'upgrade-insecure-requests' => '1',
)
[ info ] [ PARAM ] array (
)
[ info ] [ SESSION ] INIT array (
  'id' => '',
  'var_session_id' => '',
  'prefix' => 'think',
  'type' => '',
  'auto_start' => true,
)
[ info ] [ RUN ] app\usercenter\controller\Index->index[ U:\phpStudy_A\WWW\search\usercenter\controller\Index.php ]
[ info ] [ VIEW ] U:\phpStudy_A\WWW/search/usercenter\view\index\index.html [ array (
  0 => 'userid',
  1 => 'username',
) ]
[ info ] [ LOG ] INIT File

---------------------------------------------------------------
