[ 2016-12-22T01:15:57+08:00 ] 127.0.0.1 127.0.0.1 GET /usercenter/index/index.html
[ log ] 127.0.0.1/usercenter/index/index.html [运行时间：0.720041s][吞吐率：1.39req/s] [内存消耗：1,407.66kb] [文件加载：35]
[ info ] [ LANG ] U:\phpStudy_A\WWW\thinkphp\lang\zh-cn.php
[ info ] [ ROUTE ] array (
  'type' => 'module',
  'module' => 
  array (
    0 => 'usercenter',
    1 => 'index',
    2 => 'index',
  ),
)
[ info ] [ HEADER ] array (
  'host' => '127.0.0.1',
  'user-agent' => 'Mozilla/5.0 (Windows NT 6.1; WOW64; rv:52.0) Gecko/20100101 Firefox/52.0',
  'accept' => 'text/html,application/xhtml+xml,application/xml;q=0.9,*/*;q=0.8',
  'accept-language' => 'zh-CN,zh;q=0.8,en-US;q=0.5,en;q=0.3',
  'accept-encoding' => 'gzip, deflate',
  'referer' => 'http://127.0.0.1/usercenter/index/index.html',
  'cookie' => 'PHPSESSID=oak60i4tf03457hdpl732shin4',
  'connection' => 'keep-alive',
  'upgrade-insecure-requests' => '1',
  'cache-control' => 'max-age=0',
)
[ info ] [ PARAM ] array (
)
[ info ] [ SESSION ] INIT array (
  'id' => '',
  'var_session_id' => '',
  'prefix' => 'think',
  'type' => '',
  'auto_start' => true,
)
[ info ] [ RUN ] app\usercenter\controller\Index->index[ U:\phpStudy_A\WWW\search\usercenter\controller\Index.php ]
[ info ] [ VIEW ] U:\phpStudy_A\WWW/search/usercenter\view\index\index.html [ array (
  0 => 'userid',
  1 => 'username',
) ]
[ info ] [ LOG ] INIT File

---------------------------------------------------------------
[ 2016-12-22T01:21:46+08:00 ] 127.0.0.1 127.0.0.1 GET /usercenter/index/index.html
[ log ] 127.0.0.1/usercenter/index/index.html [运行时间：0.036002s][吞吐率：27.78req/s] [内存消耗：1,407.32kb] [文件加载：35]
[ info ] [ LANG ] U:\phpStudy_A\WWW\thinkphp\lang\zh-cn.php
[ info ] [ ROUTE ] array (
  'type' => 'module',
  'module' => 
  array (
    0 => 'usercenter',
    1 => 'index',
    2 => 'index',
  ),
)
[ info ] [ HEADER ] array (
  'host' => '127.0.0.1',
  'user-agent' => 'Mozilla/5.0 (Windows NT 6.1; WOW64; rv:52.0) Gecko/20100101 Firefox/52.0',
  'accept' => 'text/html,application/xhtml+xml,application/xml;q=0.9,*/*;q=0.8',
  'accept-language' => 'zh-CN,zh;q=0.8,en-US;q=0.5,en;q=0.3',
  'accept-encoding' => 'gzip, deflate',
  'referer' => 'http://127.0.0.1/usercenter/index/index.html',
  'cookie' => 'PHPSESSID=oak60i4tf03457hdpl732shin4',
  'connection' => 'keep-alive',
  'upgrade-insecure-requests' => '1',
  'cache-control' => 'max-age=0',
)
[ info ] [ PARAM ] array (
)
[ info ] [ SESSION ] INIT array (
  'id' => '',
  'var_session_id' => '',
  'prefix' => 'think',
  'type' => '',
  'auto_start' => true,
)
[ info ] [ RUN ] app\usercenter\controller\Index->index[ U:\phpStudy_A\WWW\search\usercenter\controller\Index.php ]
[ info ] [ VIEW ] U:\phpStudy_A\WWW/search/usercenter\view\index\index.html [ array (
  0 => 'userid',
  1 => 'username',
) ]
[ info ] [ LOG ] INIT File

---------------------------------------------------------------
[ 2016-12-22T01:24:58+08:00 ] 127.0.0.1 127.0.0.1 GET /index/index/publication.html?type=R
[ log ] 127.0.0.1/index/index/publication.html?type=R [运行时间：2.965169s][吞吐率：0.34req/s] [内存消耗：1,335.08kb] [文件加载：36]
[ info ] [ LANG ] U:\phpStudy_A\WWW\thinkphp\lang\zh-cn.php
[ info ] [ ROUTE ] array (
  'type' => 'module',
  'module' => 
  array (
    0 => 'index',
    1 => 'index',
    2 => 'publication',
  ),
)
[ info ] [ HEADER ] array (
  'host' => '127.0.0.1',
  'user-agent' => 'Mozilla/5.0 (Windows NT 6.1; WOW64; rv:52.0) Gecko/20100101 Firefox/52.0',
  'accept' => 'text/html,application/xhtml+xml,application/xml;q=0.9,*/*;q=0.8',
  'accept-language' => 'zh-CN,zh;q=0.8,en-US;q=0.5,en;q=0.3',
  'accept-encoding' => 'gzip, deflate',
  'referer' => 'http://127.0.0.1/index/index/publication.html?type=R',
  'cookie' => 'PHPSESSID=oak60i4tf03457hdpl732shin4',
  'connection' => 'keep-alive',
  'upgrade-insecure-requests' => '1',
)
[ info ] [ PARAM ] array (
  'type' => 'R',
)
[ info ] [ SESSION ] INIT array (
  'id' => '',
  'var_session_id' => '',
  'prefix' => 'think',
  'type' => '',
  'auto_start' => true,
)
[ info ] [ RUN ] app\index\controller\Index->publication[ U:\phpStudy_A\WWW\search\index\controller\Index.php ]
[ info ] [ VIEW ] U:\phpStudy_A\WWW/search/index\view\index\publication.html [ array (
  0 => 'userid',
  1 => 'username',
  2 => 'type',
) ]
[ info ] [ LOG ] INIT File
[ error ] [8]未定义变量: page[U:\phpStudy_A\WWW\runtime\temp\069af5a380cd0f1bc58897d495625513.php:102]

---------------------------------------------------------------
[ 2016-12-22T01:24:59+08:00 ] 127.0.0.1 127.0.0.1 GET /index/index/publication.html?type=C
[ log ] 127.0.0.1/index/index/publication.html?type=C [运行时间：0.047002s][吞吐率：21.28req/s] [内存消耗：1,335.08kb] [文件加载：36]
[ info ] [ LANG ] U:\phpStudy_A\WWW\thinkphp\lang\zh-cn.php
[ info ] [ ROUTE ] array (
  'type' => 'module',
  'module' => 
  array (
    0 => 'index',
    1 => 'index',
    2 => 'publication',
  ),
)
[ info ] [ HEADER ] array (
  'host' => '127.0.0.1',
  'user-agent' => 'Mozilla/5.0 (Windows NT 6.1; WOW64; rv:52.0) Gecko/20100101 Firefox/52.0',
  'accept' => 'text/html,application/xhtml+xml,application/xml;q=0.9,*/*;q=0.8',
  'accept-language' => 'zh-CN,zh;q=0.8,en-US;q=0.5,en;q=0.3',
  'accept-encoding' => 'gzip, deflate',
  'referer' => 'http://127.0.0.1/index/index/publication.html?type=R',
  'cookie' => 'PHPSESSID=oak60i4tf03457hdpl732shin4',
  'connection' => 'keep-alive',
  'upgrade-insecure-requests' => '1',
)
[ info ] [ PARAM ] array (
  'type' => 'C',
)
[ info ] [ SESSION ] INIT array (
  'id' => '',
  'var_session_id' => '',
  'prefix' => 'think',
  'type' => '',
  'auto_start' => true,
)
[ info ] [ RUN ] app\index\controller\Index->publication[ U:\phpStudy_A\WWW\search\index\controller\Index.php ]
[ info ] [ VIEW ] U:\phpStudy_A\WWW/search/index\view\index\publication.html [ array (
  0 => 'userid',
  1 => 'username',
  2 => 'type',
) ]
[ info ] [ LOG ] INIT File
[ error ] [8]未定义变量: page[U:\phpStudy_A\WWW\runtime\temp\069af5a380cd0f1bc58897d495625513.php:102]

---------------------------------------------------------------
[ 2016-12-22T01:25:00+08:00 ] 127.0.0.1 127.0.0.1 POST /index/publication/index.html
[ log ] 127.0.0.1/index/publication/index.html [运行时间：1.866107s][吞吐率：0.54req/s] [内存消耗：1,482.45kb] [文件加载：34]
[ info ] [ LANG ] U:\phpStudy_A\WWW\thinkphp\lang\zh-cn.php
[ info ] [ ROUTE ] array (
  'type' => 'module',
  'module' => 
  array (
    0 => 'index',
    1 => 'publication',
    2 => 'index',
  ),
)
[ info ] [ HEADER ] array (
  'host' => '127.0.0.1',
  'user-agent' => 'Mozilla/5.0 (Windows NT 6.1; WOW64; rv:52.0) Gecko/20100101 Firefox/52.0',
  'accept' => '*/*',
  'accept-language' => 'zh-CN,zh;q=0.8,en-US;q=0.5,en;q=0.3',
  'accept-encoding' => 'gzip, deflate',
  'referer' => 'http://127.0.0.1/index/index/publication.html?type=R',
  'content-type' => 'application/x-www-form-urlencoded; charset=UTF-8',
  'x-requested-with' => 'XMLHttpRequest',
  'content-length' => '32',
  'cookie' => 'PHPSESSID=oak60i4tf03457hdpl732shin4',
  'connection' => 'keep-alive',
)
[ info ] [ PARAM ] array (
  'pname' => '',
  'stype' => 'opt1',
  'type' => 'R',
  'cpage' => '1',
)
[ info ] [ RUN ] app\index\controller\Publication->index[ U:\phpStudy_A\WWW\search\index\controller\Publication.php ]
[ info ] [ DB ] INIT mysql
[ info ] [ LOG ] INIT File
[ error ] [8]未定义变量: where_sid[U:\phpStudy_A\WWW\search\index\controller\Publication.php:74]
[ sql ] [ DB ] CONNECT:[ UseTime:0.033002s ] mysql:dbname=eisc_data;host=127.0.0.1;charset=utf8
[ sql ] [ SQL ] Select * From s_source Where s_id IN(3,32439,32440,32441,32442,32443,32444,32445,32446,32447,32448,32449,32450,32451,32452,32453,32454,32455,32456,32457) [ RunTime:0.210012s ]

---------------------------------------------------------------
[ 2016-12-22T01:25:01+08:00 ] 127.0.0.1 127.0.0.1 POST /index/publication/index.html
[ log ] 127.0.0.1/index/publication/index.html [运行时间：1.063061s][吞吐率：0.94req/s] [内存消耗：1,484.27kb] [文件加载：34]
[ info ] [ LANG ] U:\phpStudy_A\WWW\thinkphp\lang\zh-cn.php
[ info ] [ ROUTE ] array (
  'type' => 'module',
  'module' => 
  array (
    0 => 'index',
    1 => 'publication',
    2 => 'index',
  ),
)
[ info ] [ HEADER ] array (
  'host' => '127.0.0.1',
  'user-agent' => 'Mozilla/5.0 (Windows NT 6.1; WOW64; rv:52.0) Gecko/20100101 Firefox/52.0',
  'accept' => '*/*',
  'accept-language' => 'zh-CN,zh;q=0.8,en-US;q=0.5,en;q=0.3',
  'accept-encoding' => 'gzip, deflate',
  'referer' => 'http://127.0.0.1/index/index/publication.html?type=C',
  'content-type' => 'application/x-www-form-urlencoded; charset=UTF-8',
  'x-requested-with' => 'XMLHttpRequest',
  'content-length' => '32',
  'cookie' => 'PHPSESSID=oak60i4tf03457hdpl732shin4',
  'connection' => 'keep-alive',
)
[ info ] [ PARAM ] array (
  'pname' => '',
  'stype' => 'opt1',
  'type' => 'C',
  'cpage' => '1',
)
[ info ] [ RUN ] app\index\controller\Publication->index[ U:\phpStudy_A\WWW\search\index\controller\Publication.php ]
[ info ] [ DB ] INIT mysql
[ info ] [ LOG ] INIT File
[ error ] [8]未定义变量: where_sid[U:\phpStudy_A\WWW\search\index\controller\Publication.php:74]
[ sql ] [ DB ] CONNECT:[ UseTime:0.001000s ] mysql:dbname=eisc_data;host=127.0.0.1;charset=utf8
[ sql ] [ SQL ] Select * From s_source Where s_id IN(1,11,12,13,14,15,16,17,18,19,20,21,22,23,24,25,26,27,28,29) [ RunTime:0.000000s ]

---------------------------------------------------------------
[ 2016-12-22T01:25:04+08:00 ] 127.0.0.1 127.0.0.1 GET /index/index/plist.html?sid=23
[ log ] 127.0.0.1/index/index/plist.html?sid=23 [运行时间：0.106006s][吞吐率：9.43req/s] [内存消耗：1,335.05kb] [文件加载：36]
[ info ] [ LANG ] U:\phpStudy_A\WWW\thinkphp\lang\zh-cn.php
[ info ] [ ROUTE ] array (
  'type' => 'module',
  'module' => 
  array (
    0 => 'index',
    1 => 'index',
    2 => 'plist',
  ),
)
[ info ] [ HEADER ] array (
  'host' => '127.0.0.1',
  'user-agent' => 'Mozilla/5.0 (Windows NT 6.1; WOW64; rv:52.0) Gecko/20100101 Firefox/52.0',
  'accept' => 'text/html,application/xhtml+xml,application/xml;q=0.9,*/*;q=0.8',
  'accept-language' => 'zh-CN,zh;q=0.8,en-US;q=0.5,en;q=0.3',
  'accept-encoding' => 'gzip, deflate',
  'referer' => 'http://127.0.0.1/index/index/publication.html?type=C',
  'cookie' => 'PHPSESSID=oak60i4tf03457hdpl732shin4',
  'connection' => 'keep-alive',
  'upgrade-insecure-requests' => '1',
)
[ info ] [ PARAM ] array (
  'sid' => '23',
)
[ info ] [ SESSION ] INIT array (
  'id' => '',
  'var_session_id' => '',
  'prefix' => 'think',
  'type' => '',
  'auto_start' => true,
)
[ info ] [ RUN ] app\index\controller\Index->plist[ U:\phpStudy_A\WWW\search\index\controller\Index.php ]
[ info ] [ VIEW ] U:\phpStudy_A\WWW/search/index\view\index\plist.html [ array (
  0 => 'userid',
  1 => 'username',
  2 => 'sid',
) ]
[ info ] [ LOG ] INIT File
[ error ] [8]未定义变量: page[U:\phpStudy_A\WWW\runtime\temp\233d51a8d7a1f32ca75c07f1fea97922.php:118]

---------------------------------------------------------------
[ 2016-12-22T01:25:06+08:00 ] 127.0.0.1 127.0.0.1 POST /index/publication/plist.html
[ log ] 127.0.0.1/index/publication/plist.html [运行时间：1.478084s][吞吐率：0.68req/s] [内存消耗：1,950.04kb] [文件加载：38]
[ info ] [ LANG ] U:\phpStudy_A\WWW\thinkphp\lang\zh-cn.php
[ info ] [ ROUTE ] array (
  'type' => 'module',
  'module' => 
  array (
    0 => 'index',
    1 => 'publication',
    2 => 'plist',
  ),
)
[ info ] [ HEADER ] array (
  'host' => '127.0.0.1',
  'user-agent' => 'Mozilla/5.0 (Windows NT 6.1; WOW64; rv:52.0) Gecko/20100101 Firefox/52.0',
  'accept' => '*/*',
  'accept-language' => 'zh-CN,zh;q=0.8,en-US;q=0.5,en;q=0.3',
  'accept-encoding' => 'gzip, deflate',
  'referer' => 'http://127.0.0.1/index/index/plist.html?sid=23',
  'content-type' => 'application/x-www-form-urlencoded; charset=UTF-8',
  'x-requested-with' => 'XMLHttpRequest',
  'content-length' => '33',
  'cookie' => 'PHPSESSID=oak60i4tf03457hdpl732shin4',
  'connection' => 'keep-alive',
)
[ info ] [ PARAM ] array (
  'keys' => '',
  'sid' => '23',
  'year' => '',
  'issue' => '',
  'cpage' => '1',
)
[ info ] [ RUN ] app\index\controller\Publication->plist[ U:\phpStudy_A\WWW\search\index\controller\Publication.php ]
[ info ] [ SESSION ] INIT array (
  'id' => '',
  'var_session_id' => '',
  'prefix' => 'think',
  'type' => '',
  'auto_start' => true,
)
[ info ] [ DB ] INIT mysql
[ info ] [ DB ] INIT mysql
[ info ] [ LOG ] INIT File
[ error ] [8]未定义变量: docid[U:\phpStudy_A\WWW\search\index\controller\Publication.php:155]
[ error ] [8]未定义变量: unions[U:\phpStudy_A\WWW\search\index\controller\Publication.php:158]
[ sql ] [ DB ] CONNECT:[ UseTime:0.001000s ] mysql:dbname=eisc_data;host=127.0.0.1;charset=utf8
[ sql ] [ SQL ] SELECT docid,mtitle,stitle,authors,authorunit FROM s_data_1001 WHERE docid IN(10010000001272,10010000001273,10010000001274,10010000001275,10010000001276,10010000001277,10010000001278,10010000001279,10010000001280,10010000001281,10010000001282,10010000001283,10010000001284,10010000001285,10010000001286,10010000001287,10010000001288,10010000001289,10010000001290,10010000001291) [ RunTime:0.072004s ]

---------------------------------------------------------------
[ 2016-12-22T01:25:11+08:00 ] 127.0.0.1 127.0.0.1 GET /index/index/article.html?aid=10010000001274
[ log ] 127.0.0.1/index/index/article.html?aid=10010000001274 [运行时间：0.237014s][吞吐率：4.22req/s] [内存消耗：2,008.34kb] [文件加载：41]
[ info ] [ LANG ] U:\phpStudy_A\WWW\thinkphp\lang\zh-cn.php
[ info ] [ ROUTE ] array (
  'type' => 'module',
  'module' => 
  array (
    0 => 'index',
    1 => 'index',
    2 => 'article',
  ),
)
[ info ] [ HEADER ] array (
  'host' => '127.0.0.1',
  'user-agent' => 'Mozilla/5.0 (Windows NT 6.1; WOW64; rv:52.0) Gecko/20100101 Firefox/52.0',
  'accept' => 'text/html,application/xhtml+xml,application/xml;q=0.9,*/*;q=0.8',
  'accept-language' => 'zh-CN,zh;q=0.8,en-US;q=0.5,en;q=0.3',
  'accept-encoding' => 'gzip, deflate',
  'referer' => 'http://127.0.0.1/index/index/plist.html?sid=23',
  'cookie' => 'PHPSESSID=oak60i4tf03457hdpl732shin4; S123=1',
  'connection' => 'keep-alive',
  'upgrade-insecure-requests' => '1',
)
[ info ] [ PARAM ] array (
  'aid' => '10010000001274',
)
[ info ] [ SESSION ] INIT array (
  'id' => '',
  'var_session_id' => '',
  'prefix' => 'think',
  'type' => '',
  'auto_start' => true,
)
[ info ] [ RUN ] app\index\controller\Index->article[ U:\phpStudy_A\WWW\search\index\controller\Index.php ]
[ info ] [ DB ] INIT mysql
[ info ] [ DB ] INIT mysql
[ info ] [ VIEW ] U:\phpStudy_A\WWW/search/index\view\index\article.html [ array (
  0 => 'userid',
  1 => 'username',
  2 => 'data',
  3 => 'text',
) ]
[ info ] [ LOG ] INIT File
[ sql ] [ DB ] CONNECT:[ UseTime:0.004000s ] mysql:dbname=eisc_data;host=127.0.0.1;charset=utf8
[ sql ] [ SQL ] SHOW COLUMNS FROM `s_data_1001` [ RunTime:0.014001s ]
[ sql ] [ SQL ] SELECT * FROM `s_data_1001` LEFT JOIN `s_source` `s_source` ON `s_data_1001`.`sid`=`s_source`.`s_id` WHERE  `docid` = 10010000001274 LIMIT 1 [ RunTime:0.065004s ]

---------------------------------------------------------------
[ 2016-12-22T01:25:11+08:00 ] 127.0.0.1 127.0.0.1 GET /index/index/qrcode/text/aHR0cDovLzE3Mi4xNi4xLjEwMjo4OS9JRUxEVkQvSUVMRFZEMDA5LzYxOS80NDM3LzAwMTcyODQyLnBkZg%3D%3D.html
[ log ] 127.0.0.1/index/index/qrcode/text/aHR0cDovLzE3Mi4xNi4xLjEwMjo4OS9JRUxEVkQvSUVMRFZEMDA5LzYxOS80NDM3LzAwMTcyODQyLnBkZg%3D%3D.html [运行时间：0.217012s][吞吐率：4.61req/s] [内存消耗：1,758.63kb] [文件加载：32]
[ info ] [ LANG ] U:\phpStudy_A\WWW\thinkphp\lang\zh-cn.php
[ info ] [ ROUTE ] array (
  'type' => 'module',
  'module' => 
  array (
    0 => 'index',
    1 => 'index',
    2 => 'qrcode',
  ),
)
[ info ] [ HEADER ] array (
  'host' => '127.0.0.1',
  'user-agent' => 'Mozilla/5.0 (Windows NT 6.1; WOW64; rv:52.0) Gecko/20100101 Firefox/52.0',
  'accept' => '*/*',
  'accept-language' => 'zh-CN,zh;q=0.8,en-US;q=0.5,en;q=0.3',
  'accept-encoding' => 'gzip, deflate',
  'referer' => 'http://127.0.0.1/index/index/article.html?aid=10010000001274',
  'cookie' => 'PHPSESSID=oak60i4tf03457hdpl732shin4; S123=1; A110010000001274=1',
  'connection' => 'keep-alive',
)
[ info ] [ PARAM ] array (
  'text' => 'aHR0cDovLzE3Mi4xNi4xLjEwMjo4OS9JRUxEVkQvSUVMRFZEMDA5LzYxOS80NDM3LzAwMTcyODQyLnBkZg==',
)
[ info ] [ SESSION ] INIT array (
  'id' => '',
  'var_session_id' => '',
  'prefix' => 'think',
  'type' => '',
  'auto_start' => true,
)
[ info ] [ RUN ] app\index\controller\Index->qrcode[ U:\phpStudy_A\WWW\search\index\controller\Index.php ]
[ info ] [ LOG ] INIT File

---------------------------------------------------------------
[ 2016-12-22T01:25:39+08:00 ] 127.0.0.1 127.0.0.1 GET /index/index/article.html?aid=10010000001274
[ log ] 127.0.0.1/index/index/article.html?aid=10010000001274 [运行时间：0.085005s][吞吐率：11.76req/s] [内存消耗：1,989.30kb] [文件加载：41]
[ info ] [ LANG ] U:\phpStudy_A\WWW\thinkphp\lang\zh-cn.php
[ info ] [ ROUTE ] array (
  'type' => 'module',
  'module' => 
  array (
    0 => 'index',
    1 => 'index',
    2 => 'article',
  ),
)
[ info ] [ HEADER ] array (
  'host' => '127.0.0.1',
  'user-agent' => 'Mozilla/5.0 (Windows NT 6.1; WOW64; rv:52.0) Gecko/20100101 Firefox/52.0',
  'accept' => 'text/html,application/xhtml+xml,application/xml;q=0.9,*/*;q=0.8',
  'accept-language' => 'zh-CN,zh;q=0.8,en-US;q=0.5,en;q=0.3',
  'accept-encoding' => 'gzip, deflate',
  'referer' => 'http://127.0.0.1/index/index/plist.html?sid=23',
  'cookie' => 'PHPSESSID=oak60i4tf03457hdpl732shin4; S123=1; A110010000001274=1',
  'connection' => 'keep-alive',
  'upgrade-insecure-requests' => '1',
  'cache-control' => 'max-age=0',
)
[ info ] [ PARAM ] array (
  'aid' => '10010000001274',
)
[ info ] [ SESSION ] INIT array (
  'id' => '',
  'var_session_id' => '',
  'prefix' => 'think',
  'type' => '',
  'auto_start' => true,
)
[ info ] [ RUN ] app\index\controller\Index->article[ U:\phpStudy_A\WWW\search\index\controller\Index.php ]
[ info ] [ DB ] INIT mysql
[ info ] [ VIEW ] U:\phpStudy_A\WWW/search/index\view\index\article.html [ array (
  0 => 'userid',
  1 => 'username',
  2 => 'data',
  3 => 'text',
) ]
[ info ] [ LOG ] INIT File
[ sql ] [ DB ] CONNECT:[ UseTime:0.010001s ] mysql:dbname=eisc_data;host=127.0.0.1;charset=utf8
[ sql ] [ SQL ] SHOW COLUMNS FROM `s_data_1001` [ RunTime:0.022001s ]
[ sql ] [ SQL ] SELECT * FROM `s_data_1001` LEFT JOIN `s_source` `s_source` ON `s_data_1001`.`sid`=`s_source`.`s_id` WHERE  `docid` = 10010000001274 LIMIT 1 [ RunTime:0.001000s ]

---------------------------------------------------------------
[ 2016-12-22T01:25:39+08:00 ] 127.0.0.1 127.0.0.1 GET /index/index/qrcode/text/aHR0cDovLzE3Mi4xNi4xLjEwMjo4OS9JRUxEVkQvSUVMRFZEMDA5LzYxOS80NDM3LzAwMTcyODQyLnBkZg%3D%3D.html
[ log ] 127.0.0.1/index/index/qrcode/text/aHR0cDovLzE3Mi4xNi4xLjEwMjo4OS9JRUxEVkQvSUVMRFZEMDA5LzYxOS80NDM3LzAwMTcyODQyLnBkZg%3D%3D.html [运行时间：0.072004s][吞吐率：13.89req/s] [内存消耗：1,758.80kb] [文件加载：32]
[ info ] [ LANG ] U:\phpStudy_A\WWW\thinkphp\lang\zh-cn.php
[ info ] [ ROUTE ] array (
  'type' => 'module',
  'module' => 
  array (
    0 => 'index',
    1 => 'index',
    2 => 'qrcode',
  ),
)
[ info ] [ HEADER ] array (
  'host' => '127.0.0.1',
  'user-agent' => 'Mozilla/5.0 (Windows NT 6.1; WOW64; rv:52.0) Gecko/20100101 Firefox/52.0',
  'accept' => '*/*',
  'accept-language' => 'zh-CN,zh;q=0.8,en-US;q=0.5,en;q=0.3',
  'accept-encoding' => 'gzip, deflate',
  'referer' => 'http://127.0.0.1/index/index/article.html?aid=10010000001274',
  'cookie' => 'PHPSESSID=oak60i4tf03457hdpl732shin4; S123=1; A110010000001274=1',
  'connection' => 'keep-alive',
  'cache-control' => 'max-age=0',
)
[ info ] [ PARAM ] array (
  'text' => 'aHR0cDovLzE3Mi4xNi4xLjEwMjo4OS9JRUxEVkQvSUVMRFZEMDA5LzYxOS80NDM3LzAwMTcyODQyLnBkZg==',
)
[ info ] [ SESSION ] INIT array (
  'id' => '',
  'var_session_id' => '',
  'prefix' => 'think',
  'type' => '',
  'auto_start' => true,
)
[ info ] [ RUN ] app\index\controller\Index->qrcode[ U:\phpStudy_A\WWW\search\index\controller\Index.php ]
[ info ] [ LOG ] INIT File

---------------------------------------------------------------
[ 2016-12-22T01:26:21+08:00 ] 127.0.0.1 127.0.0.1 GET /usercenter/index/index.html
[ log ] 127.0.0.1/usercenter/index/index.html [运行时间：0.029001s][吞吐率：34.48req/s] [内存消耗：1,262.82kb] [文件加载：33]
[ info ] [ LANG ] U:\phpStudy_A\WWW\thinkphp\lang\zh-cn.php
[ info ] [ ROUTE ] array (
  'type' => 'module',
  'module' => 
  array (
    0 => 'usercenter',
    1 => 'index',
    2 => 'index',
  ),
)
[ info ] [ HEADER ] array (
  'host' => '127.0.0.1',
  'user-agent' => 'Mozilla/5.0 (Windows NT 6.1; WOW64; rv:52.0) Gecko/20100101 Firefox/52.0',
  'accept' => 'text/html,application/xhtml+xml,application/xml;q=0.9,*/*;q=0.8',
  'accept-language' => 'zh-CN,zh;q=0.8,en-US;q=0.5,en;q=0.3',
  'accept-encoding' => 'gzip, deflate',
  'referer' => 'http://127.0.0.1/usercenter/index/index.html',
  'cookie' => 'PHPSESSID=oak60i4tf03457hdpl732shin4; S123=1; A110010000001274=1',
  'connection' => 'keep-alive',
  'upgrade-insecure-requests' => '1',
)
[ info ] [ PARAM ] array (
)
[ info ] [ SESSION ] INIT array (
  'id' => '',
  'var_session_id' => '',
  'prefix' => 'think',
  'type' => '',
  'auto_start' => true,
)
[ info ] [ RUN ] app\usercenter\controller\Index->index[ U:\phpStudy_A\WWW\search\usercenter\controller\Index.php ]
[ info ] [ VIEW ] U:\phpStudy_A\WWW/search/usercenter\view\index\index.html [ array (
  0 => 'userid',
  1 => 'username',
) ]
[ info ] [ LOG ] INIT File

---------------------------------------------------------------
[ 2016-12-22T07:41:08+08:00 ] 127.0.0.1 127.0.0.1 GET /
[ log ] 127.0.0.1/ [运行时间：9.080976s][吞吐率：0.11req/s] [内存消耗：1,285.52kb] [文件加载：33]
[ info ] [ LANG ] U:\phpStudy_A\WWW\thinkphp\lang\zh-cn.php
[ info ] [ ROUTE ] array (
  'type' => 'module',
  'module' => 
  array (
    0 => '',
    1 => NULL,
    2 => NULL,
  ),
)
[ info ] [ HEADER ] array (
  'host' => '127.0.0.1',
  'user-agent' => 'Mozilla/5.0 (Windows NT 6.1; WOW64; rv:52.0) Gecko/20100101 Firefox/52.0',
  'accept' => 'text/html,application/xhtml+xml,application/xml;q=0.9,*/*;q=0.8',
  'accept-language' => 'zh-CN,zh;q=0.8,en-US;q=0.5,en;q=0.3',
  'accept-encoding' => 'gzip, deflate',
  'connection' => 'keep-alive',
  'upgrade-insecure-requests' => '1',
)
[ info ] [ PARAM ] array (
)
[ info ] [ SESSION ] INIT array (
  'id' => '',
  'var_session_id' => '',
  'prefix' => 'think',
  'type' => '',
  'auto_start' => true,
)
[ info ] [ RUN ] app\index\controller\Index->index[ U:\phpStudy_A\WWW\search\index\controller\Index.php ]
[ info ] [ VIEW ] U:\phpStudy_A\WWW/search/index\view\index\index.html [ array (
  0 => 'userid',
  1 => 'username',
) ]
[ info ] [ LOG ] INIT File

---------------------------------------------------------------
[ 2016-12-22T07:41:09+08:00 ] 127.0.0.1 127.0.0.1 GET /favicon.ico
[ log ] 127.0.0.1/favicon.ico [运行时间：0.171600s][吞吐率：5.83req/s] [内存消耗：966.59kb] [文件加载：27]
[ info ] [ LANG ] U:\phpStudy_A\WWW\thinkphp\lang\zh-cn.php
[ info ] [ ROUTE ] array (
  'type' => 'module',
  'module' => 
  array (
    0 => 'favicon.ico',
    1 => NULL,
    2 => NULL,
  ),
)
[ info ] [ HEADER ] array (
  'host' => '127.0.0.1',
  'user-agent' => 'Mozilla/5.0 (Windows NT 6.1; WOW64; rv:52.0) Gecko/20100101 Firefox/52.0',
  'accept' => 'text/html,application/xhtml+xml,application/xml;q=0.9,*/*;q=0.8',
  'accept-language' => 'zh-CN,zh;q=0.8,en-US;q=0.5,en;q=0.3',
  'accept-encoding' => 'gzip, deflate',
  'cookie' => 'PHPSESSID=29va4m6ijvqrehc8ku8vc76tp2',
  'connection' => 'keep-alive',
)
[ info ] [ PARAM ] array (
)
[ info ] [ LOG ] INIT File

---------------------------------------------------------------
[ 2016-12-22T07:41:23+08:00 ] 127.0.0.1 127.0.0.1 GET /index/index/counts.html
[ log ] 127.0.0.1/index/index/counts.html [运行时间：14.395031s][吞吐率：0.07req/s] [内存消耗：2,568.43kb] [文件加载：42]
[ info ] [ LANG ] U:\phpStudy_A\WWW\thinkphp\lang\zh-cn.php
[ info ] [ ROUTE ] array (
  'type' => 'module',
  'module' => 
  array (
    0 => 'index',
    1 => 'index',
    2 => 'counts',
  ),
)
[ info ] [ HEADER ] array (
  'host' => '127.0.0.1',
  'user-agent' => 'Mozilla/5.0 (Windows NT 6.1; WOW64; rv:52.0) Gecko/20100101 Firefox/52.0',
  'accept' => '*/*',
  'accept-language' => 'zh-CN,zh;q=0.8,en-US;q=0.5,en;q=0.3',
  'accept-encoding' => 'gzip, deflate',
  'referer' => 'http://127.0.0.1/',
  'x-requested-with' => 'XMLHttpRequest',
  'cookie' => 'PHPSESSID=29va4m6ijvqrehc8ku8vc76tp2',
  'connection' => 'keep-alive',
)
[ info ] [ PARAM ] array (
)
[ info ] [ SESSION ] INIT array (
  'id' => '',
  'var_session_id' => '',
  'prefix' => 'think',
  'type' => '',
  'auto_start' => true,
)
[ info ] [ RUN ] app\index\controller\Index->counts[ U:\phpStudy_A\WWW\search\index\controller\Index.php ]
[ info ] [ CACHE ] INIT File
[ info ] [ DB ] INIT mysql
[ info ] [ DB ] INIT mysql
[ info ] [ DB ] INIT mysql
[ info ] [ DB ] INIT mysql
[ info ] [ DB ] INIT mysql
[ info ] [ DB ] INIT mysql
[ info ] [ DB ] INIT mysql
[ info ] [ DB ] INIT mysql
[ info ] [ DB ] INIT mysql
[ info ] [ DB ] INIT mysql
[ info ] [ DB ] INIT mysql
[ info ] [ DB ] INIT mysql
[ info ] [ DB ] INIT mysql
[ info ] [ DB ] INIT mysql
[ info ] [ DB ] INIT mysql
[ info ] [ DB ] INIT mysql
[ info ] [ DB ] INIT mysql
[ info ] [ DB ] INIT mysql
[ info ] [ DB ] INIT mysql
[ info ] [ DB ] INIT mysql
[ info ] [ DB ] INIT mysql
[ info ] [ DB ] INIT mysql
[ info ] [ LOG ] INIT File
[ sql ] [ DB ] CONNECT:[ UseTime:0.015600s ] mysql:dbname=eisc_data;host=127.0.0.1;charset=utf8
[ sql ] [ SQL ] SHOW COLUMNS FROM `s_class` [ RunTime:0.234000s ]
[ sql ] [ SQL ] SELECT `tname` FROM `s_class` [ RunTime:0.020601s ]
[ sql ] [ DB ] CONNECT:[ UseTime:0.000000s ] mysql:dbname=eisc_data;host=127.0.0.1;charset=utf8
[ sql ] [ SQL ] SHOW COLUMNS FROM `s_data_1012` [ RunTime:0.062400s ]
[ sql ] [ SQL ] SELECT COUNT(*) AS tp_count FROM `s_data_1012` LIMIT 1 [ RunTime:0.000000s ]
[ sql ] [ DB ] CONNECT:[ UseTime:0.000000s ] mysql:dbname=eisc_data;host=127.0.0.1;charset=utf8
[ sql ] [ SQL ] SHOW COLUMNS FROM `s_data_1013` [ RunTime:0.046800s ]
[ sql ] [ SQL ] SELECT COUNT(*) AS tp_count FROM `s_data_1013` LIMIT 1 [ RunTime:0.000000s ]
[ sql ] [ DB ] CONNECT:[ UseTime:0.015600s ] mysql:dbname=eisc_data;host=127.0.0.1;charset=utf8
[ sql ] [ SQL ] SHOW COLUMNS FROM `s_data_1014` [ RunTime:0.109200s ]
[ sql ] [ SQL ] SELECT COUNT(*) AS tp_count FROM `s_data_1014` LIMIT 1 [ RunTime:0.000000s ]
[ sql ] [ DB ] CONNECT:[ UseTime:0.000000s ] mysql:dbname=eisc_data;host=127.0.0.1;charset=utf8
[ sql ] [ SQL ] SHOW COLUMNS FROM `s_data_1015` [ RunTime:0.062400s ]
[ sql ] [ SQL ] SELECT COUNT(*) AS tp_count FROM `s_data_1015` LIMIT 1 [ RunTime:0.000000s ]
[ sql ] [ DB ] CONNECT:[ UseTime:0.015600s ] mysql:dbname=eisc_data;host=127.0.0.1;charset=utf8
[ sql ] [ SQL ] SHOW COLUMNS FROM `s_data_1016` [ RunTime:1.168205s ]
[ sql ] [ SQL ] SELECT COUNT(*) AS tp_count FROM `s_data_1016` LIMIT 1 [ RunTime:0.000000s ]
[ sql ] [ DB ] CONNECT:[ UseTime:0.000000s ] mysql:dbname=eisc_data;host=127.0.0.1;charset=utf8
[ sql ] [ SQL ] SHOW COLUMNS FROM `s_data_1001` [ RunTime:0.990203s ]
[ sql ] [ SQL ] SELECT COUNT(*) AS tp_count FROM `s_data_1001` LIMIT 1 [ RunTime:0.000000s ]
[ sql ] [ DB ] CONNECT:[ UseTime:0.010000s ] mysql:dbname=eisc_data;host=127.0.0.1;charset=utf8
[ sql ] [ SQL ] SHOW COLUMNS FROM `s_data_1002` [ RunTime:0.871702s ]
[ sql ] [ SQL ] SELECT COUNT(*) AS tp_count FROM `s_data_1002` LIMIT 1 [ RunTime:0.000000s ]
[ sql ] [ DB ] CONNECT:[ UseTime:0.000000s ] mysql:dbname=eisc_data;host=127.0.0.1;charset=utf8
[ sql ] [ SQL ] SHOW COLUMNS FROM `s_data_1003` [ RunTime:0.844402s ]
[ sql ] [ SQL ] SELECT COUNT(*) AS tp_count FROM `s_data_1003` LIMIT 1 [ RunTime:0.000000s ]
[ sql ] [ DB ] CONNECT:[ UseTime:0.000000s ] mysql:dbname=eisc_data;host=127.0.0.1;charset=utf8
[ sql ] [ SQL ] SHOW COLUMNS FROM `s_data_1004` [ RunTime:0.865501s ]
[ sql ] [ SQL ] SELECT COUNT(*) AS tp_count FROM `s_data_1004` LIMIT 1 [ RunTime:0.000000s ]
[ sql ] [ DB ] CONNECT:[ UseTime:0.000000s ] mysql:dbname=eisc_data;host=127.0.0.1;charset=utf8
[ sql ] [ SQL ] SHOW COLUMNS FROM `s_data_1005` [ RunTime:1.475403s ]
[ sql ] [ SQL ] SELECT COUNT(*) AS tp_count FROM `s_data_1005` LIMIT 1 [ RunTime:0.000000s ]
[ sql ] [ DB ] CONNECT:[ UseTime:0.015600s ] mysql:dbname=eisc_data;host=127.0.0.1;charset=utf8
[ sql ] [ SQL ] SHOW COLUMNS FROM `s_data_1006` [ RunTime:0.593801s ]
[ sql ] [ SQL ] SELECT COUNT(*) AS tp_count FROM `s_data_1006` LIMIT 1 [ RunTime:0.000000s ]
[ sql ] [ DB ] CONNECT:[ UseTime:0.000000s ] mysql:dbname=eisc_data;host=127.0.0.1;charset=utf8
[ sql ] [ SQL ] SHOW COLUMNS FROM `s_data_1007` [ RunTime:0.455201s ]
[ sql ] [ SQL ] SELECT COUNT(*) AS tp_count FROM `s_data_1007` LIMIT 1 [ RunTime:0.000000s ]
[ sql ] [ DB ] CONNECT:[ UseTime:0.000000s ] mysql:dbname=eisc_data;host=127.0.0.1;charset=utf8
[ sql ] [ SQL ] SHOW COLUMNS FROM `s_data_1008` [ RunTime:0.020000s ]
[ sql ] [ SQL ] SELECT COUNT(*) AS tp_count FROM `s_data_1008` LIMIT 1 [ RunTime:0.000000s ]
[ sql ] [ DB ] CONNECT:[ UseTime:0.000000s ] mysql:dbname=eisc_data;host=127.0.0.1;charset=utf8
[ sql ] [ SQL ] SHOW COLUMNS FROM `s_data_1009` [ RunTime:1.275804s ]
[ sql ] [ SQL ] SELECT COUNT(*) AS tp_count FROM `s_data_1009` LIMIT 1 [ RunTime:0.000000s ]
[ sql ] [ DB ] CONNECT:[ UseTime:0.015600s ] mysql:dbname=eisc_data;host=127.0.0.1;charset=utf8
[ sql ] [ SQL ] SHOW COLUMNS FROM `s_data_1010` [ RunTime:0.624001s ]
[ sql ] [ SQL ] SELECT COUNT(*) AS tp_count FROM `s_data_1010` LIMIT 1 [ RunTime:0.015600s ]
[ sql ] [ DB ] CONNECT:[ UseTime:0.015600s ] mysql:dbname=eisc_data;host=127.0.0.1;charset=utf8
[ sql ] [ SQL ] SHOW COLUMNS FROM `s_data_1011` [ RunTime:0.858001s ]
[ sql ] [ SQL ] SELECT COUNT(*) AS tp_count FROM `s_data_1011` LIMIT 1 [ RunTime:0.000000s ]
[ sql ] [ DB ] CONNECT:[ UseTime:0.000000s ] mysql:dbname=eisc_data;host=127.0.0.1;charset=utf8
[ sql ] [ SQL ] SHOW COLUMNS FROM `s_data_1017` [ RunTime:1.154402s ]
[ sql ] [ SQL ] SELECT COUNT(*) AS tp_count FROM `s_data_1017` LIMIT 1 [ RunTime:0.000000s ]
[ sql ] [ DB ] CONNECT:[ UseTime:0.015600s ] mysql:dbname=eisc_data;host=127.0.0.1;charset=utf8
[ sql ] [ SQL ] SHOW COLUMNS FROM `s_data_1018` [ RunTime:1.123202s ]
[ sql ] [ SQL ] SELECT COUNT(*) AS tp_count FROM `s_data_1018` LIMIT 1 [ RunTime:0.000000s ]
[ sql ] [ DB ] CONNECT:[ UseTime:0.015600s ] mysql:dbname=eisc_data;host=127.0.0.1;charset=utf8
[ sql ] [ SQL ] SHOW COLUMNS FROM `s_data_1019` [ RunTime:0.889202s ]
[ sql ] [ SQL ] SELECT COUNT(*) AS tp_count FROM `s_data_1019` LIMIT 1 [ RunTime:0.000000s ]
[ sql ] [ DB ] CONNECT:[ UseTime:0.015600s ] mysql:dbname=eisc_data;host=127.0.0.1;charset=utf8
[ sql ] [ SQL ] SHOW COLUMNS FROM `s_data_1020` [ RunTime:0.093600s ]
[ sql ] [ SQL ] SELECT COUNT(*) AS tp_count FROM `s_data_1020` LIMIT 1 [ RunTime:0.000000s ]
[ sql ] [ DB ] CONNECT:[ UseTime:0.015600s ] mysql:dbname=eisc_data;host=127.0.0.1;charset=utf8
[ sql ] [ SQL ] SHOW COLUMNS FROM `s_data_1021` [ RunTime:0.031200s ]
[ sql ] [ SQL ] SELECT COUNT(*) AS tp_count FROM `s_data_1021` LIMIT 1 [ RunTime:0.000000s ]

---------------------------------------------------------------
[ 2016-12-22T07:47:11+08:00 ] 127.0.0.1 127.0.0.1 GET /index/index/publication.html?type=C
[ log ] 127.0.0.1/index/index/publication.html?type=C [运行时间：2.710155s][吞吐率：0.37req/s] [内存消耗：1,334.60kb] [文件加载：36]
[ info ] [ LANG ] U:\phpStudy_A\WWW\thinkphp\lang\zh-cn.php
[ info ] [ ROUTE ] array (
  'type' => 'module',
  'module' => 
  array (
    0 => 'index',
    1 => 'index',
    2 => 'publication',
  ),
)
[ info ] [ HEADER ] array (
  'host' => '127.0.0.1',
  'user-agent' => 'Mozilla/5.0 (Windows NT 6.1; WOW64; rv:52.0) Gecko/20100101 Firefox/52.0',
  'accept' => 'text/html,application/xhtml+xml,application/xml;q=0.9,*/*;q=0.8',
  'accept-language' => 'zh-CN,zh;q=0.8,en-US;q=0.5,en;q=0.3',
  'accept-encoding' => 'gzip, deflate',
  'referer' => 'http://127.0.0.1/',
  'cookie' => 'PHPSESSID=29va4m6ijvqrehc8ku8vc76tp2',
  'connection' => 'keep-alive',
  'upgrade-insecure-requests' => '1',
)
[ info ] [ PARAM ] array (
  'type' => 'C',
)
[ info ] [ SESSION ] INIT array (
  'id' => '',
  'var_session_id' => '',
  'prefix' => 'think',
  'type' => '',
  'auto_start' => true,
)
[ info ] [ RUN ] app\index\controller\Index->publication[ U:\phpStudy_A\WWW\search\index\controller\Index.php ]
[ info ] [ VIEW ] U:\phpStudy_A\WWW/search/index\view\index\publication.html [ array (
  0 => 'userid',
  1 => 'username',
  2 => 'type',
) ]
[ info ] [ LOG ] INIT File
[ error ] [8]未定义变量: page[U:\phpStudy_A\WWW\runtime\temp\069af5a380cd0f1bc58897d495625513.php:102]

---------------------------------------------------------------
[ 2016-12-22T07:47:13+08:00 ] 127.0.0.1 127.0.0.1 POST /index/publication/index.html
[ log ] 127.0.0.1/index/publication/index.html [运行时间：1.284074s][吞吐率：0.78req/s] [内存消耗：1,484.27kb] [文件加载：34]
[ info ] [ LANG ] U:\phpStudy_A\WWW\thinkphp\lang\zh-cn.php
[ info ] [ ROUTE ] array (
  'type' => 'module',
  'module' => 
  array (
    0 => 'index',
    1 => 'publication',
    2 => 'index',
  ),
)
[ info ] [ HEADER ] array (
  'host' => '127.0.0.1',
  'user-agent' => 'Mozilla/5.0 (Windows NT 6.1; WOW64; rv:52.0) Gecko/20100101 Firefox/52.0',
  'accept' => '*/*',
  'accept-language' => 'zh-CN,zh;q=0.8,en-US;q=0.5,en;q=0.3',
  'accept-encoding' => 'gzip, deflate',
  'referer' => 'http://127.0.0.1/index/index/publication.html?type=C',
  'content-type' => 'application/x-www-form-urlencoded; charset=UTF-8',
  'x-requested-with' => 'XMLHttpRequest',
  'content-length' => '32',
  'cookie' => 'PHPSESSID=29va4m6ijvqrehc8ku8vc76tp2',
  'connection' => 'keep-alive',
)
[ info ] [ PARAM ] array (
  'pname' => '',
  'stype' => 'opt1',
  'type' => 'C',
  'cpage' => '1',
)
[ info ] [ RUN ] app\index\controller\Publication->index[ U:\phpStudy_A\WWW\search\index\controller\Publication.php ]
[ info ] [ DB ] INIT mysql
[ info ] [ LOG ] INIT File
[ error ] [8]未定义变量: where_sid[U:\phpStudy_A\WWW\search\index\controller\Publication.php:74]
[ sql ] [ DB ] CONNECT:[ UseTime:0.004000s ] mysql:dbname=eisc_data;host=127.0.0.1;charset=utf8
[ sql ] [ SQL ] Select * From s_source Where s_id IN(1,11,12,13,14,15,16,17,18,19,20,21,22,23,24,25,26,27,28,29) [ RunTime:0.062004s ]

---------------------------------------------------------------
[ 2016-12-22T07:47:15+08:00 ] 127.0.0.1 127.0.0.1 GET /index/index/publication.html?type=J
[ log ] 127.0.0.1/index/index/publication.html?type=J [运行时间：0.069004s][吞吐率：14.49req/s] [内存消耗：1,334.66kb] [文件加载：36]
[ info ] [ LANG ] U:\phpStudy_A\WWW\thinkphp\lang\zh-cn.php
[ info ] [ ROUTE ] array (
  'type' => 'module',
  'module' => 
  array (
    0 => 'index',
    1 => 'index',
    2 => 'publication',
  ),
)
[ info ] [ HEADER ] array (
  'host' => '127.0.0.1',
  'user-agent' => 'Mozilla/5.0 (Windows NT 6.1; WOW64; rv:52.0) Gecko/20100101 Firefox/52.0',
  'accept' => 'text/html,application/xhtml+xml,application/xml;q=0.9,*/*;q=0.8',
  'accept-language' => 'zh-CN,zh;q=0.8,en-US;q=0.5,en;q=0.3',
  'accept-encoding' => 'gzip, deflate',
  'referer' => 'http://127.0.0.1/index/index/publication.html?type=C',
  'cookie' => 'PHPSESSID=29va4m6ijvqrehc8ku8vc76tp2',
  'connection' => 'keep-alive',
  'upgrade-insecure-requests' => '1',
)
[ info ] [ PARAM ] array (
  'type' => 'J',
)
[ info ] [ SESSION ] INIT array (
  'id' => '',
  'var_session_id' => '',
  'prefix' => 'think',
  'type' => '',
  'auto_start' => true,
)
[ info ] [ RUN ] app\index\controller\Index->publication[ U:\phpStudy_A\WWW\search\index\controller\Index.php ]
[ info ] [ VIEW ] U:\phpStudy_A\WWW/search/index\view\index\publication.html [ array (
  0 => 'userid',
  1 => 'username',
  2 => 'type',
) ]
[ info ] [ LOG ] INIT File
[ error ] [8]未定义变量: page[U:\phpStudy_A\WWW\runtime\temp\069af5a380cd0f1bc58897d495625513.php:102]

---------------------------------------------------------------
[ 2016-12-22T07:47:16+08:00 ] 127.0.0.1 127.0.0.1 POST /index/publication/index.html
[ log ] 127.0.0.1/index/publication/index.html [运行时间：1.106064s][吞吐率：0.90req/s] [内存消耗：1,483.35kb] [文件加载：34]
[ info ] [ LANG ] U:\phpStudy_A\WWW\thinkphp\lang\zh-cn.php
[ info ] [ ROUTE ] array (
  'type' => 'module',
  'module' => 
  array (
    0 => 'index',
    1 => 'publication',
    2 => 'index',
  ),
)
[ info ] [ HEADER ] array (
  'host' => '127.0.0.1',
  'user-agent' => 'Mozilla/5.0 (Windows NT 6.1; WOW64; rv:52.0) Gecko/20100101 Firefox/52.0',
  'accept' => '*/*',
  'accept-language' => 'zh-CN,zh;q=0.8,en-US;q=0.5,en;q=0.3',
  'accept-encoding' => 'gzip, deflate',
  'referer' => 'http://127.0.0.1/index/index/publication.html?type=J',
  'content-type' => 'application/x-www-form-urlencoded; charset=UTF-8',
  'x-requested-with' => 'XMLHttpRequest',
  'content-length' => '32',
  'cookie' => 'PHPSESSID=29va4m6ijvqrehc8ku8vc76tp2',
  'connection' => 'keep-alive',
)
[ info ] [ PARAM ] array (
  'pname' => '',
  'stype' => 'opt1',
  'type' => 'J',
  'cpage' => '1',
)
[ info ] [ RUN ] app\index\controller\Publication->index[ U:\phpStudy_A\WWW\search\index\controller\Publication.php ]
[ info ] [ DB ] INIT mysql
[ info ] [ LOG ] INIT File
[ error ] [8]未定义变量: where_sid[U:\phpStudy_A\WWW\search\index\controller\Publication.php:74]
[ sql ] [ DB ] CONNECT:[ UseTime:0.005000s ] mysql:dbname=eisc_data;host=127.0.0.1;charset=utf8
[ sql ] [ SQL ] Select * From s_source Where s_id IN(2,7197,7198,7199,7200,7201,7202,7203,7204,7205,7206,7207,7208,7209,7210,7211,7212,7213,7214,7215) [ RunTime:0.005000s ]

---------------------------------------------------------------
[ 2016-12-22T14:01:54+08:00 ] 127.0.0.1 127.0.0.1 GET /usercenter/login/uin.html
[ log ] 127.0.0.1/usercenter/login/uin.html [运行时间：1.860106s][吞吐率：0.54req/s] [内存消耗：1,279.70kb] [文件加载：33]
[ info ] [ LANG ] U:\phpStudy_A\WWW\thinkphp\lang\zh-cn.php
[ info ] [ ROUTE ] array (
  'type' => 'module',
  'module' => 
  array (
    0 => 'usercenter',
    1 => 'login',
    2 => 'uin',
  ),
)
[ info ] [ HEADER ] array (
  'host' => '127.0.0.1',
  'user-agent' => 'Mozilla/5.0 (Windows NT 6.1; WOW64; rv:52.0) Gecko/20100101 Firefox/52.0',
  'accept' => 'text/html,application/xhtml+xml,application/xml;q=0.9,*/*;q=0.8',
  'accept-language' => 'zh-CN,zh;q=0.8,en-US;q=0.5,en;q=0.3',
  'accept-encoding' => 'gzip, deflate',
  'referer' => 'http://127.0.0.1/index/index/publication.html?type=J',
  'cookie' => 'PHPSESSID=29va4m6ijvqrehc8ku8vc76tp2',
  'connection' => 'keep-alive',
  'upgrade-insecure-requests' => '1',
)
[ info ] [ PARAM ] array (
)
[ info ] [ SESSION ] INIT array (
  'id' => '',
  'var_session_id' => '',
  'prefix' => 'think',
  'type' => '',
  'auto_start' => true,
)
[ info ] [ RUN ] app\usercenter\controller\Login->uin[ U:\phpStudy_A\WWW\search\usercenter\controller\Login.php ]
[ info ] [ VIEW ] U:\phpStudy_A\WWW/search/usercenter\view\login\uin.html [ array (
  0 => 'userid',
  1 => 'username',
) ]
[ info ] [ LOG ] INIT File

---------------------------------------------------------------
[ 2016-12-22T15:17:51+08:00 ] 127.0.0.1 127.0.0.1 POST /usercenter/login/uin.html
[ log ] 127.0.0.1/usercenter/login/uin.html [运行时间：1.732099s][吞吐率：0.58req/s] [内存消耗：1,830.57kb] [文件加载：39]
[ info ] [ LANG ] U:\phpStudy_A\WWW\thinkphp\lang\zh-cn.php
[ info ] [ ROUTE ] array (
  'type' => 'module',
  'module' => 
  array (
    0 => 'usercenter',
    1 => 'login',
    2 => 'uin',
  ),
)
[ info ] [ HEADER ] array (
  'host' => '127.0.0.1',
  'user-agent' => 'Mozilla/5.0 (Windows NT 6.1; WOW64; rv:52.0) Gecko/20100101 Firefox/52.0',
  'accept' => 'text/html,application/xhtml+xml,application/xml;q=0.9,*/*;q=0.8',
  'accept-language' => 'zh-CN,zh;q=0.8,en-US;q=0.5,en;q=0.3',
  'accept-encoding' => 'gzip, deflate',
  'referer' => 'http://127.0.0.1/usercenter/login/uin.html',
  'cookie' => 'PHPSESSID=29va4m6ijvqrehc8ku8vc76tp2',
  'connection' => 'keep-alive',
  'upgrade-insecure-requests' => '1',
  'content-type' => 'application/x-www-form-urlencoded',
  'content-length' => '35',
)
[ info ] [ PARAM ] array (
  'uname' => 'eisc@163.com',
  'pass' => '7412168Wb',
)
[ info ] [ SESSION ] INIT array (
  'id' => '',
  'var_session_id' => '',
  'prefix' => 'think',
  'type' => '',
  'auto_start' => true,
)
[ info ] [ RUN ] app\usercenter\controller\Login->uin[ U:\phpStudy_A\WWW\search\usercenter\controller\Login.php ]
[ info ] [ DB ] INIT mysql
[ info ] [ VIEW ] U:\phpStudy_A\WWW\thinkphp\tpl\dispatch_jump.tpl [ array (
  0 => 'userid',
  1 => 'username',
  2 => 'code',
  3 => 'msg',
  4 => 'data',
  5 => 'url',
  6 => 'wait',
) ]
[ info ] [ LOG ] INIT File

---------------------------------------------------------------
[ 2016-12-22T15:17:54+08:00 ] 127.0.0.1 127.0.0.1 GET /usercenter/login/uin.html
[ log ] 127.0.0.1/usercenter/login/uin.html [运行时间：0.102006s][吞吐率：9.80req/s] [内存消耗：1,279.70kb] [文件加载：33]
[ info ] [ LANG ] U:\phpStudy_A\WWW\thinkphp\lang\zh-cn.php
[ info ] [ ROUTE ] array (
  'type' => 'module',
  'module' => 
  array (
    0 => 'usercenter',
    1 => 'login',
    2 => 'uin',
  ),
)
[ info ] [ HEADER ] array (
  'host' => '127.0.0.1',
  'user-agent' => 'Mozilla/5.0 (Windows NT 6.1; WOW64; rv:52.0) Gecko/20100101 Firefox/52.0',
  'accept' => 'text/html,application/xhtml+xml,application/xml;q=0.9,*/*;q=0.8',
  'accept-language' => 'zh-CN,zh;q=0.8,en-US;q=0.5,en;q=0.3',
  'accept-encoding' => 'gzip, deflate',
  'referer' => 'http://127.0.0.1/index/index/publication.html?type=J',
  'cookie' => 'PHPSESSID=29va4m6ijvqrehc8ku8vc76tp2',
  'connection' => 'keep-alive',
  'upgrade-insecure-requests' => '1',
)
[ info ] [ PARAM ] array (
)
[ info ] [ SESSION ] INIT array (
  'id' => '',
  'var_session_id' => '',
  'prefix' => 'think',
  'type' => '',
  'auto_start' => true,
)
[ info ] [ RUN ] app\usercenter\controller\Login->uin[ U:\phpStudy_A\WWW\search\usercenter\controller\Login.php ]
[ info ] [ VIEW ] U:\phpStudy_A\WWW/search/usercenter\view\login\uin.html [ array (
  0 => 'userid',
  1 => 'username',
) ]
[ info ] [ LOG ] INIT File

---------------------------------------------------------------
[ 2016-12-22T15:18:01+08:00 ] 127.0.0.1 127.0.0.1 POST /usercenter/login/uin.html
[ log ] 127.0.0.1/usercenter/login/uin.html [运行时间：0.192011s][吞吐率：5.21req/s] [内存消耗：1,886.66kb] [文件加载：40]
[ info ] [ LANG ] U:\phpStudy_A\WWW\thinkphp\lang\zh-cn.php
[ info ] [ ROUTE ] array (
  'type' => 'module',
  'module' => 
  array (
    0 => 'usercenter',
    1 => 'login',
    2 => 'uin',
  ),
)
[ info ] [ HEADER ] array (
  'host' => '127.0.0.1',
  'user-agent' => 'Mozilla/5.0 (Windows NT 6.1; WOW64; rv:52.0) Gecko/20100101 Firefox/52.0',
  'accept' => 'text/html,application/xhtml+xml,application/xml;q=0.9,*/*;q=0.8',
  'accept-language' => 'zh-CN,zh;q=0.8,en-US;q=0.5,en;q=0.3',
  'accept-encoding' => 'gzip, deflate',
  'referer' => 'http://127.0.0.1/usercenter/login/uin.html',
  'cookie' => 'PHPSESSID=29va4m6ijvqrehc8ku8vc76tp2',
  'connection' => 'keep-alive',
  'upgrade-insecure-requests' => '1',
  'content-type' => 'application/x-www-form-urlencoded',
  'content-length' => '32',
)
[ info ] [ PARAM ] array (
  'uname' => 'eisc@163.com',
  'pass' => '123456',
)
[ info ] [ SESSION ] INIT array (
  'id' => '',
  'var_session_id' => '',
  'prefix' => 'think',
  'type' => '',
  'auto_start' => true,
)
[ info ] [ RUN ] app\usercenter\controller\Login->uin[ U:\phpStudy_A\WWW\search\usercenter\controller\Login.php ]
[ info ] [ DB ] INIT mysql
[ info ] [ VIEW ] U:\phpStudy_A\WWW\thinkphp\tpl\dispatch_jump.tpl [ array (
  0 => 'userid',
  1 => 'username',
  2 => 'code',
  3 => 'msg',
  4 => 'data',
  5 => 'url',
  6 => 'wait',
) ]
[ info ] [ LOG ] INIT File

---------------------------------------------------------------
[ 2016-12-22T15:18:04+08:00 ] 127.0.0.1 127.0.0.1 GET /usercenter/index/index.html
[ log ] 127.0.0.1/usercenter/index/index.html [运行时间：0.204012s][吞吐率：4.90req/s] [内存消耗：1,262.75kb] [文件加载：33]
[ info ] [ LANG ] U:\phpStudy_A\WWW\thinkphp\lang\zh-cn.php
[ info ] [ ROUTE ] array (
  'type' => 'module',
  'module' => 
  array (
    0 => 'usercenter',
    1 => 'index',
    2 => 'index',
  ),
)
[ info ] [ HEADER ] array (
  'host' => '127.0.0.1',
  'user-agent' => 'Mozilla/5.0 (Windows NT 6.1; WOW64; rv:52.0) Gecko/20100101 Firefox/52.0',
  'accept' => 'text/html,application/xhtml+xml,application/xml;q=0.9,*/*;q=0.8',
  'accept-language' => 'zh-CN,zh;q=0.8,en-US;q=0.5,en;q=0.3',
  'accept-encoding' => 'gzip, deflate',
  'referer' => 'http://127.0.0.1/usercenter/login/uin.html',
  'cookie' => 'PHPSESSID=29va4m6ijvqrehc8ku8vc76tp2',
  'connection' => 'keep-alive',
  'upgrade-insecure-requests' => '1',
)
[ info ] [ PARAM ] array (
)
[ info ] [ SESSION ] INIT array (
  'id' => '',
  'var_session_id' => '',
  'prefix' => 'think',
  'type' => '',
  'auto_start' => true,
)
[ info ] [ RUN ] app\usercenter\controller\Index->index[ U:\phpStudy_A\WWW\search\usercenter\controller\Index.php ]
[ info ] [ VIEW ] U:\phpStudy_A\WWW/search/usercenter\view\index\index.html [ array (
  0 => 'userid',
  1 => 'username',
) ]
[ info ] [ LOG ] INIT File

---------------------------------------------------------------
[ 2016-12-22T16:13:05+08:00 ] 127.0.0.1 127.0.0.1 GET /usercenter/index/index.html
[ log ] 127.0.0.1/usercenter/index/index.html [运行时间：0.503029s][吞吐率：1.99req/s] [内存消耗：1,262.93kb] [文件加载：33]
[ info ] [ LANG ] U:\phpStudy_A\WWW\thinkphp\lang\zh-cn.php
[ info ] [ ROUTE ] array (
  'type' => 'module',
  'module' => 
  array (
    0 => 'usercenter',
    1 => 'index',
    2 => 'index',
  ),
)
[ info ] [ HEADER ] array (
  'host' => '127.0.0.1',
  'user-agent' => 'Mozilla/5.0 (Windows NT 6.1; WOW64; rv:52.0) Gecko/20100101 Firefox/52.0',
  'accept' => 'text/html,application/xhtml+xml,application/xml;q=0.9,*/*;q=0.8',
  'accept-language' => 'zh-CN,zh;q=0.8,en-US;q=0.5,en;q=0.3',
  'accept-encoding' => 'gzip, deflate',
  'referer' => 'http://127.0.0.1/usercenter/login/uin.html',
  'cookie' => 'PHPSESSID=29va4m6ijvqrehc8ku8vc76tp2',
  'connection' => 'keep-alive',
  'upgrade-insecure-requests' => '1',
  'cache-control' => 'max-age=0',
)
[ info ] [ PARAM ] array (
)
[ info ] [ SESSION ] INIT array (
  'id' => '',
  'var_session_id' => '',
  'prefix' => 'think',
  'type' => '',
  'auto_start' => true,
)
[ info ] [ RUN ] app\usercenter\controller\Index->index[ U:\phpStudy_A\WWW\search\usercenter\controller\Index.php ]
[ info ] [ VIEW ] U:\phpStudy_A\WWW/search/usercenter\view\index\index.html [ array (
  0 => 'userid',
  1 => 'username',
) ]
[ info ] [ LOG ] INIT File

---------------------------------------------------------------
[ 2016-12-22T17:59:20+08:00 ] 127.0.0.1 127.0.0.1 GET /usercenter/index/index.html
[ log ] 127.0.0.1/usercenter/index/index.html [运行时间：0.630036s][吞吐率：1.59req/s] [内存消耗：1,407.94kb] [文件加载：35]
[ info ] [ LANG ] U:\phpStudy_A\WWW\thinkphp\lang\zh-cn.php
[ info ] [ ROUTE ] array (
  'type' => 'module',
  'module' => 
  array (
    0 => 'usercenter',
    1 => 'index',
    2 => 'index',
  ),
)
[ info ] [ HEADER ] array (
  'host' => '127.0.0.1',
  'user-agent' => 'Mozilla/5.0 (Windows NT 6.1; WOW64; rv:52.0) Gecko/20100101 Firefox/52.0',
  'accept' => 'text/html,application/xhtml+xml,application/xml;q=0.9,*/*;q=0.8',
  'accept-language' => 'zh-CN,zh;q=0.8,en-US;q=0.5,en;q=0.3',
  'accept-encoding' => 'gzip, deflate',
  'referer' => 'http://127.0.0.1/usercenter/login/uin.html',
  'cookie' => 'PHPSESSID=29va4m6ijvqrehc8ku8vc76tp2',
  'connection' => 'keep-alive',
  'upgrade-insecure-requests' => '1',
  'cache-control' => 'max-age=0',
)
[ info ] [ PARAM ] array (
)
[ info ] [ SESSION ] INIT array (
  'id' => '',
  'var_session_id' => '',
  'prefix' => 'think',
  'type' => '',
  'auto_start' => true,
)
[ info ] [ RUN ] app\usercenter\controller\Index->index[ U:\phpStudy_A\WWW\search\usercenter\controller\Index.php ]
[ info ] [ VIEW ] U:\phpStudy_A\WWW/search/usercenter\view\index\index.html [ array (
  0 => 'userid',
  1 => 'username',
) ]
[ info ] [ LOG ] INIT File

---------------------------------------------------------------
[ 2016-12-22T23:13:49+08:00 ] 127.0.0.1 127.0.0.1 GET /usercenter/index/index.html
[ log ] 127.0.0.1/usercenter/index/index.html [运行时间：1.967112s][吞吐率：0.51req/s] [内存消耗：1,262.65kb] [文件加载：33]
[ info ] [ LANG ] U:\phpStudy_A\WWW\thinkphp\lang\zh-cn.php
[ info ] [ ROUTE ] array (
  'type' => 'module',
  'module' => 
  array (
    0 => 'usercenter',
    1 => 'index',
    2 => 'index',
  ),
)
[ info ] [ HEADER ] array (
  'host' => '127.0.0.1',
  'user-agent' => 'Mozilla/5.0 (Windows NT 6.1; WOW64; rv:52.0) Gecko/20100101 Firefox/52.0',
  'accept' => 'text/html,application/xhtml+xml,application/xml;q=0.9,*/*;q=0.8',
  'accept-language' => 'zh-CN,zh;q=0.8,en-US;q=0.5,en;q=0.3',
  'accept-encoding' => 'gzip, deflate',
  'referer' => 'http://127.0.0.1/usercenter/login/uin.html',
  'cookie' => 'PHPSESSID=29va4m6ijvqrehc8ku8vc76tp2',
  'connection' => 'keep-alive',
  'upgrade-insecure-requests' => '1',
  'cache-control' => 'max-age=0',
)
[ info ] [ PARAM ] array (
)
[ info ] [ SESSION ] INIT array (
  'id' => '',
  'var_session_id' => '',
  'prefix' => 'think',
  'type' => '',
  'auto_start' => true,
)
[ info ] [ RUN ] app\usercenter\controller\Index->index[ U:\phpStudy_A\WWW\search\usercenter\controller\Index.php ]
[ info ] [ VIEW ] U:\phpStudy_A\WWW/search/usercenter\view\index\index.html [ array (
  0 => 'userid',
  1 => 'username',
) ]
[ info ] [ LOG ] INIT File

---------------------------------------------------------------
[ 2016-12-22T23:13:58+08:00 ] 127.0.0.1 127.0.0.1 GET /index.php
[ log ] 127.0.0.1/index.php [运行时间：0.837048s][吞吐率：1.19req/s] [内存消耗：1,285.25kb] [文件加载：33]
[ info ] [ LANG ] U:\phpStudy_A\WWW\thinkphp\lang\zh-cn.php
[ info ] [ ROUTE ] array (
  'type' => 'module',
  'module' => 
  array (
    0 => '',
    1 => NULL,
    2 => NULL,
  ),
)
[ info ] [ HEADER ] array (
  'host' => '127.0.0.1',
  'accept-encoding' => 'compress,gzip',
  'connection' => 'Close',
)
[ info ] [ PARAM ] array (
)
[ info ] [ SESSION ] INIT array (
  'id' => '',
  'var_session_id' => '',
  'prefix' => 'think',
  'type' => '',
  'auto_start' => true,
)
[ info ] [ RUN ] app\index\controller\Index->index[ U:\phpStudy_A\WWW\search\index\controller\Index.php ]
[ info ] [ VIEW ] U:\phpStudy_A\WWW/search/index\view\index\index.html [ array (
  0 => 'userid',
  1 => 'username',
) ]
[ info ] [ LOG ] INIT File

---------------------------------------------------------------
