[ 2016-12-24T16:28:58+08:00 ] 127.0.0.1 127.0.0.1 GET /
[ log ] 127.0.0.1/ [运行时间：0.989056s][吞吐率：1.01req/s] [内存消耗：1,285.51kb] [文件加载：33]
[ info ] [ LANG ] U:\phpStudy_A\WWW\thinkphp\lang\zh-cn.php
[ info ] [ ROUTE ] array (
  'type' => 'module',
  'module' => 
  array (
    0 => '',
    1 => NULL,
    2 => NULL,
  ),
)
[ info ] [ HEADER ] array (
  'host' => '127.0.0.1',
  'user-agent' => 'Mozilla/5.0 (Windows NT 6.1; WOW64; rv:52.0) Gecko/20100101 Firefox/52.0',
  'accept' => 'text/html,application/xhtml+xml,application/xml;q=0.9,*/*;q=0.8',
  'accept-language' => 'zh-CN,zh;q=0.8,en-US;q=0.5,en;q=0.3',
  'accept-encoding' => 'gzip, deflate',
  'connection' => 'keep-alive',
  'upgrade-insecure-requests' => '1',
)
[ info ] [ PARAM ] array (
)
[ info ] [ SESSION ] INIT array (
  'id' => '',
  'var_session_id' => '',
  'prefix' => 'think',
  'type' => '',
  'auto_start' => true,
)
[ info ] [ RUN ] app\index\controller\Index->index[ U:\phpStudy_A\WWW\search\index\controller\Index.php ]
[ info ] [ VIEW ] U:\phpStudy_A\WWW/search/index\view\index\index.html [ array (
  0 => 'userid',
  1 => 'username',
) ]
[ info ] [ LOG ] INIT File

---------------------------------------------------------------
[ 2016-12-24T16:28:59+08:00 ] 127.0.0.1 127.0.0.1 GET /favicon.ico
[ log ] 127.0.0.1/favicon.ico [运行时间：0.354020s][吞吐率：2.82req/s] [内存消耗：966.59kb] [文件加载：27]
[ info ] [ LANG ] U:\phpStudy_A\WWW\thinkphp\lang\zh-cn.php
[ info ] [ ROUTE ] array (
  'type' => 'module',
  'module' => 
  array (
    0 => 'favicon.ico',
    1 => NULL,
    2 => NULL,
  ),
)
[ info ] [ HEADER ] array (
  'host' => '127.0.0.1',
  'user-agent' => 'Mozilla/5.0 (Windows NT 6.1; WOW64; rv:52.0) Gecko/20100101 Firefox/52.0',
  'accept' => 'text/html,application/xhtml+xml,application/xml;q=0.9,*/*;q=0.8',
  'accept-language' => 'zh-CN,zh;q=0.8,en-US;q=0.5,en;q=0.3',
  'accept-encoding' => 'gzip, deflate',
  'cookie' => 'PHPSESSID=rs7m6pth0pull4vir8njak6d84',
  'connection' => 'keep-alive',
)
[ info ] [ PARAM ] array (
)
[ info ] [ LOG ] INIT File

---------------------------------------------------------------
[ 2016-12-24T16:29:01+08:00 ] 127.0.0.1 127.0.0.1 GET /index/index/counts.html
[ log ] 127.0.0.1/index/index/counts.html [运行时间：2.199126s][吞吐率：0.45req/s] [内存消耗：2,568.43kb] [文件加载：42]
[ info ] [ LANG ] U:\phpStudy_A\WWW\thinkphp\lang\zh-cn.php
[ info ] [ ROUTE ] array (
  'type' => 'module',
  'module' => 
  array (
    0 => 'index',
    1 => 'index',
    2 => 'counts',
  ),
)
[ info ] [ HEADER ] array (
  'host' => '127.0.0.1',
  'user-agent' => 'Mozilla/5.0 (Windows NT 6.1; WOW64; rv:52.0) Gecko/20100101 Firefox/52.0',
  'accept' => '*/*',
  'accept-language' => 'zh-CN,zh;q=0.8,en-US;q=0.5,en;q=0.3',
  'accept-encoding' => 'gzip, deflate',
  'referer' => 'http://127.0.0.1/',
  'x-requested-with' => 'XMLHttpRequest',
  'cookie' => 'PHPSESSID=rs7m6pth0pull4vir8njak6d84',
  'connection' => 'keep-alive',
)
[ info ] [ PARAM ] array (
)
[ info ] [ SESSION ] INIT array (
  'id' => '',
  'var_session_id' => '',
  'prefix' => 'think',
  'type' => '',
  'auto_start' => true,
)
[ info ] [ RUN ] app\index\controller\Index->counts[ U:\phpStudy_A\WWW\search\index\controller\Index.php ]
[ info ] [ CACHE ] INIT File
[ info ] [ DB ] INIT mysql
[ info ] [ DB ] INIT mysql
[ info ] [ DB ] INIT mysql
[ info ] [ DB ] INIT mysql
[ info ] [ DB ] INIT mysql
[ info ] [ DB ] INIT mysql
[ info ] [ DB ] INIT mysql
[ info ] [ DB ] INIT mysql
[ info ] [ DB ] INIT mysql
[ info ] [ DB ] INIT mysql
[ info ] [ DB ] INIT mysql
[ info ] [ DB ] INIT mysql
[ info ] [ DB ] INIT mysql
[ info ] [ DB ] INIT mysql
[ info ] [ DB ] INIT mysql
[ info ] [ DB ] INIT mysql
[ info ] [ DB ] INIT mysql
[ info ] [ DB ] INIT mysql
[ info ] [ DB ] INIT mysql
[ info ] [ DB ] INIT mysql
[ info ] [ DB ] INIT mysql
[ info ] [ DB ] INIT mysql
[ info ] [ LOG ] INIT File
[ sql ] [ DB ] CONNECT:[ UseTime:0.179010s ] mysql:dbname=eisc_data;host=127.0.0.1;charset=utf8
[ sql ] [ SQL ] SHOW COLUMNS FROM `s_class` [ RunTime:0.280016s ]
[ sql ] [ SQL ] SELECT `tname` FROM `s_class` [ RunTime:0.013001s ]
[ sql ] [ DB ] CONNECT:[ UseTime:0.001000s ] mysql:dbname=eisc_data;host=127.0.0.1;charset=utf8
[ sql ] [ SQL ] SHOW COLUMNS FROM `s_data_1012` [ RunTime:0.066003s ]
[ sql ] [ SQL ] SELECT COUNT(*) AS tp_count FROM `s_data_1012` LIMIT 1 [ RunTime:0.074004s ]
[ sql ] [ DB ] CONNECT:[ UseTime:0.004000s ] mysql:dbname=eisc_data;host=127.0.0.1;charset=utf8
[ sql ] [ SQL ] SHOW COLUMNS FROM `s_data_1013` [ RunTime:0.103006s ]
[ sql ] [ SQL ] SELECT COUNT(*) AS tp_count FROM `s_data_1013` LIMIT 1 [ RunTime:0.000000s ]
[ sql ] [ DB ] CONNECT:[ UseTime:0.003000s ] mysql:dbname=eisc_data;host=127.0.0.1;charset=utf8
[ sql ] [ SQL ] SHOW COLUMNS FROM `s_data_1014` [ RunTime:0.039003s ]
[ sql ] [ SQL ] SELECT COUNT(*) AS tp_count FROM `s_data_1014` LIMIT 1 [ RunTime:0.000000s ]
[ sql ] [ DB ] CONNECT:[ UseTime:0.000000s ] mysql:dbname=eisc_data;host=127.0.0.1;charset=utf8
[ sql ] [ SQL ] SHOW COLUMNS FROM `s_data_1015` [ RunTime:0.056003s ]
[ sql ] [ SQL ] SELECT COUNT(*) AS tp_count FROM `s_data_1015` LIMIT 1 [ RunTime:0.002000s ]
[ sql ] [ DB ] CONNECT:[ UseTime:0.002000s ] mysql:dbname=eisc_data;host=127.0.0.1;charset=utf8
[ sql ] [ SQL ] SHOW COLUMNS FROM `s_data_1016` [ RunTime:0.088005s ]
[ sql ] [ SQL ] SELECT COUNT(*) AS tp_count FROM `s_data_1016` LIMIT 1 [ RunTime:0.001000s ]
[ sql ] [ DB ] CONNECT:[ UseTime:0.002000s ] mysql:dbname=eisc_data;host=127.0.0.1;charset=utf8
[ sql ] [ SQL ] SHOW COLUMNS FROM `s_data_1001` [ RunTime:0.077004s ]
[ sql ] [ SQL ] SELECT COUNT(*) AS tp_count FROM `s_data_1001` LIMIT 1 [ RunTime:0.000000s ]
[ sql ] [ DB ] CONNECT:[ UseTime:0.002000s ] mysql:dbname=eisc_data;host=127.0.0.1;charset=utf8
[ sql ] [ SQL ] SHOW COLUMNS FROM `s_data_1002` [ RunTime:0.021002s ]
[ sql ] [ SQL ] SELECT COUNT(*) AS tp_count FROM `s_data_1002` LIMIT 1 [ RunTime:0.003000s ]
[ sql ] [ DB ] CONNECT:[ UseTime:0.010000s ] mysql:dbname=eisc_data;host=127.0.0.1;charset=utf8
[ sql ] [ SQL ] SHOW COLUMNS FROM `s_data_1003` [ RunTime:0.083005s ]
[ sql ] [ SQL ] SELECT COUNT(*) AS tp_count FROM `s_data_1003` LIMIT 1 [ RunTime:0.001000s ]
[ sql ] [ DB ] CONNECT:[ UseTime:0.010001s ] mysql:dbname=eisc_data;host=127.0.0.1;charset=utf8
[ sql ] [ SQL ] SHOW COLUMNS FROM `s_data_1004` [ RunTime:0.033002s ]
[ sql ] [ SQL ] SELECT COUNT(*) AS tp_count FROM `s_data_1004` LIMIT 1 [ RunTime:0.001000s ]
[ sql ] [ DB ] CONNECT:[ UseTime:0.003000s ] mysql:dbname=eisc_data;host=127.0.0.1;charset=utf8
[ sql ] [ SQL ] SHOW COLUMNS FROM `s_data_1005` [ RunTime:0.093005s ]
[ sql ] [ SQL ] SELECT COUNT(*) AS tp_count FROM `s_data_1005` LIMIT 1 [ RunTime:0.000000s ]
[ sql ] [ DB ] CONNECT:[ UseTime:0.010001s ] mysql:dbname=eisc_data;host=127.0.0.1;charset=utf8
[ sql ] [ SQL ] SHOW COLUMNS FROM `s_data_1006` [ RunTime:0.032002s ]
[ sql ] [ SQL ] SELECT COUNT(*) AS tp_count FROM `s_data_1006` LIMIT 1 [ RunTime:0.000000s ]
[ sql ] [ DB ] CONNECT:[ UseTime:0.010001s ] mysql:dbname=eisc_data;host=127.0.0.1;charset=utf8
[ sql ] [ SQL ] SHOW COLUMNS FROM `s_data_1007` [ RunTime:0.074004s ]
[ sql ] [ SQL ] SELECT COUNT(*) AS tp_count FROM `s_data_1007` LIMIT 1 [ RunTime:0.001000s ]
[ sql ] [ DB ] CONNECT:[ UseTime:0.001000s ] mysql:dbname=eisc_data;host=127.0.0.1;charset=utf8
[ sql ] [ SQL ] SHOW COLUMNS FROM `s_data_1008` [ RunTime:0.016001s ]
[ sql ] [ SQL ] SELECT COUNT(*) AS tp_count FROM `s_data_1008` LIMIT 1 [ RunTime:0.001000s ]
[ sql ] [ DB ] CONNECT:[ UseTime:0.002000s ] mysql:dbname=eisc_data;host=127.0.0.1;charset=utf8
[ sql ] [ SQL ] SHOW COLUMNS FROM `s_data_1009` [ RunTime:0.043003s ]
[ sql ] [ SQL ] SELECT COUNT(*) AS tp_count FROM `s_data_1009` LIMIT 1 [ RunTime:0.001000s ]
[ sql ] [ DB ] CONNECT:[ UseTime:0.011000s ] mysql:dbname=eisc_data;host=127.0.0.1;charset=utf8
[ sql ] [ SQL ] SHOW COLUMNS FROM `s_data_1010` [ RunTime:0.035002s ]
[ sql ] [ SQL ] SELECT COUNT(*) AS tp_count FROM `s_data_1010` LIMIT 1 [ RunTime:0.001001s ]
[ sql ] [ DB ] CONNECT:[ UseTime:0.001000s ] mysql:dbname=eisc_data;host=127.0.0.1;charset=utf8
[ sql ] [ SQL ] SHOW COLUMNS FROM `s_data_1011` [ RunTime:0.015000s ]
[ sql ] [ SQL ] SELECT COUNT(*) AS tp_count FROM `s_data_1011` LIMIT 1 [ RunTime:0.001000s ]
[ sql ] [ DB ] CONNECT:[ UseTime:0.011000s ] mysql:dbname=eisc_data;host=127.0.0.1;charset=utf8
[ sql ] [ SQL ] SHOW COLUMNS FROM `s_data_1017` [ RunTime:0.041003s ]
[ sql ] [ SQL ] SELECT COUNT(*) AS tp_count FROM `s_data_1017` LIMIT 1 [ RunTime:0.001000s ]
[ sql ] [ DB ] CONNECT:[ UseTime:0.001000s ] mysql:dbname=eisc_data;host=127.0.0.1;charset=utf8
[ sql ] [ SQL ] SHOW COLUMNS FROM `s_data_1018` [ RunTime:0.031002s ]
[ sql ] [ SQL ] SELECT COUNT(*) AS tp_count FROM `s_data_1018` LIMIT 1 [ RunTime:0.001000s ]
[ sql ] [ DB ] CONNECT:[ UseTime:0.010000s ] mysql:dbname=eisc_data;host=127.0.0.1;charset=utf8
[ sql ] [ SQL ] SHOW COLUMNS FROM `s_data_1019` [ RunTime:0.061004s ]
[ sql ] [ SQL ] SELECT COUNT(*) AS tp_count FROM `s_data_1019` LIMIT 1 [ RunTime:0.000000s ]
[ sql ] [ DB ] CONNECT:[ UseTime:0.001000s ] mysql:dbname=eisc_data;host=127.0.0.1;charset=utf8
[ sql ] [ SQL ] SHOW COLUMNS FROM `s_data_1020` [ RunTime:0.027001s ]
[ sql ] [ SQL ] SELECT COUNT(*) AS tp_count FROM `s_data_1020` LIMIT 1 [ RunTime:0.000000s ]
[ sql ] [ DB ] CONNECT:[ UseTime:0.001000s ] mysql:dbname=eisc_data;host=127.0.0.1;charset=utf8
[ sql ] [ SQL ] SHOW COLUMNS FROM `s_data_1021` [ RunTime:0.021001s ]
[ sql ] [ SQL ] SELECT COUNT(*) AS tp_count FROM `s_data_1021` LIMIT 1 [ RunTime:0.001000s ]

---------------------------------------------------------------
[ 2016-12-24T16:32:02+08:00 ] 127.0.0.1 127.0.0.1 GET /usercenter/login/uin.html
[ log ] 127.0.0.1/usercenter/login/uin.html [运行时间：2.877164s][吞吐率：0.35req/s] [内存消耗：1,279.62kb] [文件加载：33]
[ info ] [ LANG ] U:\phpStudy_A\WWW\thinkphp\lang\zh-cn.php
[ info ] [ ROUTE ] array (
  'type' => 'module',
  'module' => 
  array (
    0 => 'usercenter',
    1 => 'login',
    2 => 'uin',
  ),
)
[ info ] [ HEADER ] array (
  'host' => '127.0.0.1',
  'user-agent' => 'Mozilla/5.0 (Windows NT 6.1; WOW64; rv:52.0) Gecko/20100101 Firefox/52.0',
  'accept' => 'text/html,application/xhtml+xml,application/xml;q=0.9,*/*;q=0.8',
  'accept-language' => 'zh-CN,zh;q=0.8,en-US;q=0.5,en;q=0.3',
  'accept-encoding' => 'gzip, deflate',
  'referer' => 'http://127.0.0.1/',
  'cookie' => 'PHPSESSID=rs7m6pth0pull4vir8njak6d84',
  'connection' => 'keep-alive',
  'upgrade-insecure-requests' => '1',
)
[ info ] [ PARAM ] array (
)
[ info ] [ SESSION ] INIT array (
  'id' => '',
  'var_session_id' => '',
  'prefix' => 'think',
  'type' => '',
  'auto_start' => true,
)
[ info ] [ RUN ] app\usercenter\controller\Login->uin[ U:\phpStudy_A\WWW\search\usercenter\controller\Login.php ]
[ info ] [ VIEW ] U:\phpStudy_A\WWW/search/usercenter\view\login\uin.html [ array (
  0 => 'userid',
  1 => 'username',
) ]
[ info ] [ LOG ] INIT File

---------------------------------------------------------------
[ 2016-12-24T16:32:08+08:00 ] 127.0.0.1 127.0.0.1 POST /usercenter/login/uin.html
[ log ] 127.0.0.1/usercenter/login/uin.html [运行时间：0.235013s][吞吐率：4.26req/s] [内存消耗：1,886.66kb] [文件加载：40]
[ info ] [ LANG ] U:\phpStudy_A\WWW\thinkphp\lang\zh-cn.php
[ info ] [ ROUTE ] array (
  'type' => 'module',
  'module' => 
  array (
    0 => 'usercenter',
    1 => 'login',
    2 => 'uin',
  ),
)
[ info ] [ HEADER ] array (
  'host' => '127.0.0.1',
  'user-agent' => 'Mozilla/5.0 (Windows NT 6.1; WOW64; rv:52.0) Gecko/20100101 Firefox/52.0',
  'accept' => 'text/html,application/xhtml+xml,application/xml;q=0.9,*/*;q=0.8',
  'accept-language' => 'zh-CN,zh;q=0.8,en-US;q=0.5,en;q=0.3',
  'accept-encoding' => 'gzip, deflate',
  'referer' => 'http://127.0.0.1/usercenter/login/uin.html',
  'cookie' => 'PHPSESSID=rs7m6pth0pull4vir8njak6d84',
  'connection' => 'keep-alive',
  'upgrade-insecure-requests' => '1',
  'content-type' => 'application/x-www-form-urlencoded',
  'content-length' => '32',
)
[ info ] [ PARAM ] array (
  'uname' => 'eisc@163.com',
  'pass' => '123456',
)
[ info ] [ SESSION ] INIT array (
  'id' => '',
  'var_session_id' => '',
  'prefix' => 'think',
  'type' => '',
  'auto_start' => true,
)
[ info ] [ RUN ] app\usercenter\controller\Login->uin[ U:\phpStudy_A\WWW\search\usercenter\controller\Login.php ]
[ info ] [ DB ] INIT mysql
[ info ] [ VIEW ] U:\phpStudy_A\WWW\thinkphp\tpl\dispatch_jump.tpl [ array (
  0 => 'userid',
  1 => 'username',
  2 => 'code',
  3 => 'msg',
  4 => 'data',
  5 => 'url',
  6 => 'wait',
) ]
[ info ] [ LOG ] INIT File

---------------------------------------------------------------
[ 2016-12-24T16:32:11+08:00 ] 127.0.0.1 127.0.0.1 GET /usercenter/index/index.html
[ log ] 127.0.0.1/usercenter/index/index.html [运行时间：0.294016s][吞吐率：3.40req/s] [内存消耗：1,912.90kb] [文件加载：42]
[ info ] [ LANG ] U:\phpStudy_A\WWW\thinkphp\lang\zh-cn.php
[ info ] [ ROUTE ] array (
  'type' => 'module',
  'module' => 
  array (
    0 => 'usercenter',
    1 => 'index',
    2 => 'index',
  ),
)
[ info ] [ HEADER ] array (
  'host' => '127.0.0.1',
  'user-agent' => 'Mozilla/5.0 (Windows NT 6.1; WOW64; rv:52.0) Gecko/20100101 Firefox/52.0',
  'accept' => 'text/html,application/xhtml+xml,application/xml;q=0.9,*/*;q=0.8',
  'accept-language' => 'zh-CN,zh;q=0.8,en-US;q=0.5,en;q=0.3',
  'accept-encoding' => 'gzip, deflate',
  'referer' => 'http://127.0.0.1/usercenter/login/uin.html',
  'cookie' => 'PHPSESSID=rs7m6pth0pull4vir8njak6d84',
  'connection' => 'keep-alive',
  'upgrade-insecure-requests' => '1',
)
[ info ] [ PARAM ] array (
)
[ info ] [ SESSION ] INIT array (
  'id' => '',
  'var_session_id' => '',
  'prefix' => 'think',
  'type' => '',
  'auto_start' => true,
)
[ info ] [ RUN ] app\usercenter\controller\Index->index[ U:\phpStudy_A\WWW\search\usercenter\controller\Index.php ]
[ info ] [ DB ] INIT mysql
[ info ] [ VIEW ] U:\phpStudy_A\WWW/search/usercenter\view\index\index.html [ array (
  0 => 'userid',
  1 => 'username',
  2 => 'daydown',
) ]
[ info ] [ LOG ] INIT File
[ error ] [8]未定义变量: monthdown[U:\phpStudy_A\WWW\runtime\temp\3a008796e7c9d43528beb2f6714b911f.php:114]
[ error ] [8]未定义变量: yeardown[U:\phpStudy_A\WWW\runtime\temp\3a008796e7c9d43528beb2f6714b911f.php:115]

---------------------------------------------------------------
