[ 2017-03-02T08:48:16+08:00 ] 127.0.0.1 127.0.0.1 GET /usercenter/index/special_param.html?id=52
[ log ] 127.0.0.1/usercenter/index/special_param.html?id=52 [运行时间：1.136065s][吞吐率：0.88req/s] [内存消耗：1,291.54kb] [文件加载：34]
[ info ] [ LANG ] U:\phpStudy_A\WWW\thinkphp\lang\zh-cn.php
[ info ] [ ROUTE ] array (
  'type' => 'module',
  'module' => 
  array (
    0 => 'usercenter',
    1 => 'index',
    2 => 'special_param',
  ),
)
[ info ] [ HEADER ] array (
  'host' => '127.0.0.1',
  'user-agent' => 'Mozilla/5.0 (Windows NT 6.1; Win64; x64; rv:50.0) Gecko/20100101 Firefox/50.0',
  'accept' => 'text/html,application/xhtml+xml,application/xml;q=0.9,*/*;q=0.8',
  'accept-language' => 'zh-CN,zh;q=0.8,en-US;q=0.5,en;q=0.3',
  'accept-encoding' => 'gzip, deflate',
  'cookie' => 'guid=96992031.1978014992176864300.1483664317325.7798; CNZZDATA1256403958=35434443-1483662036-%7C1485049513; ECS[visit_times]=3',
  'connection' => 'keep-alive',
  'upgrade-insecure-requests' => '1',
)
[ info ] [ PARAM ] array (
  'id' => '52',
)
[ info ] [ SESSION ] INIT array (
  'id' => '',
  'var_session_id' => '',
  'prefix' => 'think',
  'type' => '',
  'auto_start' => true,
)
[ info ] [ LOG ] INIT File

---------------------------------------------------------------
[ 2017-03-02T08:48:16+08:00 ] 127.0.0.1 127.0.0.1 GET /usercenter/login/uin.html
[ log ] 127.0.0.1/usercenter/login/uin.html [运行时间：0.187010s][吞吐率：5.35req/s] [内存消耗：1,284.96kb] [文件加载：33]
[ info ] [ LANG ] U:\phpStudy_A\WWW\thinkphp\lang\zh-cn.php
[ info ] [ ROUTE ] array (
  'type' => 'module',
  'module' => 
  array (
    0 => 'usercenter',
    1 => 'login',
    2 => 'uin',
  ),
)
[ info ] [ HEADER ] array (
  'host' => '127.0.0.1',
  'user-agent' => 'Mozilla/5.0 (Windows NT 6.1; Win64; x64; rv:50.0) Gecko/20100101 Firefox/50.0',
  'accept' => 'text/html,application/xhtml+xml,application/xml;q=0.9,*/*;q=0.8',
  'accept-language' => 'zh-CN,zh;q=0.8,en-US;q=0.5,en;q=0.3',
  'accept-encoding' => 'gzip, deflate',
  'cookie' => 'guid=96992031.1978014992176864300.1483664317325.7798; CNZZDATA1256403958=35434443-1483662036-%7C1485049513; ECS[visit_times]=3; PHPSESSID=e525vbda6uvcigvvi8col70vr3',
  'connection' => 'keep-alive',
  'upgrade-insecure-requests' => '1',
)
[ info ] [ PARAM ] array (
)
[ info ] [ SESSION ] INIT array (
  'id' => '',
  'var_session_id' => '',
  'prefix' => 'think',
  'type' => '',
  'auto_start' => true,
)
[ info ] [ RUN ] app\usercenter\controller\Login->uin[ U:\phpStudy_A\WWW\search\usercenter\controller\Login.php ]
[ info ] [ VIEW ] U:\phpStudy_A\WWW/search/usercenter\view\login\uin.html [ array (
  0 => 'userid',
  1 => 'username',
) ]
[ info ] [ LOG ] INIT File

---------------------------------------------------------------
[ 2017-03-02T08:48:17+08:00 ] 127.0.0.1 127.0.0.1 GET /favicon.ico
[ log ] 127.0.0.1/favicon.ico [运行时间：0.102006s][吞吐率：9.80req/s] [内存消耗：965.51kb] [文件加载：27]
[ info ] [ LANG ] U:\phpStudy_A\WWW\thinkphp\lang\zh-cn.php
[ info ] [ ROUTE ] array (
  'type' => 'module',
  'module' => 
  array (
    0 => 'favicon.ico',
    1 => NULL,
    2 => NULL,
  ),
)
[ info ] [ HEADER ] array (
  'host' => '127.0.0.1',
  'user-agent' => 'Mozilla/5.0 (Windows NT 6.1; Win64; x64; rv:50.0) Gecko/20100101 Firefox/50.0',
  'accept' => 'text/html,application/xhtml+xml,application/xml;q=0.9,*/*;q=0.8',
  'accept-language' => 'zh-CN,zh;q=0.8,en-US;q=0.5,en;q=0.3',
  'accept-encoding' => 'gzip, deflate',
  'cookie' => 'guid=96992031.1978014992176864300.1483664317325.7798; CNZZDATA1256403958=35434443-1483662036-%7C1485049513; ECS[visit_times]=3; PHPSESSID=e525vbda6uvcigvvi8col70vr3',
  'connection' => 'keep-alive',
)
[ info ] [ PARAM ] array (
)
[ info ] [ LOG ] INIT File

---------------------------------------------------------------
[ 2017-03-02T08:48:37+08:00 ] 127.0.0.1 127.0.0.1 GET /
[ log ] 127.0.0.1/ [运行时间：0.186010s][吞吐率：5.38req/s] [内存消耗：1,286.16kb] [文件加载：33]
[ info ] [ LANG ] U:\phpStudy_A\WWW\thinkphp\lang\zh-cn.php
[ info ] [ ROUTE ] array (
  'type' => 'module',
  'module' => 
  array (
    0 => '',
    1 => NULL,
    2 => NULL,
  ),
)
[ info ] [ HEADER ] array (
  'host' => '127.0.0.1',
  'user-agent' => 'Mozilla/5.0 (Windows NT 6.1; Win64; x64; rv:50.0) Gecko/20100101 Firefox/50.0',
  'accept' => 'text/html,application/xhtml+xml,application/xml;q=0.9,*/*;q=0.8',
  'accept-language' => 'zh-CN,zh;q=0.8,en-US;q=0.5,en;q=0.3',
  'accept-encoding' => 'gzip, deflate',
  'connection' => 'keep-alive',
  'upgrade-insecure-requests' => '1',
  'pragma' => 'no-cache',
  'cache-control' => 'no-cache',
)
[ info ] [ PARAM ] array (
)
[ info ] [ SESSION ] INIT array (
  'id' => '',
  'var_session_id' => '',
  'prefix' => 'think',
  'type' => '',
  'auto_start' => true,
)
[ info ] [ RUN ] app\index\controller\Index->index[ U:\phpStudy_A\WWW\search\index\controller\Index.php ]
[ info ] [ VIEW ] U:\phpStudy_A\WWW/search/index\view\index\index.html [ array (
  0 => 'userid',
  1 => 'username',
) ]
[ info ] [ LOG ] INIT File

---------------------------------------------------------------
[ 2017-03-02T08:48:39+08:00 ] 127.0.0.1 127.0.0.1 GET /index/index/counts.html
[ log ] 127.0.0.1/index/index/counts.html [运行时间：0.998057s][吞吐率：1.00req/s] [内存消耗：2,136.56kb] [文件加载：43]
[ info ] [ LANG ] U:\phpStudy_A\WWW\thinkphp\lang\zh-cn.php
[ info ] [ ROUTE ] array (
  'type' => 'module',
  'module' => 
  array (
    0 => 'index',
    1 => 'index',
    2 => 'counts',
  ),
)
[ info ] [ HEADER ] array (
  'host' => '127.0.0.1',
  'user-agent' => 'Mozilla/5.0 (Windows NT 6.1; Win64; x64; rv:50.0) Gecko/20100101 Firefox/50.0',
  'accept' => '*/*',
  'accept-language' => 'zh-CN,zh;q=0.8,en-US;q=0.5,en;q=0.3',
  'accept-encoding' => 'gzip, deflate',
  'referer' => 'http://127.0.0.1/',
  'x-requested-with' => 'XMLHttpRequest',
  'connection' => 'keep-alive',
  'pragma' => 'no-cache',
  'cache-control' => 'no-cache',
)
[ info ] [ PARAM ] array (
)
[ info ] [ SESSION ] INIT array (
  'id' => '',
  'var_session_id' => '',
  'prefix' => 'think',
  'type' => '',
  'auto_start' => true,
)
[ info ] [ RUN ] app\index\controller\Index->counts[ U:\phpStudy_A\WWW\search\index\controller\Index.php ]
[ info ] [ CACHE ] INIT File
[ info ] [ DB ] INIT mysql
[ info ] [ DB ] INIT mysql
[ info ] [ DB ] INIT mysql
[ info ] [ DB ] INIT mysql
[ info ] [ DB ] INIT mysql
[ info ] [ DB ] INIT mysql
[ info ] [ DB ] INIT mysql
[ info ] [ LOG ] INIT File
[ sql ] [ DB ] CONNECT:[ UseTime:0.002000s ] mysql:dbname=eisc_data;host=127.0.0.1;charset=utf8
[ sql ] [ SQL ] SHOW COLUMNS FROM `s_class` [ RunTime:0.253015s ]
[ sql ] [ SQL ] SELECT `tname` FROM `s_class` [ RunTime:0.007000s ]
[ sql ] [ DB ] CONNECT:[ UseTime:0.001000s ] mysql:dbname=eisc_data;host=127.0.0.1;charset=utf8
[ sql ] [ SQL ] SHOW COLUMNS FROM `s_data_1012` [ RunTime:0.055003s ]
[ sql ] [ SQL ] SELECT COUNT(*) AS tp_count FROM `s_data_1012` LIMIT 1 [ RunTime:0.029002s ]
[ sql ] [ DB ] CONNECT:[ UseTime:0.001000s ] mysql:dbname=eisc_data;host=127.0.0.1;charset=utf8
[ sql ] [ SQL ] SHOW COLUMNS FROM `s_data_1013` [ RunTime:0.067004s ]
[ sql ] [ SQL ] SELECT COUNT(*) AS tp_count FROM `s_data_1013` LIMIT 1 [ RunTime:0.000000s ]
[ sql ] [ DB ] CONNECT:[ UseTime:0.010001s ] mysql:dbname=eisc_data;host=127.0.0.1;charset=utf8
[ sql ] [ SQL ] SHOW COLUMNS FROM `s_data_1014` [ RunTime:0.034002s ]
[ sql ] [ SQL ] SELECT COUNT(*) AS tp_count FROM `s_data_1014` LIMIT 1 [ RunTime:0.000000s ]
[ sql ] [ DB ] CONNECT:[ UseTime:0.010000s ] mysql:dbname=eisc_data;host=127.0.0.1;charset=utf8
[ sql ] [ SQL ] SHOW COLUMNS FROM `s_data_1015` [ RunTime:0.056003s ]
[ sql ] [ SQL ] SELECT COUNT(*) AS tp_count FROM `s_data_1015` LIMIT 1 [ RunTime:0.000000s ]
[ sql ] [ DB ] CONNECT:[ UseTime:0.001000s ] mysql:dbname=eisc_data;host=127.0.0.1;charset=utf8
[ sql ] [ SQL ] SHOW COLUMNS FROM `s_data_1016` [ RunTime:0.047002s ]
[ sql ] [ SQL ] SELECT COUNT(*) AS tp_count FROM `s_data_1016` LIMIT 1 [ RunTime:0.001000s ]
[ sql ] [ DB ] CONNECT:[ UseTime:0.010001s ] mysql:dbname=eisc_data;host=127.0.0.1;charset=utf8
[ error ] [HY000]SQLSTATE[HY000]: General error: 29 File '.\eisc_data\s_data_1001.MYD' not found (Errcode: 13)[U:\phpStudy_A\WWW\thinkphp\library\think\db\connector\Mysql.php:60]

---------------------------------------------------------------
[ 2017-03-02T14:41:57+08:00 ] 127.0.0.1 127.0.0.1 GET /p?C1=1&C2=17198971&C5=01
[ log ] b.scorecardresearch.com/p?C1=1&C2=17198971&C5=01 [运行时间：0.454026s][吞吐率：2.20req/s] [内存消耗：965.90kb] [文件加载：27]
[ info ] [ LANG ] U:\phpStudy_A\WWW\thinkphp\lang\zh-cn.php
[ info ] [ ROUTE ] array (
  'type' => 'module',
  'module' => 
  array (
    0 => 'p',
    1 => NULL,
    2 => NULL,
  ),
)
[ info ] [ HEADER ] array (
  'host' => 'b.scorecardresearch.com',
  'user-agent' => 'Mozilla/5.0 (Windows NT 6.1; Win64; x64; rv:50.0) Gecko/20100101 Firefox/50.0',
  'accept' => '*/*',
  'accept-language' => 'zh-CN,zh;q=0.8,en-US;q=0.5,en;q=0.3',
  'accept-encoding' => 'gzip, deflate',
  'referer' => 'http://world.huanqiu.com/exclusive/2017-03/10229973.html',
  'cookie' => 'UID=17923a4aa24014a12b8497g1479876299; UIDR=1479876299',
  'connection' => 'keep-alive',
)
[ info ] [ PARAM ] array (
  'C1' => '1',
  'C2' => '17198971',
  'C5' => '01',
)
[ info ] [ LOG ] INIT File

---------------------------------------------------------------
